[2023-09-23T15:09:26.532+0000] {processor.py:157} INFO - Started process (PID=48569) to work on /workspaces/hands-on-introduction-data-engineering-4395021/airflow/dags/two_task_dag.py
[2023-09-23T15:09:26.533+0000] {processor.py:829} INFO - Processing file /workspaces/hands-on-introduction-data-engineering-4395021/airflow/dags/two_task_dag.py for tasks to queue
[2023-09-23T15:09:26.533+0000] {logging_mixin.py:151} INFO - [2023-09-23T15:09:26.533+0000] {dagbag.py:539} INFO - Filling up the DagBag from /workspaces/hands-on-introduction-data-engineering-4395021/airflow/dags/two_task_dag.py
[2023-09-23T15:09:26.540+0000] {processor.py:839} INFO - DAG(s) dict_keys(['two_task_dag']) retrieved from /workspaces/hands-on-introduction-data-engineering-4395021/airflow/dags/two_task_dag.py
[2023-09-23T15:09:26.681+0000] {logging_mixin.py:151} INFO - [2023-09-23T15:09:26.680+0000] {manager.py:499} INFO - Created Permission View: %s
[2023-09-23T15:09:26.717+0000] {logging_mixin.py:151} INFO - [2023-09-23T15:09:26.717+0000] {manager.py:499} INFO - Created Permission View: %s
[2023-09-23T15:09:26.753+0000] {logging_mixin.py:151} INFO - [2023-09-23T15:09:26.753+0000] {manager.py:499} INFO - Created Permission View: %s
[2023-09-23T15:09:26.753+0000] {logging_mixin.py:151} INFO - [2023-09-23T15:09:26.753+0000] {security.py:708} INFO - Not syncing DAG-level permissions for DAG 'DAG:two_task_dag' as access control is unset.
[2023-09-23T15:09:26.753+0000] {logging_mixin.py:151} INFO - [2023-09-23T15:09:26.753+0000] {dag.py:2915} INFO - Sync 1 DAGs
[2023-09-23T15:09:26.761+0000] {logging_mixin.py:151} INFO - [2023-09-23T15:09:26.761+0000] {dag.py:2937} INFO - Creating ORM DAG for two_task_dag
[2023-09-23T15:09:26.761+0000] {logging_mixin.py:151} INFO - [2023-09-23T15:09:26.761+0000] {dag.py:3696} INFO - Setting next_dagrun for two_task_dag to None, run_after=None
[2023-09-23T15:09:26.803+0000] {processor.py:179} INFO - Processing /workspaces/hands-on-introduction-data-engineering-4395021/airflow/dags/two_task_dag.py took 0.272 seconds
[2023-09-23T15:09:57.371+0000] {processor.py:157} INFO - Started process (PID=48856) to work on /workspaces/hands-on-introduction-data-engineering-4395021/airflow/dags/two_task_dag.py
[2023-09-23T15:09:57.371+0000] {processor.py:829} INFO - Processing file /workspaces/hands-on-introduction-data-engineering-4395021/airflow/dags/two_task_dag.py for tasks to queue
[2023-09-23T15:09:57.372+0000] {logging_mixin.py:151} INFO - [2023-09-23T15:09:57.372+0000] {dagbag.py:539} INFO - Filling up the DagBag from /workspaces/hands-on-introduction-data-engineering-4395021/airflow/dags/two_task_dag.py
[2023-09-23T15:09:57.378+0000] {processor.py:839} INFO - DAG(s) dict_keys(['two_task_dag']) retrieved from /workspaces/hands-on-introduction-data-engineering-4395021/airflow/dags/two_task_dag.py
[2023-09-23T15:09:57.391+0000] {logging_mixin.py:151} INFO - [2023-09-23T15:09:57.391+0000] {dag.py:2915} INFO - Sync 1 DAGs
[2023-09-23T15:09:57.399+0000] {logging_mixin.py:151} INFO - [2023-09-23T15:09:57.399+0000] {dag.py:3696} INFO - Setting next_dagrun for two_task_dag to None, run_after=None
[2023-09-23T15:09:57.447+0000] {processor.py:179} INFO - Processing /workspaces/hands-on-introduction-data-engineering-4395021/airflow/dags/two_task_dag.py took 0.078 seconds
[2023-09-23T15:10:28.475+0000] {processor.py:157} INFO - Started process (PID=49186) to work on /workspaces/hands-on-introduction-data-engineering-4395021/airflow/dags/two_task_dag.py
[2023-09-23T15:10:28.475+0000] {processor.py:829} INFO - Processing file /workspaces/hands-on-introduction-data-engineering-4395021/airflow/dags/two_task_dag.py for tasks to queue
[2023-09-23T15:10:28.476+0000] {logging_mixin.py:151} INFO - [2023-09-23T15:10:28.476+0000] {dagbag.py:539} INFO - Filling up the DagBag from /workspaces/hands-on-introduction-data-engineering-4395021/airflow/dags/two_task_dag.py
[2023-09-23T15:10:28.482+0000] {processor.py:839} INFO - DAG(s) dict_keys(['two_task_dag']) retrieved from /workspaces/hands-on-introduction-data-engineering-4395021/airflow/dags/two_task_dag.py
[2023-09-23T15:10:28.495+0000] {logging_mixin.py:151} INFO - [2023-09-23T15:10:28.495+0000] {dag.py:2915} INFO - Sync 1 DAGs
[2023-09-23T15:10:28.503+0000] {logging_mixin.py:151} INFO - [2023-09-23T15:10:28.503+0000] {dag.py:3696} INFO - Setting next_dagrun for two_task_dag to None, run_after=None
[2023-09-23T15:10:28.549+0000] {processor.py:179} INFO - Processing /workspaces/hands-on-introduction-data-engineering-4395021/airflow/dags/two_task_dag.py took 0.075 seconds
[2023-09-23T15:10:59.590+0000] {processor.py:157} INFO - Started process (PID=49491) to work on /workspaces/hands-on-introduction-data-engineering-4395021/airflow/dags/two_task_dag.py
[2023-09-23T15:10:59.590+0000] {processor.py:829} INFO - Processing file /workspaces/hands-on-introduction-data-engineering-4395021/airflow/dags/two_task_dag.py for tasks to queue
[2023-09-23T15:10:59.591+0000] {logging_mixin.py:151} INFO - [2023-09-23T15:10:59.591+0000] {dagbag.py:539} INFO - Filling up the DagBag from /workspaces/hands-on-introduction-data-engineering-4395021/airflow/dags/two_task_dag.py
[2023-09-23T15:10:59.597+0000] {processor.py:839} INFO - DAG(s) dict_keys(['two_task_dag']) retrieved from /workspaces/hands-on-introduction-data-engineering-4395021/airflow/dags/two_task_dag.py
[2023-09-23T15:10:59.611+0000] {logging_mixin.py:151} INFO - [2023-09-23T15:10:59.610+0000] {dag.py:2915} INFO - Sync 1 DAGs
[2023-09-23T15:10:59.618+0000] {logging_mixin.py:151} INFO - [2023-09-23T15:10:59.618+0000] {dag.py:3696} INFO - Setting next_dagrun for two_task_dag to None, run_after=None
[2023-09-23T15:10:59.662+0000] {processor.py:179} INFO - Processing /workspaces/hands-on-introduction-data-engineering-4395021/airflow/dags/two_task_dag.py took 0.074 seconds
[2023-09-23T15:11:30.163+0000] {processor.py:157} INFO - Started process (PID=49880) to work on /workspaces/hands-on-introduction-data-engineering-4395021/airflow/dags/two_task_dag.py
[2023-09-23T15:11:30.163+0000] {processor.py:829} INFO - Processing file /workspaces/hands-on-introduction-data-engineering-4395021/airflow/dags/two_task_dag.py for tasks to queue
[2023-09-23T15:11:30.164+0000] {logging_mixin.py:151} INFO - [2023-09-23T15:11:30.164+0000] {dagbag.py:539} INFO - Filling up the DagBag from /workspaces/hands-on-introduction-data-engineering-4395021/airflow/dags/two_task_dag.py
[2023-09-23T15:11:30.169+0000] {processor.py:839} INFO - DAG(s) dict_keys(['two_task_dag']) retrieved from /workspaces/hands-on-introduction-data-engineering-4395021/airflow/dags/two_task_dag.py
[2023-09-23T15:11:30.183+0000] {logging_mixin.py:151} INFO - [2023-09-23T15:11:30.183+0000] {dag.py:2915} INFO - Sync 1 DAGs
[2023-09-23T15:11:30.191+0000] {logging_mixin.py:151} INFO - [2023-09-23T15:11:30.191+0000] {dag.py:3696} INFO - Setting next_dagrun for two_task_dag to None, run_after=None
[2023-09-23T15:11:30.232+0000] {processor.py:179} INFO - Processing /workspaces/hands-on-introduction-data-engineering-4395021/airflow/dags/two_task_dag.py took 0.072 seconds
[2023-09-23T15:12:00.728+0000] {processor.py:157} INFO - Started process (PID=50087) to work on /workspaces/hands-on-introduction-data-engineering-4395021/airflow/dags/two_task_dag.py
[2023-09-23T15:12:00.729+0000] {processor.py:829} INFO - Processing file /workspaces/hands-on-introduction-data-engineering-4395021/airflow/dags/two_task_dag.py for tasks to queue
[2023-09-23T15:12:00.730+0000] {logging_mixin.py:151} INFO - [2023-09-23T15:12:00.729+0000] {dagbag.py:539} INFO - Filling up the DagBag from /workspaces/hands-on-introduction-data-engineering-4395021/airflow/dags/two_task_dag.py
[2023-09-23T15:12:00.738+0000] {processor.py:839} INFO - DAG(s) dict_keys(['two_task_dag']) retrieved from /workspaces/hands-on-introduction-data-engineering-4395021/airflow/dags/two_task_dag.py
[2023-09-23T15:12:00.784+0000] {logging_mixin.py:151} INFO - [2023-09-23T15:12:00.784+0000] {dag.py:2915} INFO - Sync 1 DAGs
[2023-09-23T15:12:00.803+0000] {logging_mixin.py:151} INFO - [2023-09-23T15:12:00.803+0000] {dag.py:3696} INFO - Setting next_dagrun for two_task_dag to None, run_after=None
[2023-09-23T15:12:00.855+0000] {processor.py:179} INFO - Processing /workspaces/hands-on-introduction-data-engineering-4395021/airflow/dags/two_task_dag.py took 0.137 seconds
[2023-09-23T15:12:32.657+0000] {processor.py:157} INFO - Started process (PID=50382) to work on /workspaces/hands-on-introduction-data-engineering-4395021/airflow/dags/two_task_dag.py
[2023-09-23T15:12:32.658+0000] {processor.py:829} INFO - Processing file /workspaces/hands-on-introduction-data-engineering-4395021/airflow/dags/two_task_dag.py for tasks to queue
[2023-09-23T15:12:32.659+0000] {logging_mixin.py:151} INFO - [2023-09-23T15:12:32.659+0000] {dagbag.py:539} INFO - Filling up the DagBag from /workspaces/hands-on-introduction-data-engineering-4395021/airflow/dags/two_task_dag.py
[2023-09-23T15:12:32.667+0000] {processor.py:839} INFO - DAG(s) dict_keys(['two_task_dag']) retrieved from /workspaces/hands-on-introduction-data-engineering-4395021/airflow/dags/two_task_dag.py
[2023-09-23T15:12:32.695+0000] {logging_mixin.py:151} INFO - [2023-09-23T15:12:32.695+0000] {dag.py:2915} INFO - Sync 1 DAGs
[2023-09-23T15:12:32.714+0000] {logging_mixin.py:151} INFO - [2023-09-23T15:12:32.714+0000] {dag.py:3696} INFO - Setting next_dagrun for two_task_dag to None, run_after=None
[2023-09-23T15:12:32.765+0000] {processor.py:179} INFO - Processing /workspaces/hands-on-introduction-data-engineering-4395021/airflow/dags/two_task_dag.py took 0.112 seconds
[2023-09-23T15:13:03.254+0000] {processor.py:157} INFO - Started process (PID=50607) to work on /workspaces/hands-on-introduction-data-engineering-4395021/airflow/dags/two_task_dag.py
[2023-09-23T15:13:03.255+0000] {processor.py:829} INFO - Processing file /workspaces/hands-on-introduction-data-engineering-4395021/airflow/dags/two_task_dag.py for tasks to queue
[2023-09-23T15:13:03.255+0000] {logging_mixin.py:151} INFO - [2023-09-23T15:13:03.255+0000] {dagbag.py:539} INFO - Filling up the DagBag from /workspaces/hands-on-introduction-data-engineering-4395021/airflow/dags/two_task_dag.py
[2023-09-23T15:13:03.261+0000] {processor.py:839} INFO - DAG(s) dict_keys(['two_task_dag']) retrieved from /workspaces/hands-on-introduction-data-engineering-4395021/airflow/dags/two_task_dag.py
[2023-09-23T15:13:03.275+0000] {logging_mixin.py:151} INFO - [2023-09-23T15:13:03.275+0000] {dag.py:2915} INFO - Sync 1 DAGs
[2023-09-23T15:13:03.284+0000] {logging_mixin.py:151} INFO - [2023-09-23T15:13:03.283+0000] {dag.py:3696} INFO - Setting next_dagrun for two_task_dag to None, run_after=None
[2023-09-23T15:13:03.327+0000] {processor.py:179} INFO - Processing /workspaces/hands-on-introduction-data-engineering-4395021/airflow/dags/two_task_dag.py took 0.074 seconds
[2023-09-23T15:13:33.529+0000] {processor.py:157} INFO - Started process (PID=50940) to work on /workspaces/hands-on-introduction-data-engineering-4395021/airflow/dags/two_task_dag.py
[2023-09-23T15:13:33.529+0000] {processor.py:829} INFO - Processing file /workspaces/hands-on-introduction-data-engineering-4395021/airflow/dags/two_task_dag.py for tasks to queue
[2023-09-23T15:13:33.530+0000] {logging_mixin.py:151} INFO - [2023-09-23T15:13:33.530+0000] {dagbag.py:539} INFO - Filling up the DagBag from /workspaces/hands-on-introduction-data-engineering-4395021/airflow/dags/two_task_dag.py
[2023-09-23T15:13:33.536+0000] {processor.py:839} INFO - DAG(s) dict_keys(['two_task_dag']) retrieved from /workspaces/hands-on-introduction-data-engineering-4395021/airflow/dags/two_task_dag.py
[2023-09-23T15:13:33.549+0000] {logging_mixin.py:151} INFO - [2023-09-23T15:13:33.549+0000] {dag.py:2915} INFO - Sync 1 DAGs
[2023-09-23T15:13:33.557+0000] {logging_mixin.py:151} INFO - [2023-09-23T15:13:33.557+0000] {dag.py:3696} INFO - Setting next_dagrun for two_task_dag to None, run_after=None
[2023-09-23T15:13:33.604+0000] {processor.py:179} INFO - Processing /workspaces/hands-on-introduction-data-engineering-4395021/airflow/dags/two_task_dag.py took 0.077 seconds
[2023-09-23T15:14:04.272+0000] {processor.py:157} INFO - Started process (PID=51121) to work on /workspaces/hands-on-introduction-data-engineering-4395021/airflow/dags/two_task_dag.py
[2023-09-23T15:14:04.272+0000] {processor.py:829} INFO - Processing file /workspaces/hands-on-introduction-data-engineering-4395021/airflow/dags/two_task_dag.py for tasks to queue
[2023-09-23T15:14:04.273+0000] {logging_mixin.py:151} INFO - [2023-09-23T15:14:04.273+0000] {dagbag.py:539} INFO - Filling up the DagBag from /workspaces/hands-on-introduction-data-engineering-4395021/airflow/dags/two_task_dag.py
[2023-09-23T15:14:04.278+0000] {processor.py:839} INFO - DAG(s) dict_keys(['two_task_dag']) retrieved from /workspaces/hands-on-introduction-data-engineering-4395021/airflow/dags/two_task_dag.py
[2023-09-23T15:14:04.292+0000] {logging_mixin.py:151} INFO - [2023-09-23T15:14:04.292+0000] {dag.py:2915} INFO - Sync 1 DAGs
[2023-09-23T15:14:04.300+0000] {logging_mixin.py:151} INFO - [2023-09-23T15:14:04.300+0000] {dag.py:3696} INFO - Setting next_dagrun for two_task_dag to None, run_after=None
[2023-09-23T15:14:04.346+0000] {processor.py:179} INFO - Processing /workspaces/hands-on-introduction-data-engineering-4395021/airflow/dags/two_task_dag.py took 0.076 seconds
[2023-09-23T15:14:34.819+0000] {processor.py:157} INFO - Started process (PID=51476) to work on /workspaces/hands-on-introduction-data-engineering-4395021/airflow/dags/two_task_dag.py
[2023-09-23T15:14:34.819+0000] {processor.py:829} INFO - Processing file /workspaces/hands-on-introduction-data-engineering-4395021/airflow/dags/two_task_dag.py for tasks to queue
[2023-09-23T15:14:34.820+0000] {logging_mixin.py:151} INFO - [2023-09-23T15:14:34.819+0000] {dagbag.py:539} INFO - Filling up the DagBag from /workspaces/hands-on-introduction-data-engineering-4395021/airflow/dags/two_task_dag.py
[2023-09-23T15:14:34.825+0000] {processor.py:839} INFO - DAG(s) dict_keys(['two_task_dag']) retrieved from /workspaces/hands-on-introduction-data-engineering-4395021/airflow/dags/two_task_dag.py
[2023-09-23T15:14:34.839+0000] {logging_mixin.py:151} INFO - [2023-09-23T15:14:34.839+0000] {dag.py:2915} INFO - Sync 1 DAGs
[2023-09-23T15:14:34.848+0000] {logging_mixin.py:151} INFO - [2023-09-23T15:14:34.848+0000] {dag.py:3696} INFO - Setting next_dagrun for two_task_dag to None, run_after=None
[2023-09-23T15:14:34.900+0000] {processor.py:179} INFO - Processing /workspaces/hands-on-introduction-data-engineering-4395021/airflow/dags/two_task_dag.py took 0.083 seconds
[2023-09-23T15:15:05.199+0000] {processor.py:157} INFO - Started process (PID=51837) to work on /workspaces/hands-on-introduction-data-engineering-4395021/airflow/dags/two_task_dag.py
[2023-09-23T15:15:05.199+0000] {processor.py:829} INFO - Processing file /workspaces/hands-on-introduction-data-engineering-4395021/airflow/dags/two_task_dag.py for tasks to queue
[2023-09-23T15:15:05.200+0000] {logging_mixin.py:151} INFO - [2023-09-23T15:15:05.199+0000] {dagbag.py:539} INFO - Filling up the DagBag from /workspaces/hands-on-introduction-data-engineering-4395021/airflow/dags/two_task_dag.py
[2023-09-23T15:15:05.205+0000] {processor.py:839} INFO - DAG(s) dict_keys(['two_task_dag']) retrieved from /workspaces/hands-on-introduction-data-engineering-4395021/airflow/dags/two_task_dag.py
[2023-09-23T15:15:05.219+0000] {logging_mixin.py:151} INFO - [2023-09-23T15:15:05.219+0000] {dag.py:2915} INFO - Sync 1 DAGs
[2023-09-23T15:15:05.227+0000] {logging_mixin.py:151} INFO - [2023-09-23T15:15:05.227+0000] {dag.py:3696} INFO - Setting next_dagrun for two_task_dag to None, run_after=None
[2023-09-23T15:15:05.273+0000] {processor.py:179} INFO - Processing /workspaces/hands-on-introduction-data-engineering-4395021/airflow/dags/two_task_dag.py took 0.076 seconds
[2023-09-23T15:15:35.364+0000] {processor.py:157} INFO - Started process (PID=52032) to work on /workspaces/hands-on-introduction-data-engineering-4395021/airflow/dags/two_task_dag.py
[2023-09-23T15:15:35.364+0000] {processor.py:829} INFO - Processing file /workspaces/hands-on-introduction-data-engineering-4395021/airflow/dags/two_task_dag.py for tasks to queue
[2023-09-23T15:15:35.365+0000] {logging_mixin.py:151} INFO - [2023-09-23T15:15:35.365+0000] {dagbag.py:539} INFO - Filling up the DagBag from /workspaces/hands-on-introduction-data-engineering-4395021/airflow/dags/two_task_dag.py
[2023-09-23T15:15:35.370+0000] {processor.py:839} INFO - DAG(s) dict_keys(['two_task_dag']) retrieved from /workspaces/hands-on-introduction-data-engineering-4395021/airflow/dags/two_task_dag.py
[2023-09-23T15:15:35.385+0000] {logging_mixin.py:151} INFO - [2023-09-23T15:15:35.385+0000] {dag.py:2915} INFO - Sync 1 DAGs
[2023-09-23T15:15:35.393+0000] {logging_mixin.py:151} INFO - [2023-09-23T15:15:35.392+0000] {dag.py:3696} INFO - Setting next_dagrun for two_task_dag to None, run_after=None
[2023-09-23T15:15:35.435+0000] {processor.py:179} INFO - Processing /workspaces/hands-on-introduction-data-engineering-4395021/airflow/dags/two_task_dag.py took 0.074 seconds
[2023-09-23T15:16:05.521+0000] {processor.py:157} INFO - Started process (PID=52267) to work on /workspaces/hands-on-introduction-data-engineering-4395021/airflow/dags/two_task_dag.py
[2023-09-23T15:16:05.521+0000] {processor.py:829} INFO - Processing file /workspaces/hands-on-introduction-data-engineering-4395021/airflow/dags/two_task_dag.py for tasks to queue
[2023-09-23T15:16:05.522+0000] {logging_mixin.py:151} INFO - [2023-09-23T15:16:05.522+0000] {dagbag.py:539} INFO - Filling up the DagBag from /workspaces/hands-on-introduction-data-engineering-4395021/airflow/dags/two_task_dag.py
[2023-09-23T15:16:05.528+0000] {processor.py:839} INFO - DAG(s) dict_keys(['two_task_dag']) retrieved from /workspaces/hands-on-introduction-data-engineering-4395021/airflow/dags/two_task_dag.py
[2023-09-23T15:16:05.542+0000] {logging_mixin.py:151} INFO - [2023-09-23T15:16:05.542+0000] {dag.py:2915} INFO - Sync 1 DAGs
[2023-09-23T15:16:05.549+0000] {logging_mixin.py:151} INFO - [2023-09-23T15:16:05.549+0000] {dag.py:3696} INFO - Setting next_dagrun for two_task_dag to None, run_after=None
[2023-09-23T15:16:05.594+0000] {processor.py:179} INFO - Processing /workspaces/hands-on-introduction-data-engineering-4395021/airflow/dags/two_task_dag.py took 0.075 seconds
[2023-09-23T15:16:35.682+0000] {processor.py:157} INFO - Started process (PID=52591) to work on /workspaces/hands-on-introduction-data-engineering-4395021/airflow/dags/two_task_dag.py
[2023-09-23T15:16:35.682+0000] {processor.py:829} INFO - Processing file /workspaces/hands-on-introduction-data-engineering-4395021/airflow/dags/two_task_dag.py for tasks to queue
[2023-09-23T15:16:35.683+0000] {logging_mixin.py:151} INFO - [2023-09-23T15:16:35.683+0000] {dagbag.py:539} INFO - Filling up the DagBag from /workspaces/hands-on-introduction-data-engineering-4395021/airflow/dags/two_task_dag.py
[2023-09-23T15:16:35.689+0000] {processor.py:839} INFO - DAG(s) dict_keys(['two_task_dag']) retrieved from /workspaces/hands-on-introduction-data-engineering-4395021/airflow/dags/two_task_dag.py
[2023-09-23T15:16:35.703+0000] {logging_mixin.py:151} INFO - [2023-09-23T15:16:35.703+0000] {dag.py:2915} INFO - Sync 1 DAGs
[2023-09-23T15:16:35.710+0000] {logging_mixin.py:151} INFO - [2023-09-23T15:16:35.710+0000] {dag.py:3696} INFO - Setting next_dagrun for two_task_dag to None, run_after=None
[2023-09-23T15:16:35.753+0000] {processor.py:179} INFO - Processing /workspaces/hands-on-introduction-data-engineering-4395021/airflow/dags/two_task_dag.py took 0.073 seconds
[2023-09-23T15:17:05.909+0000] {processor.py:157} INFO - Started process (PID=52922) to work on /workspaces/hands-on-introduction-data-engineering-4395021/airflow/dags/two_task_dag.py
[2023-09-23T15:17:05.909+0000] {processor.py:829} INFO - Processing file /workspaces/hands-on-introduction-data-engineering-4395021/airflow/dags/two_task_dag.py for tasks to queue
[2023-09-23T15:17:05.910+0000] {logging_mixin.py:151} INFO - [2023-09-23T15:17:05.909+0000] {dagbag.py:539} INFO - Filling up the DagBag from /workspaces/hands-on-introduction-data-engineering-4395021/airflow/dags/two_task_dag.py
[2023-09-23T15:17:05.915+0000] {processor.py:839} INFO - DAG(s) dict_keys(['two_task_dag']) retrieved from /workspaces/hands-on-introduction-data-engineering-4395021/airflow/dags/two_task_dag.py
[2023-09-23T15:17:05.929+0000] {logging_mixin.py:151} INFO - [2023-09-23T15:17:05.929+0000] {dag.py:2915} INFO - Sync 1 DAGs
[2023-09-23T15:17:05.937+0000] {logging_mixin.py:151} INFO - [2023-09-23T15:17:05.936+0000] {dag.py:3696} INFO - Setting next_dagrun for two_task_dag to None, run_after=None
[2023-09-23T15:17:05.982+0000] {processor.py:179} INFO - Processing /workspaces/hands-on-introduction-data-engineering-4395021/airflow/dags/two_task_dag.py took 0.075 seconds
[2023-09-23T15:17:36.063+0000] {processor.py:157} INFO - Started process (PID=53288) to work on /workspaces/hands-on-introduction-data-engineering-4395021/airflow/dags/two_task_dag.py
[2023-09-23T15:17:36.064+0000] {processor.py:829} INFO - Processing file /workspaces/hands-on-introduction-data-engineering-4395021/airflow/dags/two_task_dag.py for tasks to queue
[2023-09-23T15:17:36.064+0000] {logging_mixin.py:151} INFO - [2023-09-23T15:17:36.064+0000] {dagbag.py:539} INFO - Filling up the DagBag from /workspaces/hands-on-introduction-data-engineering-4395021/airflow/dags/two_task_dag.py
[2023-09-23T15:17:36.070+0000] {processor.py:839} INFO - DAG(s) dict_keys(['two_task_dag']) retrieved from /workspaces/hands-on-introduction-data-engineering-4395021/airflow/dags/two_task_dag.py
[2023-09-23T15:17:36.083+0000] {logging_mixin.py:151} INFO - [2023-09-23T15:17:36.083+0000] {dag.py:2915} INFO - Sync 1 DAGs
[2023-09-23T15:17:36.091+0000] {logging_mixin.py:151} INFO - [2023-09-23T15:17:36.091+0000] {dag.py:3696} INFO - Setting next_dagrun for two_task_dag to None, run_after=None
[2023-09-23T15:17:36.144+0000] {processor.py:179} INFO - Processing /workspaces/hands-on-introduction-data-engineering-4395021/airflow/dags/two_task_dag.py took 0.082 seconds
[2023-09-23T15:18:06.221+0000] {processor.py:157} INFO - Started process (PID=53702) to work on /workspaces/hands-on-introduction-data-engineering-4395021/airflow/dags/two_task_dag.py
[2023-09-23T15:18:06.222+0000] {processor.py:829} INFO - Processing file /workspaces/hands-on-introduction-data-engineering-4395021/airflow/dags/two_task_dag.py for tasks to queue
[2023-09-23T15:18:06.222+0000] {logging_mixin.py:151} INFO - [2023-09-23T15:18:06.222+0000] {dagbag.py:539} INFO - Filling up the DagBag from /workspaces/hands-on-introduction-data-engineering-4395021/airflow/dags/two_task_dag.py
[2023-09-23T15:18:06.228+0000] {processor.py:839} INFO - DAG(s) dict_keys(['two_task_dag']) retrieved from /workspaces/hands-on-introduction-data-engineering-4395021/airflow/dags/two_task_dag.py
[2023-09-23T15:18:06.242+0000] {logging_mixin.py:151} INFO - [2023-09-23T15:18:06.242+0000] {dag.py:2915} INFO - Sync 1 DAGs
[2023-09-23T15:18:06.249+0000] {logging_mixin.py:151} INFO - [2023-09-23T15:18:06.249+0000] {dag.py:3696} INFO - Setting next_dagrun for two_task_dag to None, run_after=None
[2023-09-23T15:18:06.294+0000] {processor.py:179} INFO - Processing /workspaces/hands-on-introduction-data-engineering-4395021/airflow/dags/two_task_dag.py took 0.075 seconds
[2023-09-23T15:18:36.375+0000] {processor.py:157} INFO - Started process (PID=53915) to work on /workspaces/hands-on-introduction-data-engineering-4395021/airflow/dags/two_task_dag.py
[2023-09-23T15:18:36.376+0000] {processor.py:829} INFO - Processing file /workspaces/hands-on-introduction-data-engineering-4395021/airflow/dags/two_task_dag.py for tasks to queue
[2023-09-23T15:18:36.376+0000] {logging_mixin.py:151} INFO - [2023-09-23T15:18:36.376+0000] {dagbag.py:539} INFO - Filling up the DagBag from /workspaces/hands-on-introduction-data-engineering-4395021/airflow/dags/two_task_dag.py
[2023-09-23T15:18:36.382+0000] {processor.py:839} INFO - DAG(s) dict_keys(['two_task_dag']) retrieved from /workspaces/hands-on-introduction-data-engineering-4395021/airflow/dags/two_task_dag.py
[2023-09-23T15:18:36.395+0000] {logging_mixin.py:151} INFO - [2023-09-23T15:18:36.395+0000] {dag.py:2915} INFO - Sync 1 DAGs
[2023-09-23T15:18:36.403+0000] {logging_mixin.py:151} INFO - [2023-09-23T15:18:36.403+0000] {dag.py:3696} INFO - Setting next_dagrun for two_task_dag to None, run_after=None
[2023-09-23T15:18:36.450+0000] {processor.py:179} INFO - Processing /workspaces/hands-on-introduction-data-engineering-4395021/airflow/dags/two_task_dag.py took 0.077 seconds
[2023-09-23T15:19:06.531+0000] {processor.py:157} INFO - Started process (PID=54157) to work on /workspaces/hands-on-introduction-data-engineering-4395021/airflow/dags/two_task_dag.py
[2023-09-23T15:19:06.532+0000] {processor.py:829} INFO - Processing file /workspaces/hands-on-introduction-data-engineering-4395021/airflow/dags/two_task_dag.py for tasks to queue
[2023-09-23T15:19:06.532+0000] {logging_mixin.py:151} INFO - [2023-09-23T15:19:06.532+0000] {dagbag.py:539} INFO - Filling up the DagBag from /workspaces/hands-on-introduction-data-engineering-4395021/airflow/dags/two_task_dag.py
[2023-09-23T15:19:06.538+0000] {processor.py:839} INFO - DAG(s) dict_keys(['two_task_dag']) retrieved from /workspaces/hands-on-introduction-data-engineering-4395021/airflow/dags/two_task_dag.py
[2023-09-23T15:19:06.554+0000] {logging_mixin.py:151} INFO - [2023-09-23T15:19:06.554+0000] {dag.py:2915} INFO - Sync 1 DAGs
[2023-09-23T15:19:06.561+0000] {logging_mixin.py:151} INFO - [2023-09-23T15:19:06.561+0000] {dag.py:3696} INFO - Setting next_dagrun for two_task_dag to None, run_after=None
[2023-09-23T15:19:06.610+0000] {processor.py:179} INFO - Processing /workspaces/hands-on-introduction-data-engineering-4395021/airflow/dags/two_task_dag.py took 0.080 seconds
[2023-09-23T15:19:36.691+0000] {processor.py:157} INFO - Started process (PID=54482) to work on /workspaces/hands-on-introduction-data-engineering-4395021/airflow/dags/two_task_dag.py
[2023-09-23T15:19:36.691+0000] {processor.py:829} INFO - Processing file /workspaces/hands-on-introduction-data-engineering-4395021/airflow/dags/two_task_dag.py for tasks to queue
[2023-09-23T15:19:36.692+0000] {logging_mixin.py:151} INFO - [2023-09-23T15:19:36.691+0000] {dagbag.py:539} INFO - Filling up the DagBag from /workspaces/hands-on-introduction-data-engineering-4395021/airflow/dags/two_task_dag.py
[2023-09-23T15:19:36.697+0000] {processor.py:839} INFO - DAG(s) dict_keys(['two_task_dag']) retrieved from /workspaces/hands-on-introduction-data-engineering-4395021/airflow/dags/two_task_dag.py
[2023-09-23T15:19:36.711+0000] {logging_mixin.py:151} INFO - [2023-09-23T15:19:36.711+0000] {dag.py:2915} INFO - Sync 1 DAGs
[2023-09-23T15:19:36.719+0000] {logging_mixin.py:151} INFO - [2023-09-23T15:19:36.719+0000] {dag.py:3696} INFO - Setting next_dagrun for two_task_dag to None, run_after=None
[2023-09-23T15:19:36.765+0000] {processor.py:179} INFO - Processing /workspaces/hands-on-introduction-data-engineering-4395021/airflow/dags/two_task_dag.py took 0.076 seconds
[2023-09-23T15:20:06.847+0000] {processor.py:157} INFO - Started process (PID=54665) to work on /workspaces/hands-on-introduction-data-engineering-4395021/airflow/dags/two_task_dag.py
[2023-09-23T15:20:06.847+0000] {processor.py:829} INFO - Processing file /workspaces/hands-on-introduction-data-engineering-4395021/airflow/dags/two_task_dag.py for tasks to queue
[2023-09-23T15:20:06.848+0000] {logging_mixin.py:151} INFO - [2023-09-23T15:20:06.848+0000] {dagbag.py:539} INFO - Filling up the DagBag from /workspaces/hands-on-introduction-data-engineering-4395021/airflow/dags/two_task_dag.py
[2023-09-23T15:20:06.854+0000] {processor.py:839} INFO - DAG(s) dict_keys(['two_task_dag']) retrieved from /workspaces/hands-on-introduction-data-engineering-4395021/airflow/dags/two_task_dag.py
[2023-09-23T15:20:06.868+0000] {logging_mixin.py:151} INFO - [2023-09-23T15:20:06.867+0000] {dag.py:2915} INFO - Sync 1 DAGs
[2023-09-23T15:20:06.875+0000] {logging_mixin.py:151} INFO - [2023-09-23T15:20:06.875+0000] {dag.py:3696} INFO - Setting next_dagrun for two_task_dag to None, run_after=None
[2023-09-23T15:20:06.929+0000] {processor.py:179} INFO - Processing /workspaces/hands-on-introduction-data-engineering-4395021/airflow/dags/two_task_dag.py took 0.084 seconds
[2023-09-23T15:20:37.038+0000] {processor.py:157} INFO - Started process (PID=55065) to work on /workspaces/hands-on-introduction-data-engineering-4395021/airflow/dags/two_task_dag.py
[2023-09-23T15:20:37.039+0000] {processor.py:829} INFO - Processing file /workspaces/hands-on-introduction-data-engineering-4395021/airflow/dags/two_task_dag.py for tasks to queue
[2023-09-23T15:20:37.040+0000] {logging_mixin.py:151} INFO - [2023-09-23T15:20:37.040+0000] {dagbag.py:539} INFO - Filling up the DagBag from /workspaces/hands-on-introduction-data-engineering-4395021/airflow/dags/two_task_dag.py
[2023-09-23T15:20:37.050+0000] {processor.py:839} INFO - DAG(s) dict_keys(['two_task_dag']) retrieved from /workspaces/hands-on-introduction-data-engineering-4395021/airflow/dags/two_task_dag.py
[2023-09-23T15:20:37.071+0000] {logging_mixin.py:151} INFO - [2023-09-23T15:20:37.071+0000] {dag.py:2915} INFO - Sync 1 DAGs
[2023-09-23T15:20:37.083+0000] {logging_mixin.py:151} INFO - [2023-09-23T15:20:37.083+0000] {dag.py:3696} INFO - Setting next_dagrun for two_task_dag to None, run_after=None
[2023-09-23T15:20:37.134+0000] {processor.py:179} INFO - Processing /workspaces/hands-on-introduction-data-engineering-4395021/airflow/dags/two_task_dag.py took 0.100 seconds
[2023-09-23T15:21:07.563+0000] {processor.py:157} INFO - Started process (PID=55290) to work on /workspaces/hands-on-introduction-data-engineering-4395021/airflow/dags/two_task_dag.py
[2023-09-23T15:21:07.564+0000] {processor.py:829} INFO - Processing file /workspaces/hands-on-introduction-data-engineering-4395021/airflow/dags/two_task_dag.py for tasks to queue
[2023-09-23T15:21:07.565+0000] {logging_mixin.py:151} INFO - [2023-09-23T15:21:07.564+0000] {dagbag.py:539} INFO - Filling up the DagBag from /workspaces/hands-on-introduction-data-engineering-4395021/airflow/dags/two_task_dag.py
[2023-09-23T15:21:07.571+0000] {processor.py:839} INFO - DAG(s) dict_keys(['two_task_dag']) retrieved from /workspaces/hands-on-introduction-data-engineering-4395021/airflow/dags/two_task_dag.py
[2023-09-23T15:21:07.585+0000] {logging_mixin.py:151} INFO - [2023-09-23T15:21:07.585+0000] {dag.py:2915} INFO - Sync 1 DAGs
[2023-09-23T15:21:07.592+0000] {logging_mixin.py:151} INFO - [2023-09-23T15:21:07.592+0000] {dag.py:3696} INFO - Setting next_dagrun for two_task_dag to None, run_after=None
[2023-09-23T15:21:07.645+0000] {processor.py:179} INFO - Processing /workspaces/hands-on-introduction-data-engineering-4395021/airflow/dags/two_task_dag.py took 0.083 seconds
[2023-09-23T15:21:38.024+0000] {processor.py:157} INFO - Started process (PID=55477) to work on /workspaces/hands-on-introduction-data-engineering-4395021/airflow/dags/two_task_dag.py
[2023-09-23T15:21:38.025+0000] {processor.py:829} INFO - Processing file /workspaces/hands-on-introduction-data-engineering-4395021/airflow/dags/two_task_dag.py for tasks to queue
[2023-09-23T15:21:38.025+0000] {logging_mixin.py:151} INFO - [2023-09-23T15:21:38.025+0000] {dagbag.py:539} INFO - Filling up the DagBag from /workspaces/hands-on-introduction-data-engineering-4395021/airflow/dags/two_task_dag.py
[2023-09-23T15:21:38.031+0000] {processor.py:839} INFO - DAG(s) dict_keys(['two_task_dag']) retrieved from /workspaces/hands-on-introduction-data-engineering-4395021/airflow/dags/two_task_dag.py
[2023-09-23T15:21:38.050+0000] {logging_mixin.py:151} INFO - [2023-09-23T15:21:38.050+0000] {dag.py:2915} INFO - Sync 1 DAGs
[2023-09-23T15:21:38.060+0000] {logging_mixin.py:151} INFO - [2023-09-23T15:21:38.060+0000] {dag.py:3696} INFO - Setting next_dagrun for two_task_dag to None, run_after=None
[2023-09-23T15:21:38.112+0000] {processor.py:179} INFO - Processing /workspaces/hands-on-introduction-data-engineering-4395021/airflow/dags/two_task_dag.py took 0.089 seconds
[2023-09-23T15:22:08.190+0000] {processor.py:157} INFO - Started process (PID=55658) to work on /workspaces/hands-on-introduction-data-engineering-4395021/airflow/dags/two_task_dag.py
[2023-09-23T15:22:08.191+0000] {processor.py:829} INFO - Processing file /workspaces/hands-on-introduction-data-engineering-4395021/airflow/dags/two_task_dag.py for tasks to queue
[2023-09-23T15:22:08.191+0000] {logging_mixin.py:151} INFO - [2023-09-23T15:22:08.191+0000] {dagbag.py:539} INFO - Filling up the DagBag from /workspaces/hands-on-introduction-data-engineering-4395021/airflow/dags/two_task_dag.py
[2023-09-23T15:22:08.197+0000] {processor.py:839} INFO - DAG(s) dict_keys(['two_task_dag']) retrieved from /workspaces/hands-on-introduction-data-engineering-4395021/airflow/dags/two_task_dag.py
[2023-09-23T15:22:08.210+0000] {logging_mixin.py:151} INFO - [2023-09-23T15:22:08.210+0000] {dag.py:2915} INFO - Sync 1 DAGs
[2023-09-23T15:22:08.218+0000] {logging_mixin.py:151} INFO - [2023-09-23T15:22:08.217+0000] {dag.py:3696} INFO - Setting next_dagrun for two_task_dag to None, run_after=None
[2023-09-23T15:22:08.264+0000] {processor.py:179} INFO - Processing /workspaces/hands-on-introduction-data-engineering-4395021/airflow/dags/two_task_dag.py took 0.075 seconds
[2023-09-23T15:22:38.347+0000] {processor.py:157} INFO - Started process (PID=55840) to work on /workspaces/hands-on-introduction-data-engineering-4395021/airflow/dags/two_task_dag.py
[2023-09-23T15:22:38.347+0000] {processor.py:829} INFO - Processing file /workspaces/hands-on-introduction-data-engineering-4395021/airflow/dags/two_task_dag.py for tasks to queue
[2023-09-23T15:22:38.348+0000] {logging_mixin.py:151} INFO - [2023-09-23T15:22:38.348+0000] {dagbag.py:539} INFO - Filling up the DagBag from /workspaces/hands-on-introduction-data-engineering-4395021/airflow/dags/two_task_dag.py
[2023-09-23T15:22:38.354+0000] {processor.py:839} INFO - DAG(s) dict_keys(['two_task_dag']) retrieved from /workspaces/hands-on-introduction-data-engineering-4395021/airflow/dags/two_task_dag.py
[2023-09-23T15:22:38.368+0000] {logging_mixin.py:151} INFO - [2023-09-23T15:22:38.368+0000] {dag.py:2915} INFO - Sync 1 DAGs
[2023-09-23T15:22:38.375+0000] {logging_mixin.py:151} INFO - [2023-09-23T15:22:38.375+0000] {dag.py:3696} INFO - Setting next_dagrun for two_task_dag to None, run_after=None
[2023-09-23T15:22:38.427+0000] {processor.py:179} INFO - Processing /workspaces/hands-on-introduction-data-engineering-4395021/airflow/dags/two_task_dag.py took 0.082 seconds
[2023-09-23T15:23:08.509+0000] {processor.py:157} INFO - Started process (PID=56084) to work on /workspaces/hands-on-introduction-data-engineering-4395021/airflow/dags/two_task_dag.py
[2023-09-23T15:23:08.510+0000] {processor.py:829} INFO - Processing file /workspaces/hands-on-introduction-data-engineering-4395021/airflow/dags/two_task_dag.py for tasks to queue
[2023-09-23T15:23:08.510+0000] {logging_mixin.py:151} INFO - [2023-09-23T15:23:08.510+0000] {dagbag.py:539} INFO - Filling up the DagBag from /workspaces/hands-on-introduction-data-engineering-4395021/airflow/dags/two_task_dag.py
[2023-09-23T15:23:08.516+0000] {processor.py:839} INFO - DAG(s) dict_keys(['two_task_dag']) retrieved from /workspaces/hands-on-introduction-data-engineering-4395021/airflow/dags/two_task_dag.py
[2023-09-23T15:23:08.531+0000] {logging_mixin.py:151} INFO - [2023-09-23T15:23:08.531+0000] {dag.py:2915} INFO - Sync 1 DAGs
[2023-09-23T15:23:08.539+0000] {logging_mixin.py:151} INFO - [2023-09-23T15:23:08.538+0000] {dag.py:3696} INFO - Setting next_dagrun for two_task_dag to None, run_after=None
[2023-09-23T15:23:08.582+0000] {processor.py:179} INFO - Processing /workspaces/hands-on-introduction-data-engineering-4395021/airflow/dags/two_task_dag.py took 0.075 seconds
[2023-09-23T15:23:38.705+0000] {processor.py:157} INFO - Started process (PID=56268) to work on /workspaces/hands-on-introduction-data-engineering-4395021/airflow/dags/two_task_dag.py
[2023-09-23T15:23:38.706+0000] {processor.py:829} INFO - Processing file /workspaces/hands-on-introduction-data-engineering-4395021/airflow/dags/two_task_dag.py for tasks to queue
[2023-09-23T15:23:38.707+0000] {logging_mixin.py:151} INFO - [2023-09-23T15:23:38.706+0000] {dagbag.py:539} INFO - Filling up the DagBag from /workspaces/hands-on-introduction-data-engineering-4395021/airflow/dags/two_task_dag.py
[2023-09-23T15:23:38.712+0000] {processor.py:839} INFO - DAG(s) dict_keys(['two_task_dag']) retrieved from /workspaces/hands-on-introduction-data-engineering-4395021/airflow/dags/two_task_dag.py
[2023-09-23T15:23:38.726+0000] {logging_mixin.py:151} INFO - [2023-09-23T15:23:38.726+0000] {dag.py:2915} INFO - Sync 1 DAGs
[2023-09-23T15:23:38.734+0000] {logging_mixin.py:151} INFO - [2023-09-23T15:23:38.734+0000] {dag.py:3696} INFO - Setting next_dagrun for two_task_dag to None, run_after=None
[2023-09-23T15:23:38.779+0000] {processor.py:179} INFO - Processing /workspaces/hands-on-introduction-data-engineering-4395021/airflow/dags/two_task_dag.py took 0.075 seconds
[2023-09-23T15:24:08.967+0000] {processor.py:157} INFO - Started process (PID=56460) to work on /workspaces/hands-on-introduction-data-engineering-4395021/airflow/dags/two_task_dag.py
[2023-09-23T15:24:08.967+0000] {processor.py:829} INFO - Processing file /workspaces/hands-on-introduction-data-engineering-4395021/airflow/dags/two_task_dag.py for tasks to queue
[2023-09-23T15:24:08.968+0000] {logging_mixin.py:151} INFO - [2023-09-23T15:24:08.968+0000] {dagbag.py:539} INFO - Filling up the DagBag from /workspaces/hands-on-introduction-data-engineering-4395021/airflow/dags/two_task_dag.py
[2023-09-23T15:24:08.973+0000] {processor.py:839} INFO - DAG(s) dict_keys(['two_task_dag']) retrieved from /workspaces/hands-on-introduction-data-engineering-4395021/airflow/dags/two_task_dag.py
[2023-09-23T15:24:08.987+0000] {logging_mixin.py:151} INFO - [2023-09-23T15:24:08.987+0000] {dag.py:2915} INFO - Sync 1 DAGs
[2023-09-23T15:24:08.994+0000] {logging_mixin.py:151} INFO - [2023-09-23T15:24:08.994+0000] {dag.py:3696} INFO - Setting next_dagrun for two_task_dag to None, run_after=None
[2023-09-23T15:24:09.048+0000] {processor.py:179} INFO - Processing /workspaces/hands-on-introduction-data-engineering-4395021/airflow/dags/two_task_dag.py took 0.083 seconds
[2023-09-23T15:24:38.520+0000] {processor.py:157} INFO - Started process (PID=56665) to work on /workspaces/hands-on-introduction-data-engineering-4395021/airflow/dags/two_task_dag.py
[2023-09-23T15:24:38.521+0000] {processor.py:829} INFO - Processing file /workspaces/hands-on-introduction-data-engineering-4395021/airflow/dags/two_task_dag.py for tasks to queue
[2023-09-23T15:24:38.521+0000] {logging_mixin.py:151} INFO - [2023-09-23T15:24:38.521+0000] {dagbag.py:539} INFO - Filling up the DagBag from /workspaces/hands-on-introduction-data-engineering-4395021/airflow/dags/two_task_dag.py
[2023-09-23T15:24:38.528+0000] {processor.py:839} INFO - DAG(s) dict_keys(['two_task_dag']) retrieved from /workspaces/hands-on-introduction-data-engineering-4395021/airflow/dags/two_task_dag.py
[2023-09-23T15:24:38.542+0000] {logging_mixin.py:151} INFO - [2023-09-23T15:24:38.542+0000] {dag.py:2915} INFO - Sync 1 DAGs
[2023-09-23T15:24:38.550+0000] {logging_mixin.py:151} INFO - [2023-09-23T15:24:38.550+0000] {dag.py:3696} INFO - Setting next_dagrun for two_task_dag to None, run_after=None
[2023-09-23T15:24:38.619+0000] {processor.py:179} INFO - Processing /workspaces/hands-on-introduction-data-engineering-4395021/airflow/dags/two_task_dag.py took 0.100 seconds
[2023-09-23T15:25:08.960+0000] {processor.py:157} INFO - Started process (PID=56941) to work on /workspaces/hands-on-introduction-data-engineering-4395021/airflow/dags/two_task_dag.py
[2023-09-23T15:25:08.961+0000] {processor.py:829} INFO - Processing file /workspaces/hands-on-introduction-data-engineering-4395021/airflow/dags/two_task_dag.py for tasks to queue
[2023-09-23T15:25:08.961+0000] {logging_mixin.py:151} INFO - [2023-09-23T15:25:08.961+0000] {dagbag.py:539} INFO - Filling up the DagBag from /workspaces/hands-on-introduction-data-engineering-4395021/airflow/dags/two_task_dag.py
[2023-09-23T15:25:08.967+0000] {processor.py:839} INFO - DAG(s) dict_keys(['two_task_dag']) retrieved from /workspaces/hands-on-introduction-data-engineering-4395021/airflow/dags/two_task_dag.py
[2023-09-23T15:25:08.982+0000] {logging_mixin.py:151} INFO - [2023-09-23T15:25:08.982+0000] {dag.py:2915} INFO - Sync 1 DAGs
[2023-09-23T15:25:08.989+0000] {logging_mixin.py:151} INFO - [2023-09-23T15:25:08.989+0000] {dag.py:3696} INFO - Setting next_dagrun for two_task_dag to None, run_after=None
[2023-09-23T15:25:09.042+0000] {processor.py:179} INFO - Processing /workspaces/hands-on-introduction-data-engineering-4395021/airflow/dags/two_task_dag.py took 0.083 seconds
