[2023-09-27T07:12:09.462+0000] {taskinstance.py:1157} INFO - Dependencies all met for dep_context=non-requeueable deps ti=<TaskInstance: ETL_dag.extract manual__2023-09-27T07:12:06.159002+00:00 [queued]>
[2023-09-27T07:12:09.466+0000] {taskinstance.py:1157} INFO - Dependencies all met for dep_context=requeueable deps ti=<TaskInstance: ETL_dag.extract manual__2023-09-27T07:12:06.159002+00:00 [queued]>
[2023-09-27T07:12:09.466+0000] {taskinstance.py:1359} INFO - Starting attempt 1 of 1
[2023-09-27T07:12:09.504+0000] {taskinstance.py:1380} INFO - Executing <Task(BashOperator): extract> on 2023-09-27 07:12:06.159002+00:00
[2023-09-27T07:12:09.506+0000] {standard_task_runner.py:57} INFO - Started process 77687 to run task
[2023-09-27T07:12:09.509+0000] {standard_task_runner.py:84} INFO - Running: ['airflow', 'tasks', 'run', 'ETL_dag', 'extract', 'manual__2023-09-27T07:12:06.159002+00:00', '--job-id', '113', '--raw', '--subdir', 'DAGS_FOLDER/basic_etl_task.py', '--cfg-path', '/tmp/tmpthif4ek4']
[2023-09-27T07:12:09.510+0000] {standard_task_runner.py:85} INFO - Job 113: Subtask extract
[2023-09-27T07:12:09.556+0000] {task_command.py:415} INFO - Running <TaskInstance: ETL_dag.extract manual__2023-09-27T07:12:06.159002+00:00 [running]> on host codespaces-4967f6
[2023-09-27T07:12:09.655+0000] {taskinstance.py:1660} INFO - Exporting env vars: AIRFLOW_CTX_DAG_OWNER='airflow' AIRFLOW_CTX_DAG_ID='ETL_dag' AIRFLOW_CTX_TASK_ID='extract' AIRFLOW_CTX_EXECUTION_DATE='2023-09-27T07:12:06.159002+00:00' AIRFLOW_CTX_TRY_NUMBER='1' AIRFLOW_CTX_DAG_RUN_ID='manual__2023-09-27T07:12:06.159002+00:00'
[2023-09-27T07:12:09.656+0000] {subprocess.py:63} INFO - Tmp dir root location: /tmp
[2023-09-27T07:12:09.657+0000] {subprocess.py:75} INFO - Running command: ['/usr/bin/bash', '-c', 'wget https://datahub.io/core/top-level-domain-names/r/top-level-domain-names.csv.csv -O /workspaces/hands-on-introduction-data-engineering-4395021/lab/end-to-end/airflow-data-extract.csv']
[2023-09-27T07:12:09.663+0000] {subprocess.py:86} INFO - Output:
[2023-09-27T07:12:09.666+0000] {subprocess.py:93} INFO - --2023-09-27 07:12:09--  https://datahub.io/core/top-level-domain-names/r/top-level-domain-names.csv.csv
[2023-09-27T07:12:09.675+0000] {subprocess.py:93} INFO - Resolving datahub.io (datahub.io)... 104.21.40.221, 172.67.157.38, 2606:4700:3030::ac43:9d26, ...
[2023-09-27T07:12:09.679+0000] {subprocess.py:93} INFO - Connecting to datahub.io (datahub.io)|104.21.40.221|:443... connected.
[2023-09-27T07:12:11.583+0000] {subprocess.py:93} INFO - HTTP request sent, awaiting response... 302 Found
[2023-09-27T07:12:11.583+0000] {subprocess.py:93} INFO - Location: https://pkgstore.datahub.io/core/top-level-domain-names/top-level-domain-names.csv_csv/data/667f4464088f3ca10522e0e2e39c8ae4/top-level-domain-names.csv_csv.csv [following]
[2023-09-27T07:12:11.583+0000] {subprocess.py:93} INFO - --2023-09-27 07:12:11--  https://pkgstore.datahub.io/core/top-level-domain-names/top-level-domain-names.csv_csv/data/667f4464088f3ca10522e0e2e39c8ae4/top-level-domain-names.csv_csv.csv
[2023-09-27T07:12:11.591+0000] {subprocess.py:93} INFO - Resolving pkgstore.datahub.io (pkgstore.datahub.io)... 104.21.40.221, 172.67.157.38, 2606:4700:3033::6815:28dd, ...
[2023-09-27T07:12:11.595+0000] {subprocess.py:93} INFO - Connecting to pkgstore.datahub.io (pkgstore.datahub.io)|104.21.40.221|:443... connected.
[2023-09-27T07:12:11.664+0000] {subprocess.py:93} INFO - HTTP request sent, awaiting response... 200 OK
[2023-09-27T07:12:11.665+0000] {subprocess.py:93} INFO - Length: unspecified [text/plain]
[2023-09-27T07:12:11.665+0000] {subprocess.py:93} INFO - Saving to: ‘/workspaces/hands-on-introduction-data-engineering-4395021/lab/end-to-end/airflow-data-extract.csv’
[2023-09-27T07:12:11.666+0000] {subprocess.py:93} INFO - 
[2023-09-27T07:12:11.666+0000] {subprocess.py:93} INFO -      0K .......... .......... .......... .......... ..         22.3M=0.002s
[2023-09-27T07:12:11.666+0000] {subprocess.py:93} INFO - 
[2023-09-27T07:12:11.666+0000] {subprocess.py:93} INFO - 2023-09-27 07:12:11 (22.3 MB/s) - ‘/workspaces/hands-on-introduction-data-engineering-4395021/lab/end-to-end/airflow-data-extract.csv’ saved [43709]
[2023-09-27T07:12:11.666+0000] {subprocess.py:93} INFO - 
[2023-09-27T07:12:11.667+0000] {subprocess.py:97} INFO - Command exited with return code 0
[2023-09-27T07:12:11.712+0000] {taskinstance.py:1398} INFO - Marking task as SUCCESS. dag_id=ETL_dag, task_id=extract, execution_date=20230927T071206, start_date=20230927T071209, end_date=20230927T071211
[2023-09-27T07:12:11.767+0000] {local_task_job_runner.py:228} INFO - Task exited with return code 0
[2023-09-27T07:12:11.781+0000] {taskinstance.py:2776} INFO - 1 downstream tasks scheduled from follow-on schedule check
