[2023-09-27T09:00:54.883+0000] {taskinstance.py:1157} INFO - Dependencies all met for dep_context=non-requeueable deps ti=<TaskInstance: Challenge_ETL_dag.extract manual__2023-09-27T09:00:52.400866+00:00 [queued]>
[2023-09-27T09:00:54.889+0000] {taskinstance.py:1157} INFO - Dependencies all met for dep_context=requeueable deps ti=<TaskInstance: Challenge_ETL_dag.extract manual__2023-09-27T09:00:52.400866+00:00 [queued]>
[2023-09-27T09:00:54.889+0000] {taskinstance.py:1359} INFO - Starting attempt 1 of 1
[2023-09-27T09:00:54.924+0000] {taskinstance.py:1380} INFO - Executing <Task(BashOperator): extract> on 2023-09-27 09:00:52.400866+00:00
[2023-09-27T09:00:54.926+0000] {standard_task_runner.py:57} INFO - Started process 27315 to run task
[2023-09-27T09:00:54.928+0000] {standard_task_runner.py:84} INFO - Running: ['airflow', 'tasks', 'run', 'Challenge_ETL_dag', 'extract', 'manual__2023-09-27T09:00:52.400866+00:00', '--job-id', '123', '--raw', '--subdir', 'DAGS_FOLDER/challenge_etl_task.py', '--cfg-path', '/tmp/tmplarjxaev']
[2023-09-27T09:00:54.929+0000] {standard_task_runner.py:85} INFO - Job 123: Subtask extract
[2023-09-27T09:00:54.972+0000] {task_command.py:415} INFO - Running <TaskInstance: Challenge_ETL_dag.extract manual__2023-09-27T09:00:52.400866+00:00 [running]> on host codespaces-4967f6
[2023-09-27T09:00:55.070+0000] {taskinstance.py:1660} INFO - Exporting env vars: AIRFLOW_CTX_DAG_OWNER='airflow' AIRFLOW_CTX_DAG_ID='Challenge_ETL_dag' AIRFLOW_CTX_TASK_ID='extract' AIRFLOW_CTX_EXECUTION_DATE='2023-09-27T09:00:52.400866+00:00' AIRFLOW_CTX_TRY_NUMBER='1' AIRFLOW_CTX_DAG_RUN_ID='manual__2023-09-27T09:00:52.400866+00:00'
[2023-09-27T09:00:55.071+0000] {subprocess.py:63} INFO - Tmp dir root location: /tmp
[2023-09-27T09:00:55.071+0000] {subprocess.py:75} INFO - Running command: ['/usr/bin/bash', '-c', 'wget https://datahub.io/core/s-and-p-500-companies/r/constituents.csv -O /workspaces/hands-on-introduction-data-engineering-4395021/lab/challenge/airflow-data-extract.csv']
[2023-09-27T09:00:55.075+0000] {subprocess.py:86} INFO - Output:
[2023-09-27T09:00:55.078+0000] {subprocess.py:93} INFO - --2023-09-27 09:00:55--  https://datahub.io/core/s-and-p-500-companies/r/constituents.csv
[2023-09-27T09:00:55.086+0000] {subprocess.py:93} INFO - Resolving datahub.io (datahub.io)... 172.67.157.38, 104.21.40.221, 2606:4700:3033::6815:28dd, ...
[2023-09-27T09:00:55.089+0000] {subprocess.py:93} INFO - Connecting to datahub.io (datahub.io)|172.67.157.38|:443... connected.
[2023-09-27T09:00:57.039+0000] {subprocess.py:93} INFO - HTTP request sent, awaiting response... 302 Found
[2023-09-27T09:00:57.039+0000] {subprocess.py:93} INFO - Location: https://pkgstore.datahub.io/core/s-and-p-500-companies/constituents_csv/data/1beb8c524488247ccb27917bfcb581ec/constituents_csv.csv [following]
[2023-09-27T09:00:57.039+0000] {subprocess.py:93} INFO - --2023-09-27 09:00:57--  https://pkgstore.datahub.io/core/s-and-p-500-companies/constituents_csv/data/1beb8c524488247ccb27917bfcb581ec/constituents_csv.csv
[2023-09-27T09:00:57.046+0000] {subprocess.py:93} INFO - Resolving pkgstore.datahub.io (pkgstore.datahub.io)... 172.67.157.38, 104.21.40.221, 2606:4700:3033::6815:28dd, ...
[2023-09-27T09:00:57.050+0000] {subprocess.py:93} INFO - Connecting to pkgstore.datahub.io (pkgstore.datahub.io)|172.67.157.38|:443... connected.
[2023-09-27T09:00:57.116+0000] {subprocess.py:93} INFO - HTTP request sent, awaiting response... 200 OK
[2023-09-27T09:00:57.117+0000] {subprocess.py:93} INFO - Length: 17945 (18K) [text/csv]
[2023-09-27T09:00:57.117+0000] {subprocess.py:93} INFO - Saving to: ‘/workspaces/hands-on-introduction-data-engineering-4395021/lab/challenge/airflow-data-extract.csv’
[2023-09-27T09:00:57.117+0000] {subprocess.py:93} INFO - 
[2023-09-27T09:00:57.118+0000] {subprocess.py:93} INFO -      0K .......... .......                                    100% 23.4M=0.001s
[2023-09-27T09:00:57.118+0000] {subprocess.py:93} INFO - 
[2023-09-27T09:00:57.118+0000] {subprocess.py:93} INFO - 2023-09-27 09:00:57 (23.4 MB/s) - ‘/workspaces/hands-on-introduction-data-engineering-4395021/lab/challenge/airflow-data-extract.csv’ saved [17945/17945]
[2023-09-27T09:00:57.118+0000] {subprocess.py:93} INFO - 
[2023-09-27T09:00:57.118+0000] {subprocess.py:97} INFO - Command exited with return code 0
[2023-09-27T09:00:57.158+0000] {taskinstance.py:1398} INFO - Marking task as SUCCESS. dag_id=Challenge_ETL_dag, task_id=extract, execution_date=20230927T090052, start_date=20230927T090054, end_date=20230927T090057
[2023-09-27T09:00:57.225+0000] {local_task_job_runner.py:228} INFO - Task exited with return code 0
[2023-09-27T09:00:57.238+0000] {taskinstance.py:2776} INFO - 1 downstream tasks scheduled from follow-on schedule check
