[2023-09-27T08:55:03.158+0000] {taskinstance.py:1157} INFO - Dependencies all met for dep_context=non-requeueable deps ti=<TaskInstance: Challenge_ETL_dag.load_task manual__2023-09-27T08:54:53.252725+00:00 [queued]>
[2023-09-27T08:55:03.163+0000] {taskinstance.py:1157} INFO - Dependencies all met for dep_context=requeueable deps ti=<TaskInstance: Challenge_ETL_dag.load_task manual__2023-09-27T08:54:53.252725+00:00 [queued]>
[2023-09-27T08:55:03.163+0000] {taskinstance.py:1359} INFO - Starting attempt 1 of 1
[2023-09-27T08:55:03.200+0000] {taskinstance.py:1380} INFO - Executing <Task(BashOperator): load_task> on 2023-09-27 08:54:53.252725+00:00
[2023-09-27T08:55:03.203+0000] {standard_task_runner.py:57} INFO - Started process 23840 to run task
[2023-09-27T08:55:03.205+0000] {standard_task_runner.py:84} INFO - Running: ['airflow', 'tasks', 'run', 'Challenge_ETL_dag', 'load_task', 'manual__2023-09-27T08:54:53.252725+00:00', '--job-id', '119', '--raw', '--subdir', 'DAGS_FOLDER/challenge_etl_task.py', '--cfg-path', '/tmp/tmp4qry7zhk']
[2023-09-27T08:55:03.205+0000] {standard_task_runner.py:85} INFO - Job 119: Subtask load_task
[2023-09-27T08:55:03.254+0000] {task_command.py:415} INFO - Running <TaskInstance: Challenge_ETL_dag.load_task manual__2023-09-27T08:54:53.252725+00:00 [running]> on host codespaces-4967f6
[2023-09-27T08:55:03.351+0000] {taskinstance.py:1660} INFO - Exporting env vars: AIRFLOW_CTX_DAG_OWNER='airflow' AIRFLOW_CTX_DAG_ID='Challenge_ETL_dag' AIRFLOW_CTX_TASK_ID='load_task' AIRFLOW_CTX_EXECUTION_DATE='2023-09-27T08:54:53.252725+00:00' AIRFLOW_CTX_TRY_NUMBER='1' AIRFLOW_CTX_DAG_RUN_ID='manual__2023-09-27T08:54:53.252725+00:00'
[2023-09-27T08:55:03.352+0000] {subprocess.py:63} INFO - Tmp dir root location: /tmp
[2023-09-27T08:55:03.352+0000] {subprocess.py:75} INFO - Running command: ['/usr/bin/bash', '-c', 'sqlite3 /workspaces/hands-on-introduction-data-engineering-4395021/lab/challenge/challenge-load-db.db ".mode csv" ".import --skip 1 /workspaces/hands-on-introduction-data-engineering-4395021/lab/challenge/airflow-data-transform.csv sp_500_sector_count"']
[2023-09-27T08:55:03.356+0000] {subprocess.py:86} INFO - Output:
[2023-09-27T08:55:03.358+0000] {subprocess.py:93} INFO - /workspaces/hands-on-introduction-data-engineering-4395021/lab/challenge/airflow-data-transform.csv:2: expected 3 columns but found 2 - filling the rest with NULL
[2023-09-27T08:55:03.358+0000] {subprocess.py:93} INFO - /workspaces/hands-on-introduction-data-engineering-4395021/lab/challenge/airflow-data-transform.csv:3: expected 3 columns but found 2 - filling the rest with NULL
[2023-09-27T08:55:03.359+0000] {subprocess.py:93} INFO - /workspaces/hands-on-introduction-data-engineering-4395021/lab/challenge/airflow-data-transform.csv:4: expected 3 columns but found 2 - filling the rest with NULL
[2023-09-27T08:55:03.359+0000] {subprocess.py:93} INFO - /workspaces/hands-on-introduction-data-engineering-4395021/lab/challenge/airflow-data-transform.csv:5: expected 3 columns but found 2 - filling the rest with NULL
[2023-09-27T08:55:03.359+0000] {subprocess.py:93} INFO - /workspaces/hands-on-introduction-data-engineering-4395021/lab/challenge/airflow-data-transform.csv:6: expected 3 columns but found 2 - filling the rest with NULL
[2023-09-27T08:55:03.359+0000] {subprocess.py:93} INFO - /workspaces/hands-on-introduction-data-engineering-4395021/lab/challenge/airflow-data-transform.csv:7: expected 3 columns but found 2 - filling the rest with NULL
[2023-09-27T08:55:03.359+0000] {subprocess.py:93} INFO - /workspaces/hands-on-introduction-data-engineering-4395021/lab/challenge/airflow-data-transform.csv:8: expected 3 columns but found 2 - filling the rest with NULL
[2023-09-27T08:55:03.359+0000] {subprocess.py:93} INFO - /workspaces/hands-on-introduction-data-engineering-4395021/lab/challenge/airflow-data-transform.csv:9: expected 3 columns but found 2 - filling the rest with NULL
[2023-09-27T08:55:03.359+0000] {subprocess.py:93} INFO - /workspaces/hands-on-introduction-data-engineering-4395021/lab/challenge/airflow-data-transform.csv:10: expected 3 columns but found 2 - filling the rest with NULL
[2023-09-27T08:55:03.360+0000] {subprocess.py:93} INFO - /workspaces/hands-on-introduction-data-engineering-4395021/lab/challenge/airflow-data-transform.csv:11: expected 3 columns but found 2 - filling the rest with NULL
[2023-09-27T08:55:03.360+0000] {subprocess.py:93} INFO - /workspaces/hands-on-introduction-data-engineering-4395021/lab/challenge/airflow-data-transform.csv:12: expected 3 columns but found 2 - filling the rest with NULL
[2023-09-27T08:55:03.397+0000] {subprocess.py:97} INFO - Command exited with return code 0
[2023-09-27T08:55:03.433+0000] {taskinstance.py:1398} INFO - Marking task as SUCCESS. dag_id=Challenge_ETL_dag, task_id=load_task, execution_date=20230927T085453, start_date=20230927T085503, end_date=20230927T085503
[2023-09-27T08:55:03.497+0000] {local_task_job_runner.py:228} INFO - Task exited with return code 0
[2023-09-27T08:55:03.505+0000] {taskinstance.py:2776} INFO - 0 downstream tasks scheduled from follow-on schedule check
