[2023-09-24T07:33:24.554+0000] {taskinstance.py:1157} INFO - Dependencies all met for dep_context=non-requeueable deps ti=<TaskInstance: extract_top_domain_dag.extract manual__2023-09-24T07:33:22.636495+00:00 [queued]>
[2023-09-24T07:33:24.559+0000] {taskinstance.py:1157} INFO - Dependencies all met for dep_context=requeueable deps ti=<TaskInstance: extract_top_domain_dag.extract manual__2023-09-24T07:33:22.636495+00:00 [queued]>
[2023-09-24T07:33:24.559+0000] {taskinstance.py:1359} INFO - Starting attempt 1 of 1
[2023-09-24T07:33:24.600+0000] {taskinstance.py:1380} INFO - Executing <Task(BashOperator): extract> on 2023-09-24 07:33:22.636495+00:00
[2023-09-24T07:33:24.601+0000] {standard_task_runner.py:57} INFO - Started process 15237 to run task
[2023-09-24T07:33:24.603+0000] {standard_task_runner.py:84} INFO - Running: ['airflow', 'tasks', 'run', 'extract_top_domain_dag', 'extract', 'manual__2023-09-24T07:33:22.636495+00:00', '--job-id', '99', '--raw', '--subdir', 'DAGS_FOLDER/extract_dag.py', '--cfg-path', '/tmp/tmpa50aviq3']
[2023-09-24T07:33:24.604+0000] {standard_task_runner.py:85} INFO - Job 99: Subtask extract
[2023-09-24T07:33:24.655+0000] {task_command.py:415} INFO - Running <TaskInstance: extract_top_domain_dag.extract manual__2023-09-24T07:33:22.636495+00:00 [running]> on host codespaces-4967f6
[2023-09-24T07:33:24.793+0000] {taskinstance.py:1660} INFO - Exporting env vars: AIRFLOW_CTX_DAG_OWNER='airflow' AIRFLOW_CTX_DAG_ID='extract_top_domain_dag' AIRFLOW_CTX_TASK_ID='extract' AIRFLOW_CTX_EXECUTION_DATE='2023-09-24T07:33:22.636495+00:00' AIRFLOW_CTX_TRY_NUMBER='1' AIRFLOW_CTX_DAG_RUN_ID='manual__2023-09-24T07:33:22.636495+00:00'
[2023-09-24T07:33:24.794+0000] {subprocess.py:63} INFO - Tmp dir root location: /tmp
[2023-09-24T07:33:24.794+0000] {subprocess.py:75} INFO - Running command: ['/usr/bin/bash', '-c', 'wget https://datahub.io/core/top-level-domain-names/r/top-level-domain-names.csv.csv -O /workspaces/hands-on-introduction-data-engineering-4395021/lab/orchestrated/airflow-data-extract.csv']
[2023-09-24T07:33:24.808+0000] {subprocess.py:86} INFO - Output:
[2023-09-24T07:33:24.902+0000] {subprocess.py:93} INFO - --2023-09-24 07:33:24--  https://datahub.io/core/top-level-domain-names/r/top-level-domain-names.csv.csv
[2023-09-24T07:33:24.938+0000] {subprocess.py:93} INFO - Resolving datahub.io (datahub.io)... 104.21.40.221, 172.67.157.38, 2606:4700:3033::6815:28dd, ...
[2023-09-24T07:33:24.942+0000] {subprocess.py:93} INFO - Connecting to datahub.io (datahub.io)|104.21.40.221|:443... connected.
[2023-09-24T07:33:26.796+0000] {subprocess.py:93} INFO - HTTP request sent, awaiting response... 302 Found
[2023-09-24T07:33:26.797+0000] {subprocess.py:93} INFO - Location: https://pkgstore.datahub.io/core/top-level-domain-names/top-level-domain-names.csv_csv/data/667f4464088f3ca10522e0e2e39c8ae4/top-level-domain-names.csv_csv.csv [following]
[2023-09-24T07:33:26.797+0000] {subprocess.py:93} INFO - --2023-09-24 07:33:26--  https://pkgstore.datahub.io/core/top-level-domain-names/top-level-domain-names.csv_csv/data/667f4464088f3ca10522e0e2e39c8ae4/top-level-domain-names.csv_csv.csv
[2023-09-24T07:33:26.804+0000] {subprocess.py:93} INFO - Resolving pkgstore.datahub.io (pkgstore.datahub.io)... 172.67.157.38, 104.21.40.221, 2606:4700:3033::6815:28dd, ...
[2023-09-24T07:33:26.808+0000] {subprocess.py:93} INFO - Connecting to pkgstore.datahub.io (pkgstore.datahub.io)|172.67.157.38|:443... connected.
[2023-09-24T07:33:27.321+0000] {subprocess.py:93} INFO - HTTP request sent, awaiting response... 200 OK
[2023-09-24T07:33:27.321+0000] {subprocess.py:93} INFO - Length: unspecified [text/plain]
[2023-09-24T07:33:27.322+0000] {subprocess.py:93} INFO - Saving to: ‘/workspaces/hands-on-introduction-data-engineering-4395021/lab/orchestrated/airflow-data-extract.csv’
[2023-09-24T07:33:27.322+0000] {subprocess.py:93} INFO - 
[2023-09-24T07:33:27.322+0000] {subprocess.py:93} INFO -      0K .......... .......... .......... .......... ..         57.4M=0.001s
[2023-09-24T07:33:27.322+0000] {subprocess.py:93} INFO - 
[2023-09-24T07:33:27.322+0000] {subprocess.py:93} INFO - 2023-09-24 07:33:27 (57.4 MB/s) - ‘/workspaces/hands-on-introduction-data-engineering-4395021/lab/orchestrated/airflow-data-extract.csv’ saved [43709]
[2023-09-24T07:33:27.322+0000] {subprocess.py:93} INFO - 
[2023-09-24T07:33:27.322+0000] {subprocess.py:97} INFO - Command exited with return code 0
[2023-09-24T07:33:27.376+0000] {taskinstance.py:1398} INFO - Marking task as SUCCESS. dag_id=extract_top_domain_dag, task_id=extract, execution_date=20230924T073322, start_date=20230924T073324, end_date=20230924T073327
[2023-09-24T07:33:27.421+0000] {local_task_job_runner.py:228} INFO - Task exited with return code 0
[2023-09-24T07:33:27.483+0000] {taskinstance.py:2776} INFO - 0 downstream tasks scheduled from follow-on schedule check
