[2023-09-27T06:58:19.936+0000] {processor.py:157} INFO - Started process (PID=71201) to work on /workspaces/hands-on-introduction-data-engineering-4395021/airflow/dags/basic_etl_task.py
[2023-09-27T06:58:19.936+0000] {processor.py:829} INFO - Processing file /workspaces/hands-on-introduction-data-engineering-4395021/airflow/dags/basic_etl_task.py for tasks to queue
[2023-09-27T06:58:19.937+0000] {logging_mixin.py:151} INFO - [2023-09-27T06:58:19.936+0000] {dagbag.py:539} INFO - Filling up the DagBag from /workspaces/hands-on-introduction-data-engineering-4395021/airflow/dags/basic_etl_task.py
[2023-09-27T06:58:20.304+0000] {processor.py:839} INFO - DAG(s) dict_keys(['ETL_dag']) retrieved from /workspaces/hands-on-introduction-data-engineering-4395021/airflow/dags/basic_etl_task.py
[2023-09-27T06:58:20.446+0000] {logging_mixin.py:151} INFO - [2023-09-27T06:58:20.445+0000] {manager.py:499} INFO - Created Permission View: %s
[2023-09-27T06:58:20.483+0000] {logging_mixin.py:151} INFO - [2023-09-27T06:58:20.483+0000] {manager.py:499} INFO - Created Permission View: %s
[2023-09-27T06:58:20.519+0000] {logging_mixin.py:151} INFO - [2023-09-27T06:58:20.519+0000] {manager.py:499} INFO - Created Permission View: %s
[2023-09-27T06:58:20.520+0000] {logging_mixin.py:151} INFO - [2023-09-27T06:58:20.520+0000] {security.py:708} INFO - Not syncing DAG-level permissions for DAG 'DAG:ETL_dag' as access control is unset.
[2023-09-27T06:58:20.521+0000] {logging_mixin.py:151} INFO - [2023-09-27T06:58:20.520+0000] {dag.py:2915} INFO - Sync 1 DAGs
[2023-09-27T06:58:20.532+0000] {logging_mixin.py:151} INFO - [2023-09-27T06:58:20.531+0000] {dag.py:2937} INFO - Creating ORM DAG for ETL_dag
[2023-09-27T06:58:20.532+0000] {logging_mixin.py:151} INFO - [2023-09-27T06:58:20.532+0000] {dag.py:3696} INFO - Setting next_dagrun for ETL_dag to None, run_after=None
[2023-09-27T06:58:20.607+0000] {processor.py:179} INFO - Processing /workspaces/hands-on-introduction-data-engineering-4395021/airflow/dags/basic_etl_task.py took 0.673 seconds
[2023-09-27T06:58:50.858+0000] {processor.py:157} INFO - Started process (PID=71407) to work on /workspaces/hands-on-introduction-data-engineering-4395021/airflow/dags/basic_etl_task.py
[2023-09-27T06:58:50.859+0000] {processor.py:829} INFO - Processing file /workspaces/hands-on-introduction-data-engineering-4395021/airflow/dags/basic_etl_task.py for tasks to queue
[2023-09-27T06:58:50.859+0000] {logging_mixin.py:151} INFO - [2023-09-27T06:58:50.859+0000] {dagbag.py:539} INFO - Filling up the DagBag from /workspaces/hands-on-introduction-data-engineering-4395021/airflow/dags/basic_etl_task.py
[2023-09-27T06:58:51.197+0000] {processor.py:839} INFO - DAG(s) dict_keys(['ETL_dag']) retrieved from /workspaces/hands-on-introduction-data-engineering-4395021/airflow/dags/basic_etl_task.py
[2023-09-27T06:58:51.209+0000] {logging_mixin.py:151} INFO - [2023-09-27T06:58:51.209+0000] {dag.py:2915} INFO - Sync 1 DAGs
[2023-09-27T06:58:51.217+0000] {logging_mixin.py:151} INFO - [2023-09-27T06:58:51.217+0000] {dag.py:3696} INFO - Setting next_dagrun for ETL_dag to None, run_after=None
[2023-09-27T06:58:51.264+0000] {processor.py:179} INFO - Processing /workspaces/hands-on-introduction-data-engineering-4395021/airflow/dags/basic_etl_task.py took 0.408 seconds
[2023-09-27T06:59:21.789+0000] {processor.py:157} INFO - Started process (PID=71620) to work on /workspaces/hands-on-introduction-data-engineering-4395021/airflow/dags/basic_etl_task.py
[2023-09-27T06:59:21.790+0000] {processor.py:829} INFO - Processing file /workspaces/hands-on-introduction-data-engineering-4395021/airflow/dags/basic_etl_task.py for tasks to queue
[2023-09-27T06:59:21.791+0000] {logging_mixin.py:151} INFO - [2023-09-27T06:59:21.790+0000] {dagbag.py:539} INFO - Filling up the DagBag from /workspaces/hands-on-introduction-data-engineering-4395021/airflow/dags/basic_etl_task.py
[2023-09-27T06:59:22.132+0000] {processor.py:839} INFO - DAG(s) dict_keys(['ETL_dag']) retrieved from /workspaces/hands-on-introduction-data-engineering-4395021/airflow/dags/basic_etl_task.py
[2023-09-27T06:59:22.149+0000] {logging_mixin.py:151} INFO - [2023-09-27T06:59:22.149+0000] {dag.py:2915} INFO - Sync 1 DAGs
[2023-09-27T06:59:22.161+0000] {logging_mixin.py:151} INFO - [2023-09-27T06:59:22.161+0000] {dag.py:3696} INFO - Setting next_dagrun for ETL_dag to None, run_after=None
[2023-09-27T06:59:22.213+0000] {processor.py:179} INFO - Processing /workspaces/hands-on-introduction-data-engineering-4395021/airflow/dags/basic_etl_task.py took 0.425 seconds
[2023-09-27T06:59:53.092+0000] {processor.py:157} INFO - Started process (PID=71830) to work on /workspaces/hands-on-introduction-data-engineering-4395021/airflow/dags/basic_etl_task.py
[2023-09-27T06:59:53.093+0000] {processor.py:829} INFO - Processing file /workspaces/hands-on-introduction-data-engineering-4395021/airflow/dags/basic_etl_task.py for tasks to queue
[2023-09-27T06:59:53.093+0000] {logging_mixin.py:151} INFO - [2023-09-27T06:59:53.093+0000] {dagbag.py:539} INFO - Filling up the DagBag from /workspaces/hands-on-introduction-data-engineering-4395021/airflow/dags/basic_etl_task.py
[2023-09-27T06:59:53.423+0000] {processor.py:839} INFO - DAG(s) dict_keys(['ETL_dag']) retrieved from /workspaces/hands-on-introduction-data-engineering-4395021/airflow/dags/basic_etl_task.py
[2023-09-27T06:59:53.437+0000] {logging_mixin.py:151} INFO - [2023-09-27T06:59:53.437+0000] {dag.py:2915} INFO - Sync 1 DAGs
[2023-09-27T06:59:53.445+0000] {logging_mixin.py:151} INFO - [2023-09-27T06:59:53.445+0000] {dag.py:3696} INFO - Setting next_dagrun for ETL_dag to None, run_after=None
[2023-09-27T06:59:53.491+0000] {processor.py:179} INFO - Processing /workspaces/hands-on-introduction-data-engineering-4395021/airflow/dags/basic_etl_task.py took 0.401 seconds
[2023-09-27T07:00:03.252+0000] {processor.py:157} INFO - Started process (PID=71904) to work on /workspaces/hands-on-introduction-data-engineering-4395021/airflow/dags/basic_etl_task.py
[2023-09-27T07:00:03.258+0000] {processor.py:829} INFO - Processing file /workspaces/hands-on-introduction-data-engineering-4395021/airflow/dags/basic_etl_task.py for tasks to queue
[2023-09-27T07:00:03.259+0000] {logging_mixin.py:151} INFO - [2023-09-27T07:00:03.259+0000] {dagbag.py:539} INFO - Filling up the DagBag from /workspaces/hands-on-introduction-data-engineering-4395021/airflow/dags/basic_etl_task.py
[2023-09-27T07:00:03.823+0000] {processor.py:839} INFO - DAG(s) dict_keys(['ETL_dag']) retrieved from /workspaces/hands-on-introduction-data-engineering-4395021/airflow/dags/basic_etl_task.py
[2023-09-27T07:00:03.941+0000] {logging_mixin.py:151} INFO - [2023-09-27T07:00:03.940+0000] {security.py:708} INFO - Not syncing DAG-level permissions for DAG 'DAG:ETL_dag' as access control is unset.
[2023-09-27T07:00:03.941+0000] {logging_mixin.py:151} INFO - [2023-09-27T07:00:03.941+0000] {dag.py:2915} INFO - Sync 1 DAGs
[2023-09-27T07:00:03.953+0000] {logging_mixin.py:151} INFO - [2023-09-27T07:00:03.952+0000] {dag.py:3696} INFO - Setting next_dagrun for ETL_dag to None, run_after=None
[2023-09-27T07:00:04.008+0000] {processor.py:179} INFO - Processing /workspaces/hands-on-introduction-data-engineering-4395021/airflow/dags/basic_etl_task.py took 0.758 seconds
[2023-09-27T07:00:34.806+0000] {processor.py:157} INFO - Started process (PID=72099) to work on /workspaces/hands-on-introduction-data-engineering-4395021/airflow/dags/basic_etl_task.py
[2023-09-27T07:00:34.806+0000] {processor.py:829} INFO - Processing file /workspaces/hands-on-introduction-data-engineering-4395021/airflow/dags/basic_etl_task.py for tasks to queue
[2023-09-27T07:00:34.807+0000] {logging_mixin.py:151} INFO - [2023-09-27T07:00:34.807+0000] {dagbag.py:539} INFO - Filling up the DagBag from /workspaces/hands-on-introduction-data-engineering-4395021/airflow/dags/basic_etl_task.py
[2023-09-27T07:00:35.145+0000] {processor.py:839} INFO - DAG(s) dict_keys(['ETL_dag']) retrieved from /workspaces/hands-on-introduction-data-engineering-4395021/airflow/dags/basic_etl_task.py
[2023-09-27T07:00:35.156+0000] {logging_mixin.py:151} INFO - [2023-09-27T07:00:35.156+0000] {dag.py:2915} INFO - Sync 1 DAGs
[2023-09-27T07:00:35.164+0000] {logging_mixin.py:151} INFO - [2023-09-27T07:00:35.164+0000] {dag.py:3696} INFO - Setting next_dagrun for ETL_dag to None, run_after=None
[2023-09-27T07:00:35.205+0000] {processor.py:179} INFO - Processing /workspaces/hands-on-introduction-data-engineering-4395021/airflow/dags/basic_etl_task.py took 0.401 seconds
[2023-09-27T07:01:05.391+0000] {processor.py:157} INFO - Started process (PID=72307) to work on /workspaces/hands-on-introduction-data-engineering-4395021/airflow/dags/basic_etl_task.py
[2023-09-27T07:01:05.391+0000] {processor.py:829} INFO - Processing file /workspaces/hands-on-introduction-data-engineering-4395021/airflow/dags/basic_etl_task.py for tasks to queue
[2023-09-27T07:01:05.392+0000] {logging_mixin.py:151} INFO - [2023-09-27T07:01:05.391+0000] {dagbag.py:539} INFO - Filling up the DagBag from /workspaces/hands-on-introduction-data-engineering-4395021/airflow/dags/basic_etl_task.py
[2023-09-27T07:01:05.719+0000] {processor.py:839} INFO - DAG(s) dict_keys(['ETL_dag']) retrieved from /workspaces/hands-on-introduction-data-engineering-4395021/airflow/dags/basic_etl_task.py
[2023-09-27T07:01:05.732+0000] {logging_mixin.py:151} INFO - [2023-09-27T07:01:05.731+0000] {dag.py:2915} INFO - Sync 1 DAGs
[2023-09-27T07:01:05.739+0000] {logging_mixin.py:151} INFO - [2023-09-27T07:01:05.739+0000] {dag.py:3696} INFO - Setting next_dagrun for ETL_dag to None, run_after=None
[2023-09-27T07:01:05.786+0000] {processor.py:179} INFO - Processing /workspaces/hands-on-introduction-data-engineering-4395021/airflow/dags/basic_etl_task.py took 0.397 seconds
[2023-09-27T07:01:36.189+0000] {processor.py:157} INFO - Started process (PID=72623) to work on /workspaces/hands-on-introduction-data-engineering-4395021/airflow/dags/basic_etl_task.py
[2023-09-27T07:01:36.189+0000] {processor.py:829} INFO - Processing file /workspaces/hands-on-introduction-data-engineering-4395021/airflow/dags/basic_etl_task.py for tasks to queue
[2023-09-27T07:01:36.190+0000] {logging_mixin.py:151} INFO - [2023-09-27T07:01:36.190+0000] {dagbag.py:539} INFO - Filling up the DagBag from /workspaces/hands-on-introduction-data-engineering-4395021/airflow/dags/basic_etl_task.py
[2023-09-27T07:01:36.551+0000] {processor.py:839} INFO - DAG(s) dict_keys(['ETL_dag']) retrieved from /workspaces/hands-on-introduction-data-engineering-4395021/airflow/dags/basic_etl_task.py
[2023-09-27T07:01:36.563+0000] {logging_mixin.py:151} INFO - [2023-09-27T07:01:36.563+0000] {dag.py:2915} INFO - Sync 1 DAGs
[2023-09-27T07:01:36.570+0000] {logging_mixin.py:151} INFO - [2023-09-27T07:01:36.570+0000] {dag.py:3696} INFO - Setting next_dagrun for ETL_dag to None, run_after=None
[2023-09-27T07:01:36.612+0000] {processor.py:179} INFO - Processing /workspaces/hands-on-introduction-data-engineering-4395021/airflow/dags/basic_etl_task.py took 0.425 seconds
[2023-09-27T07:02:07.326+0000] {processor.py:157} INFO - Started process (PID=73089) to work on /workspaces/hands-on-introduction-data-engineering-4395021/airflow/dags/basic_etl_task.py
[2023-09-27T07:02:07.326+0000] {processor.py:829} INFO - Processing file /workspaces/hands-on-introduction-data-engineering-4395021/airflow/dags/basic_etl_task.py for tasks to queue
[2023-09-27T07:02:07.327+0000] {logging_mixin.py:151} INFO - [2023-09-27T07:02:07.327+0000] {dagbag.py:539} INFO - Filling up the DagBag from /workspaces/hands-on-introduction-data-engineering-4395021/airflow/dags/basic_etl_task.py
[2023-09-27T07:02:07.755+0000] {processor.py:839} INFO - DAG(s) dict_keys(['ETL_dag']) retrieved from /workspaces/hands-on-introduction-data-engineering-4395021/airflow/dags/basic_etl_task.py
[2023-09-27T07:02:07.769+0000] {logging_mixin.py:151} INFO - [2023-09-27T07:02:07.768+0000] {dag.py:2915} INFO - Sync 1 DAGs
[2023-09-27T07:02:07.781+0000] {logging_mixin.py:151} INFO - [2023-09-27T07:02:07.781+0000] {dag.py:3696} INFO - Setting next_dagrun for ETL_dag to None, run_after=None
[2023-09-27T07:02:07.829+0000] {processor.py:179} INFO - Processing /workspaces/hands-on-introduction-data-engineering-4395021/airflow/dags/basic_etl_task.py took 0.505 seconds
[2023-09-27T07:02:38.760+0000] {processor.py:157} INFO - Started process (PID=73403) to work on /workspaces/hands-on-introduction-data-engineering-4395021/airflow/dags/basic_etl_task.py
[2023-09-27T07:02:38.761+0000] {processor.py:829} INFO - Processing file /workspaces/hands-on-introduction-data-engineering-4395021/airflow/dags/basic_etl_task.py for tasks to queue
[2023-09-27T07:02:38.768+0000] {logging_mixin.py:151} INFO - [2023-09-27T07:02:38.768+0000] {dagbag.py:539} INFO - Filling up the DagBag from /workspaces/hands-on-introduction-data-engineering-4395021/airflow/dags/basic_etl_task.py
[2023-09-27T07:02:39.219+0000] {processor.py:839} INFO - DAG(s) dict_keys(['ETL_dag']) retrieved from /workspaces/hands-on-introduction-data-engineering-4395021/airflow/dags/basic_etl_task.py
[2023-09-27T07:02:39.231+0000] {logging_mixin.py:151} INFO - [2023-09-27T07:02:39.231+0000] {dag.py:2915} INFO - Sync 1 DAGs
[2023-09-27T07:02:39.248+0000] {logging_mixin.py:151} INFO - [2023-09-27T07:02:39.248+0000] {dag.py:3696} INFO - Setting next_dagrun for ETL_dag to None, run_after=None
[2023-09-27T07:02:39.294+0000] {processor.py:179} INFO - Processing /workspaces/hands-on-introduction-data-engineering-4395021/airflow/dags/basic_etl_task.py took 0.550 seconds
[2023-09-27T07:03:03.332+0000] {processor.py:157} INFO - Started process (PID=73563) to work on /workspaces/hands-on-introduction-data-engineering-4395021/airflow/dags/basic_etl_task.py
[2023-09-27T07:03:03.333+0000] {processor.py:829} INFO - Processing file /workspaces/hands-on-introduction-data-engineering-4395021/airflow/dags/basic_etl_task.py for tasks to queue
[2023-09-27T07:03:03.333+0000] {logging_mixin.py:151} INFO - [2023-09-27T07:03:03.333+0000] {dagbag.py:539} INFO - Filling up the DagBag from /workspaces/hands-on-introduction-data-engineering-4395021/airflow/dags/basic_etl_task.py
[2023-09-27T07:03:03.723+0000] {processor.py:839} INFO - DAG(s) dict_keys(['ETL_dag']) retrieved from /workspaces/hands-on-introduction-data-engineering-4395021/airflow/dags/basic_etl_task.py
[2023-09-27T07:03:03.843+0000] {logging_mixin.py:151} INFO - [2023-09-27T07:03:03.843+0000] {security.py:708} INFO - Not syncing DAG-level permissions for DAG 'DAG:ETL_dag' as access control is unset.
[2023-09-27T07:03:03.844+0000] {logging_mixin.py:151} INFO - [2023-09-27T07:03:03.844+0000] {dag.py:2915} INFO - Sync 1 DAGs
[2023-09-27T07:03:03.855+0000] {logging_mixin.py:151} INFO - [2023-09-27T07:03:03.855+0000] {dag.py:3696} INFO - Setting next_dagrun for ETL_dag to None, run_after=None
[2023-09-27T07:03:03.918+0000] {processor.py:179} INFO - Processing /workspaces/hands-on-introduction-data-engineering-4395021/airflow/dags/basic_etl_task.py took 0.588 seconds
[2023-09-27T07:03:34.009+0000] {processor.py:157} INFO - Started process (PID=74004) to work on /workspaces/hands-on-introduction-data-engineering-4395021/airflow/dags/basic_etl_task.py
[2023-09-27T07:03:34.010+0000] {processor.py:829} INFO - Processing file /workspaces/hands-on-introduction-data-engineering-4395021/airflow/dags/basic_etl_task.py for tasks to queue
[2023-09-27T07:03:34.010+0000] {logging_mixin.py:151} INFO - [2023-09-27T07:03:34.010+0000] {dagbag.py:539} INFO - Filling up the DagBag from /workspaces/hands-on-introduction-data-engineering-4395021/airflow/dags/basic_etl_task.py
[2023-09-27T07:03:34.337+0000] {processor.py:839} INFO - DAG(s) dict_keys(['ETL_dag']) retrieved from /workspaces/hands-on-introduction-data-engineering-4395021/airflow/dags/basic_etl_task.py
[2023-09-27T07:03:34.349+0000] {logging_mixin.py:151} INFO - [2023-09-27T07:03:34.349+0000] {dag.py:2915} INFO - Sync 1 DAGs
[2023-09-27T07:03:34.356+0000] {logging_mixin.py:151} INFO - [2023-09-27T07:03:34.356+0000] {dag.py:3696} INFO - Setting next_dagrun for ETL_dag to None, run_after=None
[2023-09-27T07:03:34.401+0000] {processor.py:179} INFO - Processing /workspaces/hands-on-introduction-data-engineering-4395021/airflow/dags/basic_etl_task.py took 0.394 seconds
[2023-09-27T07:04:04.950+0000] {processor.py:157} INFO - Started process (PID=74228) to work on /workspaces/hands-on-introduction-data-engineering-4395021/airflow/dags/basic_etl_task.py
[2023-09-27T07:04:04.950+0000] {processor.py:829} INFO - Processing file /workspaces/hands-on-introduction-data-engineering-4395021/airflow/dags/basic_etl_task.py for tasks to queue
[2023-09-27T07:04:04.951+0000] {logging_mixin.py:151} INFO - [2023-09-27T07:04:04.951+0000] {dagbag.py:539} INFO - Filling up the DagBag from /workspaces/hands-on-introduction-data-engineering-4395021/airflow/dags/basic_etl_task.py
[2023-09-27T07:04:05.300+0000] {processor.py:839} INFO - DAG(s) dict_keys(['ETL_dag']) retrieved from /workspaces/hands-on-introduction-data-engineering-4395021/airflow/dags/basic_etl_task.py
[2023-09-27T07:04:05.314+0000] {logging_mixin.py:151} INFO - [2023-09-27T07:04:05.314+0000] {dag.py:2915} INFO - Sync 1 DAGs
[2023-09-27T07:04:05.321+0000] {logging_mixin.py:151} INFO - [2023-09-27T07:04:05.321+0000] {dag.py:3696} INFO - Setting next_dagrun for ETL_dag to None, run_after=None
[2023-09-27T07:04:05.366+0000] {processor.py:179} INFO - Processing /workspaces/hands-on-introduction-data-engineering-4395021/airflow/dags/basic_etl_task.py took 0.418 seconds
[2023-09-27T07:04:30.807+0000] {processor.py:157} INFO - Started process (PID=74415) to work on /workspaces/hands-on-introduction-data-engineering-4395021/airflow/dags/basic_etl_task.py
[2023-09-27T07:04:30.808+0000] {processor.py:829} INFO - Processing file /workspaces/hands-on-introduction-data-engineering-4395021/airflow/dags/basic_etl_task.py for tasks to queue
[2023-09-27T07:04:30.809+0000] {logging_mixin.py:151} INFO - [2023-09-27T07:04:30.809+0000] {dagbag.py:539} INFO - Filling up the DagBag from /workspaces/hands-on-introduction-data-engineering-4395021/airflow/dags/basic_etl_task.py
[2023-09-27T07:04:31.367+0000] {processor.py:839} INFO - DAG(s) dict_keys(['ETL_dag']) retrieved from /workspaces/hands-on-introduction-data-engineering-4395021/airflow/dags/basic_etl_task.py
[2023-09-27T07:04:31.386+0000] {logging_mixin.py:151} INFO - [2023-09-27T07:04:31.385+0000] {dag.py:2915} INFO - Sync 1 DAGs
[2023-09-27T07:04:31.397+0000] {logging_mixin.py:151} INFO - [2023-09-27T07:04:31.397+0000] {dag.py:3696} INFO - Setting next_dagrun for ETL_dag to None, run_after=None
[2023-09-27T07:04:31.454+0000] {processor.py:179} INFO - Processing /workspaces/hands-on-introduction-data-engineering-4395021/airflow/dags/basic_etl_task.py took 0.649 seconds
[2023-09-27T07:05:02.067+0000] {processor.py:157} INFO - Started process (PID=74817) to work on /workspaces/hands-on-introduction-data-engineering-4395021/airflow/dags/basic_etl_task.py
[2023-09-27T07:05:02.068+0000] {processor.py:829} INFO - Processing file /workspaces/hands-on-introduction-data-engineering-4395021/airflow/dags/basic_etl_task.py for tasks to queue
[2023-09-27T07:05:02.069+0000] {logging_mixin.py:151} INFO - [2023-09-27T07:05:02.068+0000] {dagbag.py:539} INFO - Filling up the DagBag from /workspaces/hands-on-introduction-data-engineering-4395021/airflow/dags/basic_etl_task.py
[2023-09-27T07:05:02.409+0000] {processor.py:839} INFO - DAG(s) dict_keys(['ETL_dag']) retrieved from /workspaces/hands-on-introduction-data-engineering-4395021/airflow/dags/basic_etl_task.py
[2023-09-27T07:05:02.421+0000] {logging_mixin.py:151} INFO - [2023-09-27T07:05:02.421+0000] {dag.py:2915} INFO - Sync 1 DAGs
[2023-09-27T07:05:02.428+0000] {logging_mixin.py:151} INFO - [2023-09-27T07:05:02.428+0000] {dag.py:3696} INFO - Setting next_dagrun for ETL_dag to None, run_after=None
[2023-09-27T07:05:02.477+0000] {processor.py:179} INFO - Processing /workspaces/hands-on-introduction-data-engineering-4395021/airflow/dags/basic_etl_task.py took 0.412 seconds
[2023-09-27T07:05:32.625+0000] {processor.py:157} INFO - Started process (PID=75094) to work on /workspaces/hands-on-introduction-data-engineering-4395021/airflow/dags/basic_etl_task.py
[2023-09-27T07:05:32.626+0000] {processor.py:829} INFO - Processing file /workspaces/hands-on-introduction-data-engineering-4395021/airflow/dags/basic_etl_task.py for tasks to queue
[2023-09-27T07:05:32.626+0000] {logging_mixin.py:151} INFO - [2023-09-27T07:05:32.626+0000] {dagbag.py:539} INFO - Filling up the DagBag from /workspaces/hands-on-introduction-data-engineering-4395021/airflow/dags/basic_etl_task.py
[2023-09-27T07:05:32.968+0000] {processor.py:839} INFO - DAG(s) dict_keys(['ETL_dag']) retrieved from /workspaces/hands-on-introduction-data-engineering-4395021/airflow/dags/basic_etl_task.py
[2023-09-27T07:05:32.980+0000] {logging_mixin.py:151} INFO - [2023-09-27T07:05:32.980+0000] {dag.py:2915} INFO - Sync 1 DAGs
[2023-09-27T07:05:32.987+0000] {logging_mixin.py:151} INFO - [2023-09-27T07:05:32.987+0000] {dag.py:3696} INFO - Setting next_dagrun for ETL_dag to None, run_after=None
[2023-09-27T07:05:33.030+0000] {processor.py:179} INFO - Processing /workspaces/hands-on-introduction-data-engineering-4395021/airflow/dags/basic_etl_task.py took 0.406 seconds
[2023-09-27T07:06:03.175+0000] {processor.py:157} INFO - Started process (PID=75307) to work on /workspaces/hands-on-introduction-data-engineering-4395021/airflow/dags/basic_etl_task.py
[2023-09-27T07:06:03.176+0000] {processor.py:829} INFO - Processing file /workspaces/hands-on-introduction-data-engineering-4395021/airflow/dags/basic_etl_task.py for tasks to queue
[2023-09-27T07:06:03.177+0000] {logging_mixin.py:151} INFO - [2023-09-27T07:06:03.176+0000] {dagbag.py:539} INFO - Filling up the DagBag from /workspaces/hands-on-introduction-data-engineering-4395021/airflow/dags/basic_etl_task.py
[2023-09-27T07:06:03.515+0000] {processor.py:839} INFO - DAG(s) dict_keys(['ETL_dag']) retrieved from /workspaces/hands-on-introduction-data-engineering-4395021/airflow/dags/basic_etl_task.py
[2023-09-27T07:06:03.529+0000] {logging_mixin.py:151} INFO - [2023-09-27T07:06:03.529+0000] {dag.py:2915} INFO - Sync 1 DAGs
[2023-09-27T07:06:03.537+0000] {logging_mixin.py:151} INFO - [2023-09-27T07:06:03.537+0000] {dag.py:3696} INFO - Setting next_dagrun for ETL_dag to None, run_after=None
[2023-09-27T07:06:03.606+0000] {processor.py:179} INFO - Processing /workspaces/hands-on-introduction-data-engineering-4395021/airflow/dags/basic_etl_task.py took 0.432 seconds
[2023-09-27T07:06:33.735+0000] {processor.py:157} INFO - Started process (PID=75502) to work on /workspaces/hands-on-introduction-data-engineering-4395021/airflow/dags/basic_etl_task.py
[2023-09-27T07:06:33.736+0000] {processor.py:829} INFO - Processing file /workspaces/hands-on-introduction-data-engineering-4395021/airflow/dags/basic_etl_task.py for tasks to queue
[2023-09-27T07:06:33.737+0000] {logging_mixin.py:151} INFO - [2023-09-27T07:06:33.736+0000] {dagbag.py:539} INFO - Filling up the DagBag from /workspaces/hands-on-introduction-data-engineering-4395021/airflow/dags/basic_etl_task.py
[2023-09-27T07:06:34.098+0000] {processor.py:839} INFO - DAG(s) dict_keys(['ETL_dag']) retrieved from /workspaces/hands-on-introduction-data-engineering-4395021/airflow/dags/basic_etl_task.py
[2023-09-27T07:06:34.111+0000] {logging_mixin.py:151} INFO - [2023-09-27T07:06:34.111+0000] {dag.py:2915} INFO - Sync 1 DAGs
[2023-09-27T07:06:34.118+0000] {logging_mixin.py:151} INFO - [2023-09-27T07:06:34.118+0000] {dag.py:3696} INFO - Setting next_dagrun for ETL_dag to None, run_after=None
[2023-09-27T07:06:34.172+0000] {processor.py:179} INFO - Processing /workspaces/hands-on-introduction-data-engineering-4395021/airflow/dags/basic_etl_task.py took 0.439 seconds
[2023-09-27T07:07:04.261+0000] {processor.py:157} INFO - Started process (PID=75689) to work on /workspaces/hands-on-introduction-data-engineering-4395021/airflow/dags/basic_etl_task.py
[2023-09-27T07:07:04.261+0000] {processor.py:829} INFO - Processing file /workspaces/hands-on-introduction-data-engineering-4395021/airflow/dags/basic_etl_task.py for tasks to queue
[2023-09-27T07:07:04.262+0000] {logging_mixin.py:151} INFO - [2023-09-27T07:07:04.262+0000] {dagbag.py:539} INFO - Filling up the DagBag from /workspaces/hands-on-introduction-data-engineering-4395021/airflow/dags/basic_etl_task.py
[2023-09-27T07:07:04.610+0000] {processor.py:839} INFO - DAG(s) dict_keys(['ETL_dag']) retrieved from /workspaces/hands-on-introduction-data-engineering-4395021/airflow/dags/basic_etl_task.py
[2023-09-27T07:07:04.623+0000] {logging_mixin.py:151} INFO - [2023-09-27T07:07:04.623+0000] {dag.py:2915} INFO - Sync 1 DAGs
[2023-09-27T07:07:04.631+0000] {logging_mixin.py:151} INFO - [2023-09-27T07:07:04.631+0000] {dag.py:3696} INFO - Setting next_dagrun for ETL_dag to None, run_after=None
[2023-09-27T07:07:04.675+0000] {processor.py:179} INFO - Processing /workspaces/hands-on-introduction-data-engineering-4395021/airflow/dags/basic_etl_task.py took 0.416 seconds
[2023-09-27T07:07:34.773+0000] {processor.py:157} INFO - Started process (PID=75882) to work on /workspaces/hands-on-introduction-data-engineering-4395021/airflow/dags/basic_etl_task.py
[2023-09-27T07:07:34.774+0000] {processor.py:829} INFO - Processing file /workspaces/hands-on-introduction-data-engineering-4395021/airflow/dags/basic_etl_task.py for tasks to queue
[2023-09-27T07:07:34.774+0000] {logging_mixin.py:151} INFO - [2023-09-27T07:07:34.774+0000] {dagbag.py:539} INFO - Filling up the DagBag from /workspaces/hands-on-introduction-data-engineering-4395021/airflow/dags/basic_etl_task.py
[2023-09-27T07:07:35.103+0000] {processor.py:839} INFO - DAG(s) dict_keys(['ETL_dag']) retrieved from /workspaces/hands-on-introduction-data-engineering-4395021/airflow/dags/basic_etl_task.py
[2023-09-27T07:07:35.115+0000] {logging_mixin.py:151} INFO - [2023-09-27T07:07:35.114+0000] {dag.py:2915} INFO - Sync 1 DAGs
[2023-09-27T07:07:35.122+0000] {logging_mixin.py:151} INFO - [2023-09-27T07:07:35.121+0000] {dag.py:3696} INFO - Setting next_dagrun for ETL_dag to None, run_after=None
[2023-09-27T07:07:35.164+0000] {processor.py:179} INFO - Processing /workspaces/hands-on-introduction-data-engineering-4395021/airflow/dags/basic_etl_task.py took 0.392 seconds
[2023-09-27T07:08:05.273+0000] {processor.py:157} INFO - Started process (PID=76074) to work on /workspaces/hands-on-introduction-data-engineering-4395021/airflow/dags/basic_etl_task.py
[2023-09-27T07:08:05.273+0000] {processor.py:829} INFO - Processing file /workspaces/hands-on-introduction-data-engineering-4395021/airflow/dags/basic_etl_task.py for tasks to queue
[2023-09-27T07:08:05.274+0000] {logging_mixin.py:151} INFO - [2023-09-27T07:08:05.273+0000] {dagbag.py:539} INFO - Filling up the DagBag from /workspaces/hands-on-introduction-data-engineering-4395021/airflow/dags/basic_etl_task.py
[2023-09-27T07:08:05.648+0000] {processor.py:839} INFO - DAG(s) dict_keys(['ETL_dag']) retrieved from /workspaces/hands-on-introduction-data-engineering-4395021/airflow/dags/basic_etl_task.py
[2023-09-27T07:08:05.667+0000] {logging_mixin.py:151} INFO - [2023-09-27T07:08:05.667+0000] {dag.py:2915} INFO - Sync 1 DAGs
[2023-09-27T07:08:05.678+0000] {logging_mixin.py:151} INFO - [2023-09-27T07:08:05.678+0000] {dag.py:3696} INFO - Setting next_dagrun for ETL_dag to None, run_after=None
[2023-09-27T07:08:05.728+0000] {processor.py:179} INFO - Processing /workspaces/hands-on-introduction-data-engineering-4395021/airflow/dags/basic_etl_task.py took 0.457 seconds
[2023-09-27T07:08:36.801+0000] {processor.py:157} INFO - Started process (PID=76298) to work on /workspaces/hands-on-introduction-data-engineering-4395021/airflow/dags/basic_etl_task.py
[2023-09-27T07:08:36.801+0000] {processor.py:829} INFO - Processing file /workspaces/hands-on-introduction-data-engineering-4395021/airflow/dags/basic_etl_task.py for tasks to queue
[2023-09-27T07:08:36.802+0000] {logging_mixin.py:151} INFO - [2023-09-27T07:08:36.802+0000] {dagbag.py:539} INFO - Filling up the DagBag from /workspaces/hands-on-introduction-data-engineering-4395021/airflow/dags/basic_etl_task.py
[2023-09-27T07:08:37.129+0000] {processor.py:839} INFO - DAG(s) dict_keys(['ETL_dag']) retrieved from /workspaces/hands-on-introduction-data-engineering-4395021/airflow/dags/basic_etl_task.py
[2023-09-27T07:08:37.141+0000] {logging_mixin.py:151} INFO - [2023-09-27T07:08:37.141+0000] {dag.py:2915} INFO - Sync 1 DAGs
[2023-09-27T07:08:37.148+0000] {logging_mixin.py:151} INFO - [2023-09-27T07:08:37.148+0000] {dag.py:3696} INFO - Setting next_dagrun for ETL_dag to None, run_after=None
[2023-09-27T07:08:37.197+0000] {processor.py:179} INFO - Processing /workspaces/hands-on-introduction-data-engineering-4395021/airflow/dags/basic_etl_task.py took 0.398 seconds
[2023-09-27T07:09:07.310+0000] {processor.py:157} INFO - Started process (PID=76482) to work on /workspaces/hands-on-introduction-data-engineering-4395021/airflow/dags/basic_etl_task.py
[2023-09-27T07:09:07.310+0000] {processor.py:829} INFO - Processing file /workspaces/hands-on-introduction-data-engineering-4395021/airflow/dags/basic_etl_task.py for tasks to queue
[2023-09-27T07:09:07.311+0000] {logging_mixin.py:151} INFO - [2023-09-27T07:09:07.310+0000] {dagbag.py:539} INFO - Filling up the DagBag from /workspaces/hands-on-introduction-data-engineering-4395021/airflow/dags/basic_etl_task.py
[2023-09-27T07:09:07.639+0000] {processor.py:839} INFO - DAG(s) dict_keys(['ETL_dag']) retrieved from /workspaces/hands-on-introduction-data-engineering-4395021/airflow/dags/basic_etl_task.py
[2023-09-27T07:09:07.651+0000] {logging_mixin.py:151} INFO - [2023-09-27T07:09:07.651+0000] {dag.py:2915} INFO - Sync 1 DAGs
[2023-09-27T07:09:07.658+0000] {logging_mixin.py:151} INFO - [2023-09-27T07:09:07.658+0000] {dag.py:3696} INFO - Setting next_dagrun for ETL_dag to None, run_after=None
[2023-09-27T07:09:07.705+0000] {processor.py:179} INFO - Processing /workspaces/hands-on-introduction-data-engineering-4395021/airflow/dags/basic_etl_task.py took 0.397 seconds
[2023-09-27T07:09:37.830+0000] {processor.py:157} INFO - Started process (PID=76676) to work on /workspaces/hands-on-introduction-data-engineering-4395021/airflow/dags/basic_etl_task.py
[2023-09-27T07:09:37.830+0000] {processor.py:829} INFO - Processing file /workspaces/hands-on-introduction-data-engineering-4395021/airflow/dags/basic_etl_task.py for tasks to queue
[2023-09-27T07:09:37.831+0000] {logging_mixin.py:151} INFO - [2023-09-27T07:09:37.831+0000] {dagbag.py:539} INFO - Filling up the DagBag from /workspaces/hands-on-introduction-data-engineering-4395021/airflow/dags/basic_etl_task.py
[2023-09-27T07:09:38.157+0000] {processor.py:839} INFO - DAG(s) dict_keys(['ETL_dag']) retrieved from /workspaces/hands-on-introduction-data-engineering-4395021/airflow/dags/basic_etl_task.py
[2023-09-27T07:09:38.169+0000] {logging_mixin.py:151} INFO - [2023-09-27T07:09:38.169+0000] {dag.py:2915} INFO - Sync 1 DAGs
[2023-09-27T07:09:38.177+0000] {logging_mixin.py:151} INFO - [2023-09-27T07:09:38.176+0000] {dag.py:3696} INFO - Setting next_dagrun for ETL_dag to None, run_after=None
[2023-09-27T07:09:38.219+0000] {processor.py:179} INFO - Processing /workspaces/hands-on-introduction-data-engineering-4395021/airflow/dags/basic_etl_task.py took 0.390 seconds
[2023-09-27T07:10:08.278+0000] {processor.py:157} INFO - Started process (PID=76868) to work on /workspaces/hands-on-introduction-data-engineering-4395021/airflow/dags/basic_etl_task.py
[2023-09-27T07:10:08.279+0000] {processor.py:829} INFO - Processing file /workspaces/hands-on-introduction-data-engineering-4395021/airflow/dags/basic_etl_task.py for tasks to queue
[2023-09-27T07:10:08.279+0000] {logging_mixin.py:151} INFO - [2023-09-27T07:10:08.279+0000] {dagbag.py:539} INFO - Filling up the DagBag from /workspaces/hands-on-introduction-data-engineering-4395021/airflow/dags/basic_etl_task.py
[2023-09-27T07:10:08.606+0000] {processor.py:839} INFO - DAG(s) dict_keys(['ETL_dag']) retrieved from /workspaces/hands-on-introduction-data-engineering-4395021/airflow/dags/basic_etl_task.py
[2023-09-27T07:10:08.620+0000] {logging_mixin.py:151} INFO - [2023-09-27T07:10:08.620+0000] {dag.py:2915} INFO - Sync 1 DAGs
[2023-09-27T07:10:08.627+0000] {logging_mixin.py:151} INFO - [2023-09-27T07:10:08.627+0000] {dag.py:3696} INFO - Setting next_dagrun for ETL_dag to None, run_after=None
[2023-09-27T07:10:08.670+0000] {processor.py:179} INFO - Processing /workspaces/hands-on-introduction-data-engineering-4395021/airflow/dags/basic_etl_task.py took 0.394 seconds
[2023-09-27T07:10:38.702+0000] {processor.py:157} INFO - Started process (PID=77056) to work on /workspaces/hands-on-introduction-data-engineering-4395021/airflow/dags/basic_etl_task.py
[2023-09-27T07:10:38.703+0000] {processor.py:829} INFO - Processing file /workspaces/hands-on-introduction-data-engineering-4395021/airflow/dags/basic_etl_task.py for tasks to queue
[2023-09-27T07:10:38.703+0000] {logging_mixin.py:151} INFO - [2023-09-27T07:10:38.703+0000] {dagbag.py:539} INFO - Filling up the DagBag from /workspaces/hands-on-introduction-data-engineering-4395021/airflow/dags/basic_etl_task.py
[2023-09-27T07:10:39.025+0000] {processor.py:839} INFO - DAG(s) dict_keys(['ETL_dag']) retrieved from /workspaces/hands-on-introduction-data-engineering-4395021/airflow/dags/basic_etl_task.py
[2023-09-27T07:10:39.037+0000] {logging_mixin.py:151} INFO - [2023-09-27T07:10:39.037+0000] {dag.py:2915} INFO - Sync 1 DAGs
[2023-09-27T07:10:39.045+0000] {logging_mixin.py:151} INFO - [2023-09-27T07:10:39.045+0000] {dag.py:3696} INFO - Setting next_dagrun for ETL_dag to None, run_after=None
[2023-09-27T07:10:39.086+0000] {processor.py:179} INFO - Processing /workspaces/hands-on-introduction-data-engineering-4395021/airflow/dags/basic_etl_task.py took 0.385 seconds
[2023-09-27T07:11:09.620+0000] {processor.py:157} INFO - Started process (PID=77244) to work on /workspaces/hands-on-introduction-data-engineering-4395021/airflow/dags/basic_etl_task.py
[2023-09-27T07:11:09.621+0000] {processor.py:829} INFO - Processing file /workspaces/hands-on-introduction-data-engineering-4395021/airflow/dags/basic_etl_task.py for tasks to queue
[2023-09-27T07:11:09.622+0000] {logging_mixin.py:151} INFO - [2023-09-27T07:11:09.621+0000] {dagbag.py:539} INFO - Filling up the DagBag from /workspaces/hands-on-introduction-data-engineering-4395021/airflow/dags/basic_etl_task.py
[2023-09-27T07:11:09.952+0000] {processor.py:839} INFO - DAG(s) dict_keys(['ETL_dag']) retrieved from /workspaces/hands-on-introduction-data-engineering-4395021/airflow/dags/basic_etl_task.py
[2023-09-27T07:11:09.965+0000] {logging_mixin.py:151} INFO - [2023-09-27T07:11:09.964+0000] {dag.py:2915} INFO - Sync 1 DAGs
[2023-09-27T07:11:09.972+0000] {logging_mixin.py:151} INFO - [2023-09-27T07:11:09.972+0000] {dag.py:3696} INFO - Setting next_dagrun for ETL_dag to None, run_after=None
[2023-09-27T07:11:10.014+0000] {processor.py:179} INFO - Processing /workspaces/hands-on-introduction-data-engineering-4395021/airflow/dags/basic_etl_task.py took 0.396 seconds
[2023-09-27T07:11:40.389+0000] {processor.py:157} INFO - Started process (PID=77449) to work on /workspaces/hands-on-introduction-data-engineering-4395021/airflow/dags/basic_etl_task.py
[2023-09-27T07:11:40.390+0000] {processor.py:829} INFO - Processing file /workspaces/hands-on-introduction-data-engineering-4395021/airflow/dags/basic_etl_task.py for tasks to queue
[2023-09-27T07:11:40.391+0000] {logging_mixin.py:151} INFO - [2023-09-27T07:11:40.390+0000] {dagbag.py:539} INFO - Filling up the DagBag from /workspaces/hands-on-introduction-data-engineering-4395021/airflow/dags/basic_etl_task.py
[2023-09-27T07:11:40.738+0000] {processor.py:839} INFO - DAG(s) dict_keys(['ETL_dag']) retrieved from /workspaces/hands-on-introduction-data-engineering-4395021/airflow/dags/basic_etl_task.py
[2023-09-27T07:11:40.751+0000] {logging_mixin.py:151} INFO - [2023-09-27T07:11:40.750+0000] {dag.py:2915} INFO - Sync 1 DAGs
[2023-09-27T07:11:40.758+0000] {logging_mixin.py:151} INFO - [2023-09-27T07:11:40.758+0000] {dag.py:3696} INFO - Setting next_dagrun for ETL_dag to None, run_after=None
[2023-09-27T07:11:40.809+0000] {processor.py:179} INFO - Processing /workspaces/hands-on-introduction-data-engineering-4395021/airflow/dags/basic_etl_task.py took 0.422 seconds
[2023-09-27T07:12:00.684+0000] {processor.py:157} INFO - Started process (PID=77589) to work on /workspaces/hands-on-introduction-data-engineering-4395021/airflow/dags/basic_etl_task.py
[2023-09-27T07:12:00.685+0000] {processor.py:829} INFO - Processing file /workspaces/hands-on-introduction-data-engineering-4395021/airflow/dags/basic_etl_task.py for tasks to queue
[2023-09-27T07:12:00.686+0000] {logging_mixin.py:151} INFO - [2023-09-27T07:12:00.686+0000] {dagbag.py:539} INFO - Filling up the DagBag from /workspaces/hands-on-introduction-data-engineering-4395021/airflow/dags/basic_etl_task.py
[2023-09-27T07:12:01.204+0000] {processor.py:839} INFO - DAG(s) dict_keys(['ETL_dag']) retrieved from /workspaces/hands-on-introduction-data-engineering-4395021/airflow/dags/basic_etl_task.py
[2023-09-27T07:12:01.316+0000] {logging_mixin.py:151} INFO - [2023-09-27T07:12:01.316+0000] {security.py:708} INFO - Not syncing DAG-level permissions for DAG 'DAG:ETL_dag' as access control is unset.
[2023-09-27T07:12:01.317+0000] {logging_mixin.py:151} INFO - [2023-09-27T07:12:01.317+0000] {dag.py:2915} INFO - Sync 1 DAGs
[2023-09-27T07:12:01.328+0000] {logging_mixin.py:151} INFO - [2023-09-27T07:12:01.327+0000] {dag.py:3696} INFO - Setting next_dagrun for ETL_dag to None, run_after=None
[2023-09-27T07:12:01.380+0000] {processor.py:179} INFO - Processing /workspaces/hands-on-introduction-data-engineering-4395021/airflow/dags/basic_etl_task.py took 0.699 seconds
[2023-09-27T07:12:32.217+0000] {processor.py:157} INFO - Started process (PID=78008) to work on /workspaces/hands-on-introduction-data-engineering-4395021/airflow/dags/basic_etl_task.py
[2023-09-27T07:12:32.217+0000] {processor.py:829} INFO - Processing file /workspaces/hands-on-introduction-data-engineering-4395021/airflow/dags/basic_etl_task.py for tasks to queue
[2023-09-27T07:12:32.218+0000] {logging_mixin.py:151} INFO - [2023-09-27T07:12:32.217+0000] {dagbag.py:539} INFO - Filling up the DagBag from /workspaces/hands-on-introduction-data-engineering-4395021/airflow/dags/basic_etl_task.py
[2023-09-27T07:12:32.544+0000] {processor.py:839} INFO - DAG(s) dict_keys(['ETL_dag']) retrieved from /workspaces/hands-on-introduction-data-engineering-4395021/airflow/dags/basic_etl_task.py
[2023-09-27T07:12:32.557+0000] {logging_mixin.py:151} INFO - [2023-09-27T07:12:32.557+0000] {dag.py:2915} INFO - Sync 1 DAGs
[2023-09-27T07:12:32.564+0000] {logging_mixin.py:151} INFO - [2023-09-27T07:12:32.564+0000] {dag.py:3696} INFO - Setting next_dagrun for ETL_dag to None, run_after=None
[2023-09-27T07:12:32.616+0000] {processor.py:179} INFO - Processing /workspaces/hands-on-introduction-data-engineering-4395021/airflow/dags/basic_etl_task.py took 0.401 seconds
[2023-09-27T07:13:02.949+0000] {processor.py:157} INFO - Started process (PID=78216) to work on /workspaces/hands-on-introduction-data-engineering-4395021/airflow/dags/basic_etl_task.py
[2023-09-27T07:13:02.949+0000] {processor.py:829} INFO - Processing file /workspaces/hands-on-introduction-data-engineering-4395021/airflow/dags/basic_etl_task.py for tasks to queue
[2023-09-27T07:13:02.950+0000] {logging_mixin.py:151} INFO - [2023-09-27T07:13:02.950+0000] {dagbag.py:539} INFO - Filling up the DagBag from /workspaces/hands-on-introduction-data-engineering-4395021/airflow/dags/basic_etl_task.py
[2023-09-27T07:13:03.282+0000] {processor.py:839} INFO - DAG(s) dict_keys(['ETL_dag']) retrieved from /workspaces/hands-on-introduction-data-engineering-4395021/airflow/dags/basic_etl_task.py
[2023-09-27T07:13:03.295+0000] {logging_mixin.py:151} INFO - [2023-09-27T07:13:03.294+0000] {dag.py:2915} INFO - Sync 1 DAGs
[2023-09-27T07:13:03.302+0000] {logging_mixin.py:151} INFO - [2023-09-27T07:13:03.302+0000] {dag.py:3696} INFO - Setting next_dagrun for ETL_dag to None, run_after=None
[2023-09-27T07:13:03.341+0000] {processor.py:179} INFO - Processing /workspaces/hands-on-introduction-data-engineering-4395021/airflow/dags/basic_etl_task.py took 0.394 seconds
[2023-09-27T07:13:33.717+0000] {processor.py:157} INFO - Started process (PID=78442) to work on /workspaces/hands-on-introduction-data-engineering-4395021/airflow/dags/basic_etl_task.py
[2023-09-27T07:13:33.717+0000] {processor.py:829} INFO - Processing file /workspaces/hands-on-introduction-data-engineering-4395021/airflow/dags/basic_etl_task.py for tasks to queue
[2023-09-27T07:13:33.718+0000] {logging_mixin.py:151} INFO - [2023-09-27T07:13:33.718+0000] {dagbag.py:539} INFO - Filling up the DagBag from /workspaces/hands-on-introduction-data-engineering-4395021/airflow/dags/basic_etl_task.py
[2023-09-27T07:13:34.097+0000] {processor.py:839} INFO - DAG(s) dict_keys(['ETL_dag']) retrieved from /workspaces/hands-on-introduction-data-engineering-4395021/airflow/dags/basic_etl_task.py
[2023-09-27T07:13:34.110+0000] {logging_mixin.py:151} INFO - [2023-09-27T07:13:34.110+0000] {dag.py:2915} INFO - Sync 1 DAGs
[2023-09-27T07:13:34.117+0000] {logging_mixin.py:151} INFO - [2023-09-27T07:13:34.117+0000] {dag.py:3696} INFO - Setting next_dagrun for ETL_dag to None, run_after=None
[2023-09-27T07:13:34.157+0000] {processor.py:179} INFO - Processing /workspaces/hands-on-introduction-data-engineering-4395021/airflow/dags/basic_etl_task.py took 0.442 seconds
[2023-09-27T07:14:04.311+0000] {processor.py:157} INFO - Started process (PID=78641) to work on /workspaces/hands-on-introduction-data-engineering-4395021/airflow/dags/basic_etl_task.py
[2023-09-27T07:14:04.312+0000] {processor.py:829} INFO - Processing file /workspaces/hands-on-introduction-data-engineering-4395021/airflow/dags/basic_etl_task.py for tasks to queue
[2023-09-27T07:14:04.312+0000] {logging_mixin.py:151} INFO - [2023-09-27T07:14:04.312+0000] {dagbag.py:539} INFO - Filling up the DagBag from /workspaces/hands-on-introduction-data-engineering-4395021/airflow/dags/basic_etl_task.py
[2023-09-27T07:14:04.638+0000] {processor.py:839} INFO - DAG(s) dict_keys(['ETL_dag']) retrieved from /workspaces/hands-on-introduction-data-engineering-4395021/airflow/dags/basic_etl_task.py
[2023-09-27T07:14:04.651+0000] {logging_mixin.py:151} INFO - [2023-09-27T07:14:04.650+0000] {dag.py:2915} INFO - Sync 1 DAGs
[2023-09-27T07:14:04.658+0000] {logging_mixin.py:151} INFO - [2023-09-27T07:14:04.658+0000] {dag.py:3696} INFO - Setting next_dagrun for ETL_dag to None, run_after=None
[2023-09-27T07:14:04.725+0000] {processor.py:179} INFO - Processing /workspaces/hands-on-introduction-data-engineering-4395021/airflow/dags/basic_etl_task.py took 0.416 seconds
[2023-09-27T07:14:34.908+0000] {processor.py:157} INFO - Started process (PID=78896) to work on /workspaces/hands-on-introduction-data-engineering-4395021/airflow/dags/basic_etl_task.py
[2023-09-27T07:14:34.909+0000] {processor.py:829} INFO - Processing file /workspaces/hands-on-introduction-data-engineering-4395021/airflow/dags/basic_etl_task.py for tasks to queue
[2023-09-27T07:14:34.909+0000] {logging_mixin.py:151} INFO - [2023-09-27T07:14:34.909+0000] {dagbag.py:539} INFO - Filling up the DagBag from /workspaces/hands-on-introduction-data-engineering-4395021/airflow/dags/basic_etl_task.py
[2023-09-27T07:14:35.231+0000] {processor.py:839} INFO - DAG(s) dict_keys(['ETL_dag']) retrieved from /workspaces/hands-on-introduction-data-engineering-4395021/airflow/dags/basic_etl_task.py
[2023-09-27T07:14:35.244+0000] {logging_mixin.py:151} INFO - [2023-09-27T07:14:35.243+0000] {dag.py:2915} INFO - Sync 1 DAGs
[2023-09-27T07:14:35.251+0000] {logging_mixin.py:151} INFO - [2023-09-27T07:14:35.251+0000] {dag.py:3696} INFO - Setting next_dagrun for ETL_dag to None, run_after=None
[2023-09-27T07:14:35.293+0000] {processor.py:179} INFO - Processing /workspaces/hands-on-introduction-data-engineering-4395021/airflow/dags/basic_etl_task.py took 0.386 seconds
[2023-09-27T07:15:05.400+0000] {processor.py:157} INFO - Started process (PID=79082) to work on /workspaces/hands-on-introduction-data-engineering-4395021/airflow/dags/basic_etl_task.py
[2023-09-27T07:15:05.400+0000] {processor.py:829} INFO - Processing file /workspaces/hands-on-introduction-data-engineering-4395021/airflow/dags/basic_etl_task.py for tasks to queue
[2023-09-27T07:15:05.401+0000] {logging_mixin.py:151} INFO - [2023-09-27T07:15:05.401+0000] {dagbag.py:539} INFO - Filling up the DagBag from /workspaces/hands-on-introduction-data-engineering-4395021/airflow/dags/basic_etl_task.py
[2023-09-27T07:15:05.733+0000] {processor.py:839} INFO - DAG(s) dict_keys(['ETL_dag']) retrieved from /workspaces/hands-on-introduction-data-engineering-4395021/airflow/dags/basic_etl_task.py
[2023-09-27T07:15:05.745+0000] {logging_mixin.py:151} INFO - [2023-09-27T07:15:05.745+0000] {dag.py:2915} INFO - Sync 1 DAGs
[2023-09-27T07:15:05.752+0000] {logging_mixin.py:151} INFO - [2023-09-27T07:15:05.752+0000] {dag.py:3696} INFO - Setting next_dagrun for ETL_dag to None, run_after=None
[2023-09-27T07:15:05.798+0000] {processor.py:179} INFO - Processing /workspaces/hands-on-introduction-data-engineering-4395021/airflow/dags/basic_etl_task.py took 0.399 seconds
[2023-09-27T07:15:35.934+0000] {processor.py:157} INFO - Started process (PID=79273) to work on /workspaces/hands-on-introduction-data-engineering-4395021/airflow/dags/basic_etl_task.py
[2023-09-27T07:15:35.935+0000] {processor.py:829} INFO - Processing file /workspaces/hands-on-introduction-data-engineering-4395021/airflow/dags/basic_etl_task.py for tasks to queue
[2023-09-27T07:15:35.935+0000] {logging_mixin.py:151} INFO - [2023-09-27T07:15:35.935+0000] {dagbag.py:539} INFO - Filling up the DagBag from /workspaces/hands-on-introduction-data-engineering-4395021/airflow/dags/basic_etl_task.py
[2023-09-27T07:15:36.257+0000] {processor.py:839} INFO - DAG(s) dict_keys(['ETL_dag']) retrieved from /workspaces/hands-on-introduction-data-engineering-4395021/airflow/dags/basic_etl_task.py
[2023-09-27T07:15:36.270+0000] {logging_mixin.py:151} INFO - [2023-09-27T07:15:36.270+0000] {dag.py:2915} INFO - Sync 1 DAGs
[2023-09-27T07:15:36.278+0000] {logging_mixin.py:151} INFO - [2023-09-27T07:15:36.278+0000] {dag.py:3696} INFO - Setting next_dagrun for ETL_dag to None, run_after=None
[2023-09-27T07:15:36.326+0000] {processor.py:179} INFO - Processing /workspaces/hands-on-introduction-data-engineering-4395021/airflow/dags/basic_etl_task.py took 0.394 seconds
[2023-09-27T07:16:06.453+0000] {processor.py:157} INFO - Started process (PID=79462) to work on /workspaces/hands-on-introduction-data-engineering-4395021/airflow/dags/basic_etl_task.py
[2023-09-27T07:16:06.453+0000] {processor.py:829} INFO - Processing file /workspaces/hands-on-introduction-data-engineering-4395021/airflow/dags/basic_etl_task.py for tasks to queue
[2023-09-27T07:16:06.454+0000] {logging_mixin.py:151} INFO - [2023-09-27T07:16:06.454+0000] {dagbag.py:539} INFO - Filling up the DagBag from /workspaces/hands-on-introduction-data-engineering-4395021/airflow/dags/basic_etl_task.py
[2023-09-27T07:16:06.785+0000] {processor.py:839} INFO - DAG(s) dict_keys(['ETL_dag']) retrieved from /workspaces/hands-on-introduction-data-engineering-4395021/airflow/dags/basic_etl_task.py
[2023-09-27T07:16:06.798+0000] {logging_mixin.py:151} INFO - [2023-09-27T07:16:06.798+0000] {dag.py:2915} INFO - Sync 1 DAGs
[2023-09-27T07:16:06.806+0000] {logging_mixin.py:151} INFO - [2023-09-27T07:16:06.806+0000] {dag.py:3696} INFO - Setting next_dagrun for ETL_dag to None, run_after=None
[2023-09-27T07:16:06.848+0000] {processor.py:179} INFO - Processing /workspaces/hands-on-introduction-data-engineering-4395021/airflow/dags/basic_etl_task.py took 0.397 seconds
[2023-09-27T07:16:36.944+0000] {processor.py:157} INFO - Started process (PID=79651) to work on /workspaces/hands-on-introduction-data-engineering-4395021/airflow/dags/basic_etl_task.py
[2023-09-27T07:16:36.944+0000] {processor.py:829} INFO - Processing file /workspaces/hands-on-introduction-data-engineering-4395021/airflow/dags/basic_etl_task.py for tasks to queue
[2023-09-27T07:16:36.945+0000] {logging_mixin.py:151} INFO - [2023-09-27T07:16:36.945+0000] {dagbag.py:539} INFO - Filling up the DagBag from /workspaces/hands-on-introduction-data-engineering-4395021/airflow/dags/basic_etl_task.py
[2023-09-27T07:16:37.292+0000] {processor.py:839} INFO - DAG(s) dict_keys(['ETL_dag']) retrieved from /workspaces/hands-on-introduction-data-engineering-4395021/airflow/dags/basic_etl_task.py
[2023-09-27T07:16:37.305+0000] {logging_mixin.py:151} INFO - [2023-09-27T07:16:37.305+0000] {dag.py:2915} INFO - Sync 1 DAGs
[2023-09-27T07:16:37.313+0000] {logging_mixin.py:151} INFO - [2023-09-27T07:16:37.312+0000] {dag.py:3696} INFO - Setting next_dagrun for ETL_dag to None, run_after=None
[2023-09-27T07:16:37.361+0000] {processor.py:179} INFO - Processing /workspaces/hands-on-introduction-data-engineering-4395021/airflow/dags/basic_etl_task.py took 0.419 seconds
[2023-09-27T07:16:48.896+0000] {processor.py:157} INFO - Started process (PID=79728) to work on /workspaces/hands-on-introduction-data-engineering-4395021/airflow/dags/basic_etl_task.py
[2023-09-27T07:16:48.897+0000] {processor.py:829} INFO - Processing file /workspaces/hands-on-introduction-data-engineering-4395021/airflow/dags/basic_etl_task.py for tasks to queue
[2023-09-27T07:16:48.898+0000] {logging_mixin.py:151} INFO - [2023-09-27T07:16:48.898+0000] {dagbag.py:539} INFO - Filling up the DagBag from /workspaces/hands-on-introduction-data-engineering-4395021/airflow/dags/basic_etl_task.py
[2023-09-27T07:16:49.417+0000] {processor.py:839} INFO - DAG(s) dict_keys(['ETL_dag']) retrieved from /workspaces/hands-on-introduction-data-engineering-4395021/airflow/dags/basic_etl_task.py
[2023-09-27T07:16:49.437+0000] {logging_mixin.py:151} INFO - [2023-09-27T07:16:49.436+0000] {dag.py:2915} INFO - Sync 1 DAGs
[2023-09-27T07:16:49.448+0000] {logging_mixin.py:151} INFO - [2023-09-27T07:16:49.448+0000] {dag.py:3696} INFO - Setting next_dagrun for ETL_dag to None, run_after=None
[2023-09-27T07:16:49.505+0000] {processor.py:179} INFO - Processing /workspaces/hands-on-introduction-data-engineering-4395021/airflow/dags/basic_etl_task.py took 0.611 seconds
