[2023-09-27T08:52:22.021+0000] {processor.py:157} INFO - Started process (PID=21743) to work on /workspaces/hands-on-introduction-data-engineering-4395021/airflow/dags/challenge_etl_task.py
[2023-09-27T08:52:22.021+0000] {processor.py:829} INFO - Processing file /workspaces/hands-on-introduction-data-engineering-4395021/airflow/dags/challenge_etl_task.py for tasks to queue
[2023-09-27T08:52:22.022+0000] {logging_mixin.py:151} INFO - [2023-09-27T08:52:22.022+0000] {dagbag.py:539} INFO - Filling up the DagBag from /workspaces/hands-on-introduction-data-engineering-4395021/airflow/dags/challenge_etl_task.py
[2023-09-27T08:52:22.261+0000] {processor.py:839} INFO - DAG(s) dict_keys(['Challenge_ETL_dag']) retrieved from /workspaces/hands-on-introduction-data-engineering-4395021/airflow/dags/challenge_etl_task.py
[2023-09-27T08:52:22.266+0000] {logging_mixin.py:151} INFO - [2023-09-27T08:52:22.266+0000] {dag.py:2915} INFO - Sync 1 DAGs
[2023-09-27T08:52:22.364+0000] {logging_mixin.py:151} INFO - [2023-09-27T08:52:22.364+0000] {dag.py:3696} INFO - Setting next_dagrun for Challenge_ETL_dag to None, run_after=None
[2023-09-27T08:52:22.403+0000] {processor.py:179} INFO - Processing /workspaces/hands-on-introduction-data-engineering-4395021/airflow/dags/challenge_etl_task.py took 0.383 seconds
[2023-09-27T08:52:53.484+0000] {processor.py:157} INFO - Started process (PID=22443) to work on /workspaces/hands-on-introduction-data-engineering-4395021/airflow/dags/challenge_etl_task.py
[2023-09-27T08:52:53.485+0000] {processor.py:829} INFO - Processing file /workspaces/hands-on-introduction-data-engineering-4395021/airflow/dags/challenge_etl_task.py for tasks to queue
[2023-09-27T08:52:53.486+0000] {logging_mixin.py:151} INFO - [2023-09-27T08:52:53.486+0000] {dagbag.py:539} INFO - Filling up the DagBag from /workspaces/hands-on-introduction-data-engineering-4395021/airflow/dags/challenge_etl_task.py
[2023-09-27T08:52:53.879+0000] {processor.py:839} INFO - DAG(s) dict_keys(['Challenge_ETL_dag']) retrieved from /workspaces/hands-on-introduction-data-engineering-4395021/airflow/dags/challenge_etl_task.py
[2023-09-27T08:52:53.891+0000] {logging_mixin.py:151} INFO - [2023-09-27T08:52:53.891+0000] {dag.py:2915} INFO - Sync 1 DAGs
[2023-09-27T08:52:53.898+0000] {logging_mixin.py:151} INFO - [2023-09-27T08:52:53.898+0000] {dag.py:3696} INFO - Setting next_dagrun for Challenge_ETL_dag to None, run_after=None
[2023-09-27T08:52:53.940+0000] {processor.py:179} INFO - Processing /workspaces/hands-on-introduction-data-engineering-4395021/airflow/dags/challenge_etl_task.py took 0.458 seconds
[2023-09-27T08:53:24.283+0000] {processor.py:157} INFO - Started process (PID=22784) to work on /workspaces/hands-on-introduction-data-engineering-4395021/airflow/dags/challenge_etl_task.py
[2023-09-27T08:53:24.283+0000] {processor.py:829} INFO - Processing file /workspaces/hands-on-introduction-data-engineering-4395021/airflow/dags/challenge_etl_task.py for tasks to queue
[2023-09-27T08:53:24.284+0000] {logging_mixin.py:151} INFO - [2023-09-27T08:53:24.284+0000] {dagbag.py:539} INFO - Filling up the DagBag from /workspaces/hands-on-introduction-data-engineering-4395021/airflow/dags/challenge_etl_task.py
[2023-09-27T08:53:24.523+0000] {processor.py:839} INFO - DAG(s) dict_keys(['Challenge_ETL_dag']) retrieved from /workspaces/hands-on-introduction-data-engineering-4395021/airflow/dags/challenge_etl_task.py
[2023-09-27T08:53:24.536+0000] {logging_mixin.py:151} INFO - [2023-09-27T08:53:24.536+0000] {dag.py:2915} INFO - Sync 1 DAGs
[2023-09-27T08:53:24.544+0000] {logging_mixin.py:151} INFO - [2023-09-27T08:53:24.544+0000] {dag.py:3696} INFO - Setting next_dagrun for Challenge_ETL_dag to None, run_after=None
[2023-09-27T08:53:24.582+0000] {processor.py:179} INFO - Processing /workspaces/hands-on-introduction-data-engineering-4395021/airflow/dags/challenge_etl_task.py took 0.301 seconds
[2023-09-27T08:53:55.060+0000] {processor.py:157} INFO - Started process (PID=23098) to work on /workspaces/hands-on-introduction-data-engineering-4395021/airflow/dags/challenge_etl_task.py
[2023-09-27T08:53:55.060+0000] {processor.py:829} INFO - Processing file /workspaces/hands-on-introduction-data-engineering-4395021/airflow/dags/challenge_etl_task.py for tasks to queue
[2023-09-27T08:53:55.061+0000] {logging_mixin.py:151} INFO - [2023-09-27T08:53:55.061+0000] {dagbag.py:539} INFO - Filling up the DagBag from /workspaces/hands-on-introduction-data-engineering-4395021/airflow/dags/challenge_etl_task.py
[2023-09-27T08:53:55.347+0000] {processor.py:839} INFO - DAG(s) dict_keys(['Challenge_ETL_dag']) retrieved from /workspaces/hands-on-introduction-data-engineering-4395021/airflow/dags/challenge_etl_task.py
[2023-09-27T08:53:55.399+0000] {logging_mixin.py:151} INFO - [2023-09-27T08:53:55.399+0000] {dag.py:2915} INFO - Sync 1 DAGs
[2023-09-27T08:53:55.409+0000] {logging_mixin.py:151} INFO - [2023-09-27T08:53:55.409+0000] {dag.py:3696} INFO - Setting next_dagrun for Challenge_ETL_dag to None, run_after=None
[2023-09-27T08:53:55.549+0000] {processor.py:179} INFO - Processing /workspaces/hands-on-introduction-data-engineering-4395021/airflow/dags/challenge_etl_task.py took 0.491 seconds
[2023-09-27T08:54:20.956+0000] {processor.py:157} INFO - Started process (PID=23357) to work on /workspaces/hands-on-introduction-data-engineering-4395021/airflow/dags/challenge_etl_task.py
[2023-09-27T08:54:20.957+0000] {processor.py:829} INFO - Processing file /workspaces/hands-on-introduction-data-engineering-4395021/airflow/dags/challenge_etl_task.py for tasks to queue
[2023-09-27T08:54:20.958+0000] {logging_mixin.py:151} INFO - [2023-09-27T08:54:20.957+0000] {dagbag.py:539} INFO - Filling up the DagBag from /workspaces/hands-on-introduction-data-engineering-4395021/airflow/dags/challenge_etl_task.py
[2023-09-27T08:54:21.397+0000] {processor.py:839} INFO - DAG(s) dict_keys(['Challenge_ETL_dag']) retrieved from /workspaces/hands-on-introduction-data-engineering-4395021/airflow/dags/challenge_etl_task.py
[2023-09-27T08:54:21.643+0000] {logging_mixin.py:151} INFO - [2023-09-27T08:54:21.642+0000] {security.py:708} INFO - Not syncing DAG-level permissions for DAG 'DAG:Challenge_ETL_dag' as access control is unset.
[2023-09-27T08:54:21.643+0000] {logging_mixin.py:151} INFO - [2023-09-27T08:54:21.643+0000] {dag.py:2915} INFO - Sync 1 DAGs
[2023-09-27T08:54:21.654+0000] {logging_mixin.py:151} INFO - [2023-09-27T08:54:21.654+0000] {dag.py:3696} INFO - Setting next_dagrun for Challenge_ETL_dag to None, run_after=None
[2023-09-27T08:54:21.704+0000] {processor.py:179} INFO - Processing /workspaces/hands-on-introduction-data-engineering-4395021/airflow/dags/challenge_etl_task.py took 0.751 seconds
[2023-09-27T08:54:52.223+0000] {processor.py:157} INFO - Started process (PID=23643) to work on /workspaces/hands-on-introduction-data-engineering-4395021/airflow/dags/challenge_etl_task.py
[2023-09-27T08:54:52.224+0000] {processor.py:829} INFO - Processing file /workspaces/hands-on-introduction-data-engineering-4395021/airflow/dags/challenge_etl_task.py for tasks to queue
[2023-09-27T08:54:52.224+0000] {logging_mixin.py:151} INFO - [2023-09-27T08:54:52.224+0000] {dagbag.py:539} INFO - Filling up the DagBag from /workspaces/hands-on-introduction-data-engineering-4395021/airflow/dags/challenge_etl_task.py
[2023-09-27T08:54:52.461+0000] {processor.py:839} INFO - DAG(s) dict_keys(['Challenge_ETL_dag']) retrieved from /workspaces/hands-on-introduction-data-engineering-4395021/airflow/dags/challenge_etl_task.py
[2023-09-27T08:54:52.474+0000] {logging_mixin.py:151} INFO - [2023-09-27T08:54:52.474+0000] {dag.py:2915} INFO - Sync 1 DAGs
[2023-09-27T08:54:52.578+0000] {logging_mixin.py:151} INFO - [2023-09-27T08:54:52.578+0000] {dag.py:3696} INFO - Setting next_dagrun for Challenge_ETL_dag to None, run_after=None
[2023-09-27T08:54:52.618+0000] {processor.py:179} INFO - Processing /workspaces/hands-on-introduction-data-engineering-4395021/airflow/dags/challenge_etl_task.py took 0.396 seconds
[2023-09-27T08:55:22.685+0000] {processor.py:157} INFO - Started process (PID=24056) to work on /workspaces/hands-on-introduction-data-engineering-4395021/airflow/dags/challenge_etl_task.py
[2023-09-27T08:55:22.685+0000] {processor.py:829} INFO - Processing file /workspaces/hands-on-introduction-data-engineering-4395021/airflow/dags/challenge_etl_task.py for tasks to queue
[2023-09-27T08:55:22.686+0000] {logging_mixin.py:151} INFO - [2023-09-27T08:55:22.686+0000] {dagbag.py:539} INFO - Filling up the DagBag from /workspaces/hands-on-introduction-data-engineering-4395021/airflow/dags/challenge_etl_task.py
[2023-09-27T08:55:22.931+0000] {processor.py:839} INFO - DAG(s) dict_keys(['Challenge_ETL_dag']) retrieved from /workspaces/hands-on-introduction-data-engineering-4395021/airflow/dags/challenge_etl_task.py
[2023-09-27T08:55:22.945+0000] {logging_mixin.py:151} INFO - [2023-09-27T08:55:22.945+0000] {dag.py:2915} INFO - Sync 1 DAGs
[2023-09-27T08:55:23.048+0000] {logging_mixin.py:151} INFO - [2023-09-27T08:55:23.048+0000] {dag.py:3696} INFO - Setting next_dagrun for Challenge_ETL_dag to None, run_after=None
[2023-09-27T08:55:23.086+0000] {processor.py:179} INFO - Processing /workspaces/hands-on-introduction-data-engineering-4395021/airflow/dags/challenge_etl_task.py took 0.403 seconds
[2023-09-27T08:55:53.356+0000] {processor.py:157} INFO - Started process (PID=24273) to work on /workspaces/hands-on-introduction-data-engineering-4395021/airflow/dags/challenge_etl_task.py
[2023-09-27T08:55:53.357+0000] {processor.py:829} INFO - Processing file /workspaces/hands-on-introduction-data-engineering-4395021/airflow/dags/challenge_etl_task.py for tasks to queue
[2023-09-27T08:55:53.358+0000] {logging_mixin.py:151} INFO - [2023-09-27T08:55:53.357+0000] {dagbag.py:539} INFO - Filling up the DagBag from /workspaces/hands-on-introduction-data-engineering-4395021/airflow/dags/challenge_etl_task.py
[2023-09-27T08:55:53.705+0000] {processor.py:839} INFO - DAG(s) dict_keys(['Challenge_ETL_dag']) retrieved from /workspaces/hands-on-introduction-data-engineering-4395021/airflow/dags/challenge_etl_task.py
[2023-09-27T08:55:53.845+0000] {logging_mixin.py:151} INFO - [2023-09-27T08:55:53.844+0000] {dag.py:2915} INFO - Sync 1 DAGs
[2023-09-27T08:55:53.856+0000] {logging_mixin.py:151} INFO - [2023-09-27T08:55:53.855+0000] {dag.py:3696} INFO - Setting next_dagrun for Challenge_ETL_dag to None, run_after=None
[2023-09-27T08:55:53.901+0000] {processor.py:179} INFO - Processing /workspaces/hands-on-introduction-data-engineering-4395021/airflow/dags/challenge_etl_task.py took 0.548 seconds
[2023-09-27T08:56:24.916+0000] {processor.py:157} INFO - Started process (PID=24728) to work on /workspaces/hands-on-introduction-data-engineering-4395021/airflow/dags/challenge_etl_task.py
[2023-09-27T08:56:24.916+0000] {processor.py:829} INFO - Processing file /workspaces/hands-on-introduction-data-engineering-4395021/airflow/dags/challenge_etl_task.py for tasks to queue
[2023-09-27T08:56:24.917+0000] {logging_mixin.py:151} INFO - [2023-09-27T08:56:24.917+0000] {dagbag.py:539} INFO - Filling up the DagBag from /workspaces/hands-on-introduction-data-engineering-4395021/airflow/dags/challenge_etl_task.py
[2023-09-27T08:56:25.155+0000] {processor.py:839} INFO - DAG(s) dict_keys(['Challenge_ETL_dag']) retrieved from /workspaces/hands-on-introduction-data-engineering-4395021/airflow/dags/challenge_etl_task.py
[2023-09-27T08:56:25.270+0000] {logging_mixin.py:151} INFO - [2023-09-27T08:56:25.269+0000] {dag.py:2915} INFO - Sync 1 DAGs
[2023-09-27T08:56:25.282+0000] {logging_mixin.py:151} INFO - [2023-09-27T08:56:25.282+0000] {dag.py:3696} INFO - Setting next_dagrun for Challenge_ETL_dag to None, run_after=None
[2023-09-27T08:56:25.328+0000] {processor.py:179} INFO - Processing /workspaces/hands-on-introduction-data-engineering-4395021/airflow/dags/challenge_etl_task.py took 0.414 seconds
[2023-09-27T08:56:55.855+0000] {processor.py:157} INFO - Started process (PID=24928) to work on /workspaces/hands-on-introduction-data-engineering-4395021/airflow/dags/challenge_etl_task.py
[2023-09-27T08:56:55.855+0000] {processor.py:829} INFO - Processing file /workspaces/hands-on-introduction-data-engineering-4395021/airflow/dags/challenge_etl_task.py for tasks to queue
[2023-09-27T08:56:55.856+0000] {logging_mixin.py:151} INFO - [2023-09-27T08:56:55.856+0000] {dagbag.py:539} INFO - Filling up the DagBag from /workspaces/hands-on-introduction-data-engineering-4395021/airflow/dags/challenge_etl_task.py
[2023-09-27T08:56:56.093+0000] {processor.py:839} INFO - DAG(s) dict_keys(['Challenge_ETL_dag']) retrieved from /workspaces/hands-on-introduction-data-engineering-4395021/airflow/dags/challenge_etl_task.py
[2023-09-27T08:56:56.193+0000] {logging_mixin.py:151} INFO - [2023-09-27T08:56:56.192+0000] {dag.py:2915} INFO - Sync 1 DAGs
[2023-09-27T08:56:56.200+0000] {logging_mixin.py:151} INFO - [2023-09-27T08:56:56.199+0000] {dag.py:3696} INFO - Setting next_dagrun for Challenge_ETL_dag to None, run_after=None
[2023-09-27T08:56:56.238+0000] {processor.py:179} INFO - Processing /workspaces/hands-on-introduction-data-engineering-4395021/airflow/dags/challenge_etl_task.py took 0.385 seconds
[2023-09-27T08:57:26.316+0000] {processor.py:157} INFO - Started process (PID=25140) to work on /workspaces/hands-on-introduction-data-engineering-4395021/airflow/dags/challenge_etl_task.py
[2023-09-27T08:57:26.316+0000] {processor.py:829} INFO - Processing file /workspaces/hands-on-introduction-data-engineering-4395021/airflow/dags/challenge_etl_task.py for tasks to queue
[2023-09-27T08:57:26.317+0000] {logging_mixin.py:151} INFO - [2023-09-27T08:57:26.317+0000] {dagbag.py:539} INFO - Filling up the DagBag from /workspaces/hands-on-introduction-data-engineering-4395021/airflow/dags/challenge_etl_task.py
[2023-09-27T08:57:26.672+0000] {processor.py:839} INFO - DAG(s) dict_keys(['Challenge_ETL_dag']) retrieved from /workspaces/hands-on-introduction-data-engineering-4395021/airflow/dags/challenge_etl_task.py
[2023-09-27T08:57:26.683+0000] {logging_mixin.py:151} INFO - [2023-09-27T08:57:26.683+0000] {dag.py:2915} INFO - Sync 1 DAGs
[2023-09-27T08:57:26.690+0000] {logging_mixin.py:151} INFO - [2023-09-27T08:57:26.690+0000] {dag.py:3696} INFO - Setting next_dagrun for Challenge_ETL_dag to None, run_after=None
[2023-09-27T08:57:26.727+0000] {processor.py:179} INFO - Processing /workspaces/hands-on-introduction-data-engineering-4395021/airflow/dags/challenge_etl_task.py took 0.413 seconds
[2023-09-27T08:57:56.873+0000] {processor.py:157} INFO - Started process (PID=25331) to work on /workspaces/hands-on-introduction-data-engineering-4395021/airflow/dags/challenge_etl_task.py
[2023-09-27T08:57:56.874+0000] {processor.py:829} INFO - Processing file /workspaces/hands-on-introduction-data-engineering-4395021/airflow/dags/challenge_etl_task.py for tasks to queue
[2023-09-27T08:57:56.874+0000] {logging_mixin.py:151} INFO - [2023-09-27T08:57:56.874+0000] {dagbag.py:539} INFO - Filling up the DagBag from /workspaces/hands-on-introduction-data-engineering-4395021/airflow/dags/challenge_etl_task.py
[2023-09-27T08:57:57.107+0000] {processor.py:839} INFO - DAG(s) dict_keys(['Challenge_ETL_dag']) retrieved from /workspaces/hands-on-introduction-data-engineering-4395021/airflow/dags/challenge_etl_task.py
[2023-09-27T08:57:57.120+0000] {logging_mixin.py:151} INFO - [2023-09-27T08:57:57.119+0000] {dag.py:2915} INFO - Sync 1 DAGs
[2023-09-27T08:57:57.127+0000] {logging_mixin.py:151} INFO - [2023-09-27T08:57:57.127+0000] {dag.py:3696} INFO - Setting next_dagrun for Challenge_ETL_dag to None, run_after=None
[2023-09-27T08:57:57.166+0000] {processor.py:179} INFO - Processing /workspaces/hands-on-introduction-data-engineering-4395021/airflow/dags/challenge_etl_task.py took 0.295 seconds
[2023-09-27T08:58:27.231+0000] {processor.py:157} INFO - Started process (PID=25529) to work on /workspaces/hands-on-introduction-data-engineering-4395021/airflow/dags/challenge_etl_task.py
[2023-09-27T08:58:27.232+0000] {processor.py:829} INFO - Processing file /workspaces/hands-on-introduction-data-engineering-4395021/airflow/dags/challenge_etl_task.py for tasks to queue
[2023-09-27T08:58:27.233+0000] {logging_mixin.py:151} INFO - [2023-09-27T08:58:27.232+0000] {dagbag.py:539} INFO - Filling up the DagBag from /workspaces/hands-on-introduction-data-engineering-4395021/airflow/dags/challenge_etl_task.py
[2023-09-27T08:58:27.475+0000] {processor.py:839} INFO - DAG(s) dict_keys(['Challenge_ETL_dag']) retrieved from /workspaces/hands-on-introduction-data-engineering-4395021/airflow/dags/challenge_etl_task.py
[2023-09-27T08:58:27.496+0000] {logging_mixin.py:151} INFO - [2023-09-27T08:58:27.496+0000] {dag.py:2915} INFO - Sync 1 DAGs
[2023-09-27T08:58:27.510+0000] {logging_mixin.py:151} INFO - [2023-09-27T08:58:27.510+0000] {dag.py:3696} INFO - Setting next_dagrun for Challenge_ETL_dag to None, run_after=None
[2023-09-27T08:58:27.649+0000] {processor.py:179} INFO - Processing /workspaces/hands-on-introduction-data-engineering-4395021/airflow/dags/challenge_etl_task.py took 0.419 seconds
[2023-09-27T08:58:58.357+0000] {processor.py:157} INFO - Started process (PID=25721) to work on /workspaces/hands-on-introduction-data-engineering-4395021/airflow/dags/challenge_etl_task.py
[2023-09-27T08:58:58.358+0000] {processor.py:829} INFO - Processing file /workspaces/hands-on-introduction-data-engineering-4395021/airflow/dags/challenge_etl_task.py for tasks to queue
[2023-09-27T08:58:58.358+0000] {logging_mixin.py:151} INFO - [2023-09-27T08:58:58.358+0000] {dagbag.py:539} INFO - Filling up the DagBag from /workspaces/hands-on-introduction-data-engineering-4395021/airflow/dags/challenge_etl_task.py
[2023-09-27T08:58:58.674+0000] {processor.py:839} INFO - DAG(s) dict_keys(['Challenge_ETL_dag']) retrieved from /workspaces/hands-on-introduction-data-engineering-4395021/airflow/dags/challenge_etl_task.py
[2023-09-27T08:58:58.688+0000] {logging_mixin.py:151} INFO - [2023-09-27T08:58:58.688+0000] {dag.py:2915} INFO - Sync 1 DAGs
[2023-09-27T08:58:58.788+0000] {logging_mixin.py:151} INFO - [2023-09-27T08:58:58.788+0000] {dag.py:3696} INFO - Setting next_dagrun for Challenge_ETL_dag to None, run_after=None
[2023-09-27T08:58:58.826+0000] {processor.py:179} INFO - Processing /workspaces/hands-on-introduction-data-engineering-4395021/airflow/dags/challenge_etl_task.py took 0.471 seconds
[2023-09-27T08:59:29.129+0000] {processor.py:157} INFO - Started process (PID=26378) to work on /workspaces/hands-on-introduction-data-engineering-4395021/airflow/dags/challenge_etl_task.py
[2023-09-27T08:59:29.131+0000] {processor.py:829} INFO - Processing file /workspaces/hands-on-introduction-data-engineering-4395021/airflow/dags/challenge_etl_task.py for tasks to queue
[2023-09-27T08:59:29.132+0000] {logging_mixin.py:151} INFO - [2023-09-27T08:59:29.131+0000] {dagbag.py:539} INFO - Filling up the DagBag from /workspaces/hands-on-introduction-data-engineering-4395021/airflow/dags/challenge_etl_task.py
[2023-09-27T08:59:29.404+0000] {processor.py:839} INFO - DAG(s) dict_keys(['Challenge_ETL_dag']) retrieved from /workspaces/hands-on-introduction-data-engineering-4395021/airflow/dags/challenge_etl_task.py
[2023-09-27T08:59:29.425+0000] {logging_mixin.py:151} INFO - [2023-09-27T08:59:29.425+0000] {dag.py:2915} INFO - Sync 1 DAGs
[2023-09-27T08:59:29.529+0000] {logging_mixin.py:151} INFO - [2023-09-27T08:59:29.529+0000] {dag.py:3696} INFO - Setting next_dagrun for Challenge_ETL_dag to None, run_after=None
[2023-09-27T08:59:29.566+0000] {processor.py:179} INFO - Processing /workspaces/hands-on-introduction-data-engineering-4395021/airflow/dags/challenge_etl_task.py took 0.439 seconds
[2023-09-27T08:59:59.726+0000] {processor.py:157} INFO - Started process (PID=26727) to work on /workspaces/hands-on-introduction-data-engineering-4395021/airflow/dags/challenge_etl_task.py
[2023-09-27T08:59:59.727+0000] {processor.py:829} INFO - Processing file /workspaces/hands-on-introduction-data-engineering-4395021/airflow/dags/challenge_etl_task.py for tasks to queue
[2023-09-27T08:59:59.727+0000] {logging_mixin.py:151} INFO - [2023-09-27T08:59:59.727+0000] {dagbag.py:539} INFO - Filling up the DagBag from /workspaces/hands-on-introduction-data-engineering-4395021/airflow/dags/challenge_etl_task.py
[2023-09-27T09:00:00.011+0000] {processor.py:839} INFO - DAG(s) dict_keys(['Challenge_ETL_dag']) retrieved from /workspaces/hands-on-introduction-data-engineering-4395021/airflow/dags/challenge_etl_task.py
[2023-09-27T09:00:00.108+0000] {logging_mixin.py:151} INFO - [2023-09-27T09:00:00.108+0000] {dag.py:2915} INFO - Sync 1 DAGs
[2023-09-27T09:00:00.115+0000] {logging_mixin.py:151} INFO - [2023-09-27T09:00:00.115+0000] {dag.py:3696} INFO - Setting next_dagrun for Challenge_ETL_dag to None, run_after=None
[2023-09-27T09:00:00.156+0000] {processor.py:179} INFO - Processing /workspaces/hands-on-introduction-data-engineering-4395021/airflow/dags/challenge_etl_task.py took 0.431 seconds
[2023-09-27T09:00:30.342+0000] {processor.py:157} INFO - Started process (PID=27039) to work on /workspaces/hands-on-introduction-data-engineering-4395021/airflow/dags/challenge_etl_task.py
[2023-09-27T09:00:30.342+0000] {processor.py:829} INFO - Processing file /workspaces/hands-on-introduction-data-engineering-4395021/airflow/dags/challenge_etl_task.py for tasks to queue
[2023-09-27T09:00:30.343+0000] {logging_mixin.py:151} INFO - [2023-09-27T09:00:30.343+0000] {dagbag.py:539} INFO - Filling up the DagBag from /workspaces/hands-on-introduction-data-engineering-4395021/airflow/dags/challenge_etl_task.py
[2023-09-27T09:00:30.588+0000] {processor.py:839} INFO - DAG(s) dict_keys(['Challenge_ETL_dag']) retrieved from /workspaces/hands-on-introduction-data-engineering-4395021/airflow/dags/challenge_etl_task.py
[2023-09-27T09:00:30.686+0000] {logging_mixin.py:151} INFO - [2023-09-27T09:00:30.686+0000] {dag.py:2915} INFO - Sync 1 DAGs
[2023-09-27T09:00:30.694+0000] {logging_mixin.py:151} INFO - [2023-09-27T09:00:30.694+0000] {dag.py:3696} INFO - Setting next_dagrun for Challenge_ETL_dag to None, run_after=None
[2023-09-27T09:00:30.731+0000] {processor.py:179} INFO - Processing /workspaces/hands-on-introduction-data-engineering-4395021/airflow/dags/challenge_etl_task.py took 0.390 seconds
[2023-09-27T09:01:01.832+0000] {processor.py:157} INFO - Started process (PID=27452) to work on /workspaces/hands-on-introduction-data-engineering-4395021/airflow/dags/challenge_etl_task.py
[2023-09-27T09:01:01.833+0000] {processor.py:829} INFO - Processing file /workspaces/hands-on-introduction-data-engineering-4395021/airflow/dags/challenge_etl_task.py for tasks to queue
[2023-09-27T09:01:01.833+0000] {logging_mixin.py:151} INFO - [2023-09-27T09:01:01.833+0000] {dagbag.py:539} INFO - Filling up the DagBag from /workspaces/hands-on-introduction-data-engineering-4395021/airflow/dags/challenge_etl_task.py
[2023-09-27T09:01:02.081+0000] {processor.py:839} INFO - DAG(s) dict_keys(['Challenge_ETL_dag']) retrieved from /workspaces/hands-on-introduction-data-engineering-4395021/airflow/dags/challenge_etl_task.py
[2023-09-27T09:01:02.189+0000] {logging_mixin.py:151} INFO - [2023-09-27T09:01:02.189+0000] {dag.py:2915} INFO - Sync 1 DAGs
[2023-09-27T09:01:02.196+0000] {logging_mixin.py:151} INFO - [2023-09-27T09:01:02.196+0000] {dag.py:3696} INFO - Setting next_dagrun for Challenge_ETL_dag to None, run_after=None
[2023-09-27T09:01:02.235+0000] {processor.py:179} INFO - Processing /workspaces/hands-on-introduction-data-engineering-4395021/airflow/dags/challenge_etl_task.py took 0.404 seconds
[2023-09-27T09:01:33.092+0000] {processor.py:157} INFO - Started process (PID=27747) to work on /workspaces/hands-on-introduction-data-engineering-4395021/airflow/dags/challenge_etl_task.py
[2023-09-27T09:01:33.093+0000] {processor.py:829} INFO - Processing file /workspaces/hands-on-introduction-data-engineering-4395021/airflow/dags/challenge_etl_task.py for tasks to queue
[2023-09-27T09:01:33.094+0000] {logging_mixin.py:151} INFO - [2023-09-27T09:01:33.094+0000] {dagbag.py:539} INFO - Filling up the DagBag from /workspaces/hands-on-introduction-data-engineering-4395021/airflow/dags/challenge_etl_task.py
[2023-09-27T09:01:33.433+0000] {processor.py:839} INFO - DAG(s) dict_keys(['Challenge_ETL_dag']) retrieved from /workspaces/hands-on-introduction-data-engineering-4395021/airflow/dags/challenge_etl_task.py
[2023-09-27T09:01:33.444+0000] {logging_mixin.py:151} INFO - [2023-09-27T09:01:33.444+0000] {dag.py:2915} INFO - Sync 1 DAGs
[2023-09-27T09:01:33.451+0000] {logging_mixin.py:151} INFO - [2023-09-27T09:01:33.451+0000] {dag.py:3696} INFO - Setting next_dagrun for Challenge_ETL_dag to None, run_after=None
[2023-09-27T09:01:33.489+0000] {processor.py:179} INFO - Processing /workspaces/hands-on-introduction-data-engineering-4395021/airflow/dags/challenge_etl_task.py took 0.400 seconds
[2023-09-27T09:02:03.748+0000] {processor.py:157} INFO - Started process (PID=27952) to work on /workspaces/hands-on-introduction-data-engineering-4395021/airflow/dags/challenge_etl_task.py
[2023-09-27T09:02:03.749+0000] {processor.py:829} INFO - Processing file /workspaces/hands-on-introduction-data-engineering-4395021/airflow/dags/challenge_etl_task.py for tasks to queue
[2023-09-27T09:02:03.749+0000] {logging_mixin.py:151} INFO - [2023-09-27T09:02:03.749+0000] {dagbag.py:539} INFO - Filling up the DagBag from /workspaces/hands-on-introduction-data-engineering-4395021/airflow/dags/challenge_etl_task.py
[2023-09-27T09:02:03.991+0000] {processor.py:839} INFO - DAG(s) dict_keys(['Challenge_ETL_dag']) retrieved from /workspaces/hands-on-introduction-data-engineering-4395021/airflow/dags/challenge_etl_task.py
[2023-09-27T09:02:04.005+0000] {logging_mixin.py:151} INFO - [2023-09-27T09:02:04.005+0000] {dag.py:2915} INFO - Sync 1 DAGs
[2023-09-27T09:02:04.012+0000] {logging_mixin.py:151} INFO - [2023-09-27T09:02:04.012+0000] {dag.py:3696} INFO - Setting next_dagrun for Challenge_ETL_dag to None, run_after=None
[2023-09-27T09:02:04.051+0000] {processor.py:179} INFO - Processing /workspaces/hands-on-introduction-data-engineering-4395021/airflow/dags/challenge_etl_task.py took 0.304 seconds
[2023-09-27T09:02:34.204+0000] {processor.py:157} INFO - Started process (PID=28181) to work on /workspaces/hands-on-introduction-data-engineering-4395021/airflow/dags/challenge_etl_task.py
[2023-09-27T09:02:34.205+0000] {processor.py:829} INFO - Processing file /workspaces/hands-on-introduction-data-engineering-4395021/airflow/dags/challenge_etl_task.py for tasks to queue
[2023-09-27T09:02:34.205+0000] {logging_mixin.py:151} INFO - [2023-09-27T09:02:34.205+0000] {dagbag.py:539} INFO - Filling up the DagBag from /workspaces/hands-on-introduction-data-engineering-4395021/airflow/dags/challenge_etl_task.py
[2023-09-27T09:02:34.456+0000] {processor.py:839} INFO - DAG(s) dict_keys(['Challenge_ETL_dag']) retrieved from /workspaces/hands-on-introduction-data-engineering-4395021/airflow/dags/challenge_etl_task.py
[2023-09-27T09:02:34.470+0000] {logging_mixin.py:151} INFO - [2023-09-27T09:02:34.470+0000] {dag.py:2915} INFO - Sync 1 DAGs
[2023-09-27T09:02:34.478+0000] {logging_mixin.py:151} INFO - [2023-09-27T09:02:34.478+0000] {dag.py:3696} INFO - Setting next_dagrun for Challenge_ETL_dag to None, run_after=None
[2023-09-27T09:02:34.602+0000] {processor.py:179} INFO - Processing /workspaces/hands-on-introduction-data-engineering-4395021/airflow/dags/challenge_etl_task.py took 0.399 seconds
[2023-09-27T09:03:04.662+0000] {processor.py:157} INFO - Started process (PID=28381) to work on /workspaces/hands-on-introduction-data-engineering-4395021/airflow/dags/challenge_etl_task.py
[2023-09-27T09:03:04.663+0000] {processor.py:829} INFO - Processing file /workspaces/hands-on-introduction-data-engineering-4395021/airflow/dags/challenge_etl_task.py for tasks to queue
[2023-09-27T09:03:04.664+0000] {logging_mixin.py:151} INFO - [2023-09-27T09:03:04.664+0000] {dagbag.py:539} INFO - Filling up the DagBag from /workspaces/hands-on-introduction-data-engineering-4395021/airflow/dags/challenge_etl_task.py
[2023-09-27T09:03:04.901+0000] {processor.py:839} INFO - DAG(s) dict_keys(['Challenge_ETL_dag']) retrieved from /workspaces/hands-on-introduction-data-engineering-4395021/airflow/dags/challenge_etl_task.py
[2023-09-27T09:03:04.913+0000] {logging_mixin.py:151} INFO - [2023-09-27T09:03:04.913+0000] {dag.py:2915} INFO - Sync 1 DAGs
[2023-09-27T09:03:05.004+0000] {logging_mixin.py:151} INFO - [2023-09-27T09:03:05.004+0000] {dag.py:3696} INFO - Setting next_dagrun for Challenge_ETL_dag to None, run_after=None
[2023-09-27T09:03:05.056+0000] {processor.py:179} INFO - Processing /workspaces/hands-on-introduction-data-engineering-4395021/airflow/dags/challenge_etl_task.py took 0.396 seconds
[2023-09-27T09:03:35.125+0000] {processor.py:157} INFO - Started process (PID=28594) to work on /workspaces/hands-on-introduction-data-engineering-4395021/airflow/dags/challenge_etl_task.py
[2023-09-27T09:03:35.125+0000] {processor.py:829} INFO - Processing file /workspaces/hands-on-introduction-data-engineering-4395021/airflow/dags/challenge_etl_task.py for tasks to queue
[2023-09-27T09:03:35.126+0000] {logging_mixin.py:151} INFO - [2023-09-27T09:03:35.126+0000] {dagbag.py:539} INFO - Filling up the DagBag from /workspaces/hands-on-introduction-data-engineering-4395021/airflow/dags/challenge_etl_task.py
[2023-09-27T09:03:35.358+0000] {processor.py:839} INFO - DAG(s) dict_keys(['Challenge_ETL_dag']) retrieved from /workspaces/hands-on-introduction-data-engineering-4395021/airflow/dags/challenge_etl_task.py
[2023-09-27T09:03:35.372+0000] {logging_mixin.py:151} INFO - [2023-09-27T09:03:35.372+0000] {dag.py:2915} INFO - Sync 1 DAGs
[2023-09-27T09:03:35.464+0000] {logging_mixin.py:151} INFO - [2023-09-27T09:03:35.464+0000] {dag.py:3696} INFO - Setting next_dagrun for Challenge_ETL_dag to None, run_after=None
[2023-09-27T09:03:35.502+0000] {processor.py:179} INFO - Processing /workspaces/hands-on-introduction-data-engineering-4395021/airflow/dags/challenge_etl_task.py took 0.379 seconds
[2023-09-27T09:04:05.681+0000] {processor.py:157} INFO - Started process (PID=28803) to work on /workspaces/hands-on-introduction-data-engineering-4395021/airflow/dags/challenge_etl_task.py
[2023-09-27T09:04:05.681+0000] {processor.py:829} INFO - Processing file /workspaces/hands-on-introduction-data-engineering-4395021/airflow/dags/challenge_etl_task.py for tasks to queue
[2023-09-27T09:04:05.682+0000] {logging_mixin.py:151} INFO - [2023-09-27T09:04:05.682+0000] {dagbag.py:539} INFO - Filling up the DagBag from /workspaces/hands-on-introduction-data-engineering-4395021/airflow/dags/challenge_etl_task.py
[2023-09-27T09:04:05.928+0000] {processor.py:839} INFO - DAG(s) dict_keys(['Challenge_ETL_dag']) retrieved from /workspaces/hands-on-introduction-data-engineering-4395021/airflow/dags/challenge_etl_task.py
[2023-09-27T09:04:06.027+0000] {logging_mixin.py:151} INFO - [2023-09-27T09:04:06.027+0000] {dag.py:2915} INFO - Sync 1 DAGs
[2023-09-27T09:04:06.035+0000] {logging_mixin.py:151} INFO - [2023-09-27T09:04:06.034+0000] {dag.py:3696} INFO - Setting next_dagrun for Challenge_ETL_dag to None, run_after=None
[2023-09-27T09:04:06.071+0000] {processor.py:179} INFO - Processing /workspaces/hands-on-introduction-data-engineering-4395021/airflow/dags/challenge_etl_task.py took 0.392 seconds
[2023-09-27T09:04:36.142+0000] {processor.py:157} INFO - Started process (PID=29013) to work on /workspaces/hands-on-introduction-data-engineering-4395021/airflow/dags/challenge_etl_task.py
[2023-09-27T09:04:36.143+0000] {processor.py:829} INFO - Processing file /workspaces/hands-on-introduction-data-engineering-4395021/airflow/dags/challenge_etl_task.py for tasks to queue
[2023-09-27T09:04:36.144+0000] {logging_mixin.py:151} INFO - [2023-09-27T09:04:36.143+0000] {dagbag.py:539} INFO - Filling up the DagBag from /workspaces/hands-on-introduction-data-engineering-4395021/airflow/dags/challenge_etl_task.py
[2023-09-27T09:04:36.380+0000] {processor.py:839} INFO - DAG(s) dict_keys(['Challenge_ETL_dag']) retrieved from /workspaces/hands-on-introduction-data-engineering-4395021/airflow/dags/challenge_etl_task.py
[2023-09-27T09:04:36.478+0000] {logging_mixin.py:151} INFO - [2023-09-27T09:04:36.478+0000] {dag.py:2915} INFO - Sync 1 DAGs
[2023-09-27T09:04:36.485+0000] {logging_mixin.py:151} INFO - [2023-09-27T09:04:36.485+0000] {dag.py:3696} INFO - Setting next_dagrun for Challenge_ETL_dag to None, run_after=None
[2023-09-27T09:04:36.521+0000] {processor.py:179} INFO - Processing /workspaces/hands-on-introduction-data-engineering-4395021/airflow/dags/challenge_etl_task.py took 0.380 seconds
[2023-09-27T09:05:06.699+0000] {processor.py:157} INFO - Started process (PID=29203) to work on /workspaces/hands-on-introduction-data-engineering-4395021/airflow/dags/challenge_etl_task.py
[2023-09-27T09:05:06.699+0000] {processor.py:829} INFO - Processing file /workspaces/hands-on-introduction-data-engineering-4395021/airflow/dags/challenge_etl_task.py for tasks to queue
[2023-09-27T09:05:06.700+0000] {logging_mixin.py:151} INFO - [2023-09-27T09:05:06.700+0000] {dagbag.py:539} INFO - Filling up the DagBag from /workspaces/hands-on-introduction-data-engineering-4395021/airflow/dags/challenge_etl_task.py
[2023-09-27T09:05:06.939+0000] {processor.py:839} INFO - DAG(s) dict_keys(['Challenge_ETL_dag']) retrieved from /workspaces/hands-on-introduction-data-engineering-4395021/airflow/dags/challenge_etl_task.py
[2023-09-27T09:05:07.052+0000] {logging_mixin.py:151} INFO - [2023-09-27T09:05:07.051+0000] {dag.py:2915} INFO - Sync 1 DAGs
[2023-09-27T09:05:07.059+0000] {logging_mixin.py:151} INFO - [2023-09-27T09:05:07.059+0000] {dag.py:3696} INFO - Setting next_dagrun for Challenge_ETL_dag to None, run_after=None
[2023-09-27T09:05:07.097+0000] {processor.py:179} INFO - Processing /workspaces/hands-on-introduction-data-engineering-4395021/airflow/dags/challenge_etl_task.py took 0.400 seconds
[2023-09-27T09:05:37.259+0000] {processor.py:157} INFO - Started process (PID=29398) to work on /workspaces/hands-on-introduction-data-engineering-4395021/airflow/dags/challenge_etl_task.py
[2023-09-27T09:05:37.259+0000] {processor.py:829} INFO - Processing file /workspaces/hands-on-introduction-data-engineering-4395021/airflow/dags/challenge_etl_task.py for tasks to queue
[2023-09-27T09:05:37.260+0000] {logging_mixin.py:151} INFO - [2023-09-27T09:05:37.259+0000] {dagbag.py:539} INFO - Filling up the DagBag from /workspaces/hands-on-introduction-data-engineering-4395021/airflow/dags/challenge_etl_task.py
[2023-09-27T09:05:37.575+0000] {processor.py:839} INFO - DAG(s) dict_keys(['Challenge_ETL_dag']) retrieved from /workspaces/hands-on-introduction-data-engineering-4395021/airflow/dags/challenge_etl_task.py
[2023-09-27T09:05:37.588+0000] {logging_mixin.py:151} INFO - [2023-09-27T09:05:37.588+0000] {dag.py:2915} INFO - Sync 1 DAGs
[2023-09-27T09:05:37.595+0000] {logging_mixin.py:151} INFO - [2023-09-27T09:05:37.595+0000] {dag.py:3696} INFO - Setting next_dagrun for Challenge_ETL_dag to None, run_after=None
[2023-09-27T09:05:37.635+0000] {processor.py:179} INFO - Processing /workspaces/hands-on-introduction-data-engineering-4395021/airflow/dags/challenge_etl_task.py took 0.378 seconds
[2023-09-27T09:06:07.716+0000] {processor.py:157} INFO - Started process (PID=29587) to work on /workspaces/hands-on-introduction-data-engineering-4395021/airflow/dags/challenge_etl_task.py
[2023-09-27T09:06:07.717+0000] {processor.py:829} INFO - Processing file /workspaces/hands-on-introduction-data-engineering-4395021/airflow/dags/challenge_etl_task.py for tasks to queue
[2023-09-27T09:06:07.717+0000] {logging_mixin.py:151} INFO - [2023-09-27T09:06:07.717+0000] {dagbag.py:539} INFO - Filling up the DagBag from /workspaces/hands-on-introduction-data-engineering-4395021/airflow/dags/challenge_etl_task.py
[2023-09-27T09:06:08.064+0000] {processor.py:839} INFO - DAG(s) dict_keys(['Challenge_ETL_dag']) retrieved from /workspaces/hands-on-introduction-data-engineering-4395021/airflow/dags/challenge_etl_task.py
[2023-09-27T09:06:08.076+0000] {logging_mixin.py:151} INFO - [2023-09-27T09:06:08.076+0000] {dag.py:2915} INFO - Sync 1 DAGs
[2023-09-27T09:06:08.083+0000] {logging_mixin.py:151} INFO - [2023-09-27T09:06:08.083+0000] {dag.py:3696} INFO - Setting next_dagrun for Challenge_ETL_dag to None, run_after=None
[2023-09-27T09:06:08.137+0000] {processor.py:179} INFO - Processing /workspaces/hands-on-introduction-data-engineering-4395021/airflow/dags/challenge_etl_task.py took 0.422 seconds
[2023-09-27T09:06:38.645+0000] {processor.py:157} INFO - Started process (PID=29776) to work on /workspaces/hands-on-introduction-data-engineering-4395021/airflow/dags/challenge_etl_task.py
[2023-09-27T09:06:38.646+0000] {processor.py:829} INFO - Processing file /workspaces/hands-on-introduction-data-engineering-4395021/airflow/dags/challenge_etl_task.py for tasks to queue
[2023-09-27T09:06:38.646+0000] {logging_mixin.py:151} INFO - [2023-09-27T09:06:38.646+0000] {dagbag.py:539} INFO - Filling up the DagBag from /workspaces/hands-on-introduction-data-engineering-4395021/airflow/dags/challenge_etl_task.py
[2023-09-27T09:06:39.050+0000] {processor.py:839} INFO - DAG(s) dict_keys(['Challenge_ETL_dag']) retrieved from /workspaces/hands-on-introduction-data-engineering-4395021/airflow/dags/challenge_etl_task.py
[2023-09-27T09:06:39.064+0000] {logging_mixin.py:151} INFO - [2023-09-27T09:06:39.063+0000] {dag.py:2915} INFO - Sync 1 DAGs
[2023-09-27T09:06:39.072+0000] {logging_mixin.py:151} INFO - [2023-09-27T09:06:39.072+0000] {dag.py:3696} INFO - Setting next_dagrun for Challenge_ETL_dag to None, run_after=None
[2023-09-27T09:06:39.114+0000] {processor.py:179} INFO - Processing /workspaces/hands-on-introduction-data-engineering-4395021/airflow/dags/challenge_etl_task.py took 0.472 seconds
[2023-09-27T09:07:09.548+0000] {processor.py:157} INFO - Started process (PID=29967) to work on /workspaces/hands-on-introduction-data-engineering-4395021/airflow/dags/challenge_etl_task.py
[2023-09-27T09:07:09.549+0000] {processor.py:829} INFO - Processing file /workspaces/hands-on-introduction-data-engineering-4395021/airflow/dags/challenge_etl_task.py for tasks to queue
[2023-09-27T09:07:09.549+0000] {logging_mixin.py:151} INFO - [2023-09-27T09:07:09.549+0000] {dagbag.py:539} INFO - Filling up the DagBag from /workspaces/hands-on-introduction-data-engineering-4395021/airflow/dags/challenge_etl_task.py
[2023-09-27T09:07:09.806+0000] {processor.py:839} INFO - DAG(s) dict_keys(['Challenge_ETL_dag']) retrieved from /workspaces/hands-on-introduction-data-engineering-4395021/airflow/dags/challenge_etl_task.py
[2023-09-27T09:07:09.820+0000] {logging_mixin.py:151} INFO - [2023-09-27T09:07:09.820+0000] {dag.py:2915} INFO - Sync 1 DAGs
[2023-09-27T09:07:09.828+0000] {logging_mixin.py:151} INFO - [2023-09-27T09:07:09.828+0000] {dag.py:3696} INFO - Setting next_dagrun for Challenge_ETL_dag to None, run_after=None
[2023-09-27T09:07:09.989+0000] {processor.py:179} INFO - Processing /workspaces/hands-on-introduction-data-engineering-4395021/airflow/dags/challenge_etl_task.py took 0.443 seconds
[2023-09-27T09:07:40.219+0000] {processor.py:157} INFO - Started process (PID=30195) to work on /workspaces/hands-on-introduction-data-engineering-4395021/airflow/dags/challenge_etl_task.py
[2023-09-27T09:07:40.220+0000] {processor.py:829} INFO - Processing file /workspaces/hands-on-introduction-data-engineering-4395021/airflow/dags/challenge_etl_task.py for tasks to queue
[2023-09-27T09:07:40.221+0000] {logging_mixin.py:151} INFO - [2023-09-27T09:07:40.220+0000] {dagbag.py:539} INFO - Filling up the DagBag from /workspaces/hands-on-introduction-data-engineering-4395021/airflow/dags/challenge_etl_task.py
[2023-09-27T09:07:40.455+0000] {processor.py:839} INFO - DAG(s) dict_keys(['Challenge_ETL_dag']) retrieved from /workspaces/hands-on-introduction-data-engineering-4395021/airflow/dags/challenge_etl_task.py
[2023-09-27T09:07:40.468+0000] {logging_mixin.py:151} INFO - [2023-09-27T09:07:40.468+0000] {dag.py:2915} INFO - Sync 1 DAGs
[2023-09-27T09:07:40.564+0000] {logging_mixin.py:151} INFO - [2023-09-27T09:07:40.564+0000] {dag.py:3696} INFO - Setting next_dagrun for Challenge_ETL_dag to None, run_after=None
[2023-09-27T09:07:40.607+0000] {processor.py:179} INFO - Processing /workspaces/hands-on-introduction-data-engineering-4395021/airflow/dags/challenge_etl_task.py took 0.389 seconds
[2023-09-27T09:08:10.777+0000] {processor.py:157} INFO - Started process (PID=30388) to work on /workspaces/hands-on-introduction-data-engineering-4395021/airflow/dags/challenge_etl_task.py
[2023-09-27T09:08:10.778+0000] {processor.py:829} INFO - Processing file /workspaces/hands-on-introduction-data-engineering-4395021/airflow/dags/challenge_etl_task.py for tasks to queue
[2023-09-27T09:08:10.778+0000] {logging_mixin.py:151} INFO - [2023-09-27T09:08:10.778+0000] {dagbag.py:539} INFO - Filling up the DagBag from /workspaces/hands-on-introduction-data-engineering-4395021/airflow/dags/challenge_etl_task.py
[2023-09-27T09:08:11.075+0000] {processor.py:839} INFO - DAG(s) dict_keys(['Challenge_ETL_dag']) retrieved from /workspaces/hands-on-introduction-data-engineering-4395021/airflow/dags/challenge_etl_task.py
[2023-09-27T09:08:11.098+0000] {logging_mixin.py:151} INFO - [2023-09-27T09:08:11.098+0000] {dag.py:2915} INFO - Sync 1 DAGs
[2023-09-27T09:08:11.194+0000] {logging_mixin.py:151} INFO - [2023-09-27T09:08:11.193+0000] {dag.py:3696} INFO - Setting next_dagrun for Challenge_ETL_dag to None, run_after=None
[2023-09-27T09:08:11.231+0000] {processor.py:179} INFO - Processing /workspaces/hands-on-introduction-data-engineering-4395021/airflow/dags/challenge_etl_task.py took 0.456 seconds
[2023-09-27T09:08:41.358+0000] {processor.py:157} INFO - Started process (PID=30659) to work on /workspaces/hands-on-introduction-data-engineering-4395021/airflow/dags/challenge_etl_task.py
[2023-09-27T09:08:41.359+0000] {processor.py:829} INFO - Processing file /workspaces/hands-on-introduction-data-engineering-4395021/airflow/dags/challenge_etl_task.py for tasks to queue
[2023-09-27T09:08:41.359+0000] {logging_mixin.py:151} INFO - [2023-09-27T09:08:41.359+0000] {dagbag.py:539} INFO - Filling up the DagBag from /workspaces/hands-on-introduction-data-engineering-4395021/airflow/dags/challenge_etl_task.py
[2023-09-27T09:08:41.759+0000] {processor.py:839} INFO - DAG(s) dict_keys(['Challenge_ETL_dag']) retrieved from /workspaces/hands-on-introduction-data-engineering-4395021/airflow/dags/challenge_etl_task.py
[2023-09-27T09:08:41.957+0000] {logging_mixin.py:151} INFO - [2023-09-27T09:08:41.956+0000] {dag.py:2915} INFO - Sync 1 DAGs
[2023-09-27T09:08:41.967+0000] {logging_mixin.py:151} INFO - [2023-09-27T09:08:41.967+0000] {dag.py:3696} INFO - Setting next_dagrun for Challenge_ETL_dag to None, run_after=None
[2023-09-27T09:08:42.009+0000] {processor.py:179} INFO - Processing /workspaces/hands-on-introduction-data-engineering-4395021/airflow/dags/challenge_etl_task.py took 0.654 seconds
[2023-09-27T09:09:12.425+0000] {processor.py:157} INFO - Started process (PID=30860) to work on /workspaces/hands-on-introduction-data-engineering-4395021/airflow/dags/challenge_etl_task.py
[2023-09-27T09:09:12.426+0000] {processor.py:829} INFO - Processing file /workspaces/hands-on-introduction-data-engineering-4395021/airflow/dags/challenge_etl_task.py for tasks to queue
[2023-09-27T09:09:12.427+0000] {logging_mixin.py:151} INFO - [2023-09-27T09:09:12.427+0000] {dagbag.py:539} INFO - Filling up the DagBag from /workspaces/hands-on-introduction-data-engineering-4395021/airflow/dags/challenge_etl_task.py
[2023-09-27T09:09:12.670+0000] {processor.py:839} INFO - DAG(s) dict_keys(['Challenge_ETL_dag']) retrieved from /workspaces/hands-on-introduction-data-engineering-4395021/airflow/dags/challenge_etl_task.py
[2023-09-27T09:09:12.769+0000] {logging_mixin.py:151} INFO - [2023-09-27T09:09:12.768+0000] {dag.py:2915} INFO - Sync 1 DAGs
[2023-09-27T09:09:12.776+0000] {logging_mixin.py:151} INFO - [2023-09-27T09:09:12.776+0000] {dag.py:3696} INFO - Setting next_dagrun for Challenge_ETL_dag to None, run_after=None
[2023-09-27T09:09:12.811+0000] {processor.py:179} INFO - Processing /workspaces/hands-on-introduction-data-engineering-4395021/airflow/dags/challenge_etl_task.py took 0.387 seconds
[2023-09-27T09:09:43.177+0000] {processor.py:157} INFO - Started process (PID=31055) to work on /workspaces/hands-on-introduction-data-engineering-4395021/airflow/dags/challenge_etl_task.py
[2023-09-27T09:09:43.177+0000] {processor.py:829} INFO - Processing file /workspaces/hands-on-introduction-data-engineering-4395021/airflow/dags/challenge_etl_task.py for tasks to queue
[2023-09-27T09:09:43.178+0000] {logging_mixin.py:151} INFO - [2023-09-27T09:09:43.178+0000] {dagbag.py:539} INFO - Filling up the DagBag from /workspaces/hands-on-introduction-data-engineering-4395021/airflow/dags/challenge_etl_task.py
[2023-09-27T09:09:43.415+0000] {processor.py:839} INFO - DAG(s) dict_keys(['Challenge_ETL_dag']) retrieved from /workspaces/hands-on-introduction-data-engineering-4395021/airflow/dags/challenge_etl_task.py
[2023-09-27T09:09:43.511+0000] {logging_mixin.py:151} INFO - [2023-09-27T09:09:43.511+0000] {dag.py:2915} INFO - Sync 1 DAGs
[2023-09-27T09:09:43.518+0000] {logging_mixin.py:151} INFO - [2023-09-27T09:09:43.518+0000] {dag.py:3696} INFO - Setting next_dagrun for Challenge_ETL_dag to None, run_after=None
[2023-09-27T09:09:43.558+0000] {processor.py:179} INFO - Processing /workspaces/hands-on-introduction-data-engineering-4395021/airflow/dags/challenge_etl_task.py took 0.383 seconds
[2023-09-27T09:10:13.968+0000] {processor.py:157} INFO - Started process (PID=31387) to work on /workspaces/hands-on-introduction-data-engineering-4395021/airflow/dags/challenge_etl_task.py
[2023-09-27T09:10:13.969+0000] {processor.py:829} INFO - Processing file /workspaces/hands-on-introduction-data-engineering-4395021/airflow/dags/challenge_etl_task.py for tasks to queue
[2023-09-27T09:10:13.969+0000] {logging_mixin.py:151} INFO - [2023-09-27T09:10:13.969+0000] {dagbag.py:539} INFO - Filling up the DagBag from /workspaces/hands-on-introduction-data-engineering-4395021/airflow/dags/challenge_etl_task.py
[2023-09-27T09:10:14.296+0000] {processor.py:839} INFO - DAG(s) dict_keys(['Challenge_ETL_dag']) retrieved from /workspaces/hands-on-introduction-data-engineering-4395021/airflow/dags/challenge_etl_task.py
[2023-09-27T09:10:14.308+0000] {logging_mixin.py:151} INFO - [2023-09-27T09:10:14.307+0000] {dag.py:2915} INFO - Sync 1 DAGs
[2023-09-27T09:10:14.314+0000] {logging_mixin.py:151} INFO - [2023-09-27T09:10:14.314+0000] {dag.py:3696} INFO - Setting next_dagrun for Challenge_ETL_dag to None, run_after=None
[2023-09-27T09:10:14.350+0000] {processor.py:179} INFO - Processing /workspaces/hands-on-introduction-data-engineering-4395021/airflow/dags/challenge_etl_task.py took 0.384 seconds
[2023-09-27T09:10:44.741+0000] {processor.py:157} INFO - Started process (PID=31695) to work on /workspaces/hands-on-introduction-data-engineering-4395021/airflow/dags/challenge_etl_task.py
[2023-09-27T09:10:44.742+0000] {processor.py:829} INFO - Processing file /workspaces/hands-on-introduction-data-engineering-4395021/airflow/dags/challenge_etl_task.py for tasks to queue
[2023-09-27T09:10:44.743+0000] {logging_mixin.py:151} INFO - [2023-09-27T09:10:44.743+0000] {dagbag.py:539} INFO - Filling up the DagBag from /workspaces/hands-on-introduction-data-engineering-4395021/airflow/dags/challenge_etl_task.py
[2023-09-27T09:10:45.059+0000] {processor.py:839} INFO - DAG(s) dict_keys(['Challenge_ETL_dag']) retrieved from /workspaces/hands-on-introduction-data-engineering-4395021/airflow/dags/challenge_etl_task.py
[2023-09-27T09:10:45.072+0000] {logging_mixin.py:151} INFO - [2023-09-27T09:10:45.071+0000] {dag.py:2915} INFO - Sync 1 DAGs
[2023-09-27T09:10:45.079+0000] {logging_mixin.py:151} INFO - [2023-09-27T09:10:45.078+0000] {dag.py:3696} INFO - Setting next_dagrun for Challenge_ETL_dag to None, run_after=None
[2023-09-27T09:10:45.116+0000] {processor.py:179} INFO - Processing /workspaces/hands-on-introduction-data-engineering-4395021/airflow/dags/challenge_etl_task.py took 0.376 seconds
[2023-09-27T09:11:15.455+0000] {processor.py:157} INFO - Started process (PID=31891) to work on /workspaces/hands-on-introduction-data-engineering-4395021/airflow/dags/challenge_etl_task.py
[2023-09-27T09:11:15.456+0000] {processor.py:829} INFO - Processing file /workspaces/hands-on-introduction-data-engineering-4395021/airflow/dags/challenge_etl_task.py for tasks to queue
[2023-09-27T09:11:15.456+0000] {logging_mixin.py:151} INFO - [2023-09-27T09:11:15.456+0000] {dagbag.py:539} INFO - Filling up the DagBag from /workspaces/hands-on-introduction-data-engineering-4395021/airflow/dags/challenge_etl_task.py
[2023-09-27T09:11:15.801+0000] {processor.py:839} INFO - DAG(s) dict_keys(['Challenge_ETL_dag']) retrieved from /workspaces/hands-on-introduction-data-engineering-4395021/airflow/dags/challenge_etl_task.py
[2023-09-27T09:11:15.815+0000] {logging_mixin.py:151} INFO - [2023-09-27T09:11:15.815+0000] {dag.py:2915} INFO - Sync 1 DAGs
[2023-09-27T09:11:15.823+0000] {logging_mixin.py:151} INFO - [2023-09-27T09:11:15.822+0000] {dag.py:3696} INFO - Setting next_dagrun for Challenge_ETL_dag to None, run_after=None
[2023-09-27T09:11:15.865+0000] {processor.py:179} INFO - Processing /workspaces/hands-on-introduction-data-engineering-4395021/airflow/dags/challenge_etl_task.py took 0.411 seconds
[2023-09-27T09:11:46.044+0000] {processor.py:157} INFO - Started process (PID=32084) to work on /workspaces/hands-on-introduction-data-engineering-4395021/airflow/dags/challenge_etl_task.py
[2023-09-27T09:11:46.045+0000] {processor.py:829} INFO - Processing file /workspaces/hands-on-introduction-data-engineering-4395021/airflow/dags/challenge_etl_task.py for tasks to queue
[2023-09-27T09:11:46.045+0000] {logging_mixin.py:151} INFO - [2023-09-27T09:11:46.045+0000] {dagbag.py:539} INFO - Filling up the DagBag from /workspaces/hands-on-introduction-data-engineering-4395021/airflow/dags/challenge_etl_task.py
[2023-09-27T09:11:46.363+0000] {processor.py:839} INFO - DAG(s) dict_keys(['Challenge_ETL_dag']) retrieved from /workspaces/hands-on-introduction-data-engineering-4395021/airflow/dags/challenge_etl_task.py
[2023-09-27T09:11:46.376+0000] {logging_mixin.py:151} INFO - [2023-09-27T09:11:46.376+0000] {dag.py:2915} INFO - Sync 1 DAGs
[2023-09-27T09:11:46.385+0000] {logging_mixin.py:151} INFO - [2023-09-27T09:11:46.384+0000] {dag.py:3696} INFO - Setting next_dagrun for Challenge_ETL_dag to None, run_after=None
[2023-09-27T09:11:46.426+0000] {processor.py:179} INFO - Processing /workspaces/hands-on-introduction-data-engineering-4395021/airflow/dags/challenge_etl_task.py took 0.384 seconds
[2023-09-27T09:12:16.633+0000] {processor.py:157} INFO - Started process (PID=32278) to work on /workspaces/hands-on-introduction-data-engineering-4395021/airflow/dags/challenge_etl_task.py
[2023-09-27T09:12:16.634+0000] {processor.py:829} INFO - Processing file /workspaces/hands-on-introduction-data-engineering-4395021/airflow/dags/challenge_etl_task.py for tasks to queue
[2023-09-27T09:12:16.635+0000] {logging_mixin.py:151} INFO - [2023-09-27T09:12:16.634+0000] {dagbag.py:539} INFO - Filling up the DagBag from /workspaces/hands-on-introduction-data-engineering-4395021/airflow/dags/challenge_etl_task.py
[2023-09-27T09:12:16.872+0000] {processor.py:839} INFO - DAG(s) dict_keys(['Challenge_ETL_dag']) retrieved from /workspaces/hands-on-introduction-data-engineering-4395021/airflow/dags/challenge_etl_task.py
[2023-09-27T09:12:16.886+0000] {logging_mixin.py:151} INFO - [2023-09-27T09:12:16.886+0000] {dag.py:2915} INFO - Sync 1 DAGs
[2023-09-27T09:12:16.984+0000] {logging_mixin.py:151} INFO - [2023-09-27T09:12:16.984+0000] {dag.py:3696} INFO - Setting next_dagrun for Challenge_ETL_dag to None, run_after=None
[2023-09-27T09:12:17.021+0000] {processor.py:179} INFO - Processing /workspaces/hands-on-introduction-data-engineering-4395021/airflow/dags/challenge_etl_task.py took 0.390 seconds
[2023-09-27T09:12:47.320+0000] {processor.py:157} INFO - Started process (PID=32496) to work on /workspaces/hands-on-introduction-data-engineering-4395021/airflow/dags/challenge_etl_task.py
[2023-09-27T09:12:47.321+0000] {processor.py:829} INFO - Processing file /workspaces/hands-on-introduction-data-engineering-4395021/airflow/dags/challenge_etl_task.py for tasks to queue
[2023-09-27T09:12:47.321+0000] {logging_mixin.py:151} INFO - [2023-09-27T09:12:47.321+0000] {dagbag.py:539} INFO - Filling up the DagBag from /workspaces/hands-on-introduction-data-engineering-4395021/airflow/dags/challenge_etl_task.py
[2023-09-27T09:12:47.553+0000] {processor.py:839} INFO - DAG(s) dict_keys(['Challenge_ETL_dag']) retrieved from /workspaces/hands-on-introduction-data-engineering-4395021/airflow/dags/challenge_etl_task.py
[2023-09-27T09:12:47.661+0000] {logging_mixin.py:151} INFO - [2023-09-27T09:12:47.661+0000] {dag.py:2915} INFO - Sync 1 DAGs
[2023-09-27T09:12:47.669+0000] {logging_mixin.py:151} INFO - [2023-09-27T09:12:47.669+0000] {dag.py:3696} INFO - Setting next_dagrun for Challenge_ETL_dag to None, run_after=None
[2023-09-27T09:12:47.711+0000] {processor.py:179} INFO - Processing /workspaces/hands-on-introduction-data-engineering-4395021/airflow/dags/challenge_etl_task.py took 0.393 seconds
[2023-09-27T09:13:18.017+0000] {processor.py:157} INFO - Started process (PID=32684) to work on /workspaces/hands-on-introduction-data-engineering-4395021/airflow/dags/challenge_etl_task.py
[2023-09-27T09:13:18.017+0000] {processor.py:829} INFO - Processing file /workspaces/hands-on-introduction-data-engineering-4395021/airflow/dags/challenge_etl_task.py for tasks to queue
[2023-09-27T09:13:18.018+0000] {logging_mixin.py:151} INFO - [2023-09-27T09:13:18.018+0000] {dagbag.py:539} INFO - Filling up the DagBag from /workspaces/hands-on-introduction-data-engineering-4395021/airflow/dags/challenge_etl_task.py
[2023-09-27T09:13:18.269+0000] {processor.py:839} INFO - DAG(s) dict_keys(['Challenge_ETL_dag']) retrieved from /workspaces/hands-on-introduction-data-engineering-4395021/airflow/dags/challenge_etl_task.py
[2023-09-27T09:13:18.368+0000] {logging_mixin.py:151} INFO - [2023-09-27T09:13:18.368+0000] {dag.py:2915} INFO - Sync 1 DAGs
[2023-09-27T09:13:18.375+0000] {logging_mixin.py:151} INFO - [2023-09-27T09:13:18.375+0000] {dag.py:3696} INFO - Setting next_dagrun for Challenge_ETL_dag to None, run_after=None
[2023-09-27T09:13:18.411+0000] {processor.py:179} INFO - Processing /workspaces/hands-on-introduction-data-engineering-4395021/airflow/dags/challenge_etl_task.py took 0.396 seconds
[2023-09-27T09:13:48.714+0000] {processor.py:157} INFO - Started process (PID=32896) to work on /workspaces/hands-on-introduction-data-engineering-4395021/airflow/dags/challenge_etl_task.py
[2023-09-27T09:13:48.714+0000] {processor.py:829} INFO - Processing file /workspaces/hands-on-introduction-data-engineering-4395021/airflow/dags/challenge_etl_task.py for tasks to queue
[2023-09-27T09:13:48.715+0000] {logging_mixin.py:151} INFO - [2023-09-27T09:13:48.715+0000] {dagbag.py:539} INFO - Filling up the DagBag from /workspaces/hands-on-introduction-data-engineering-4395021/airflow/dags/challenge_etl_task.py
[2023-09-27T09:13:48.963+0000] {processor.py:839} INFO - DAG(s) dict_keys(['Challenge_ETL_dag']) retrieved from /workspaces/hands-on-introduction-data-engineering-4395021/airflow/dags/challenge_etl_task.py
[2023-09-27T09:13:49.058+0000] {logging_mixin.py:151} INFO - [2023-09-27T09:13:49.058+0000] {dag.py:2915} INFO - Sync 1 DAGs
[2023-09-27T09:13:49.065+0000] {logging_mixin.py:151} INFO - [2023-09-27T09:13:49.065+0000] {dag.py:3696} INFO - Setting next_dagrun for Challenge_ETL_dag to None, run_after=None
[2023-09-27T09:13:49.100+0000] {processor.py:179} INFO - Processing /workspaces/hands-on-introduction-data-engineering-4395021/airflow/dags/challenge_etl_task.py took 0.388 seconds
[2023-09-27T09:14:19.322+0000] {processor.py:157} INFO - Started process (PID=33109) to work on /workspaces/hands-on-introduction-data-engineering-4395021/airflow/dags/challenge_etl_task.py
[2023-09-27T09:14:19.332+0000] {processor.py:829} INFO - Processing file /workspaces/hands-on-introduction-data-engineering-4395021/airflow/dags/challenge_etl_task.py for tasks to queue
[2023-09-27T09:14:19.333+0000] {logging_mixin.py:151} INFO - [2023-09-27T09:14:19.333+0000] {dagbag.py:539} INFO - Filling up the DagBag from /workspaces/hands-on-introduction-data-engineering-4395021/airflow/dags/challenge_etl_task.py
[2023-09-27T09:14:19.941+0000] {processor.py:839} INFO - DAG(s) dict_keys(['Challenge_ETL_dag']) retrieved from /workspaces/hands-on-introduction-data-engineering-4395021/airflow/dags/challenge_etl_task.py
[2023-09-27T09:14:19.978+0000] {logging_mixin.py:151} INFO - [2023-09-27T09:14:19.977+0000] {dag.py:2915} INFO - Sync 1 DAGs
[2023-09-27T09:14:20.008+0000] {logging_mixin.py:151} INFO - [2023-09-27T09:14:20.008+0000] {dag.py:3696} INFO - Setting next_dagrun for Challenge_ETL_dag to None, run_after=None
[2023-09-27T09:14:20.063+0000] {processor.py:179} INFO - Processing /workspaces/hands-on-introduction-data-engineering-4395021/airflow/dags/challenge_etl_task.py took 0.733 seconds
[2023-09-27T09:14:24.976+0000] {processor.py:157} INFO - Started process (PID=33144) to work on /workspaces/hands-on-introduction-data-engineering-4395021/airflow/dags/challenge_etl_task.py
[2023-09-27T09:14:24.977+0000] {processor.py:829} INFO - Processing file /workspaces/hands-on-introduction-data-engineering-4395021/airflow/dags/challenge_etl_task.py for tasks to queue
[2023-09-27T09:14:24.978+0000] {logging_mixin.py:151} INFO - [2023-09-27T09:14:24.977+0000] {dagbag.py:539} INFO - Filling up the DagBag from /workspaces/hands-on-introduction-data-engineering-4395021/airflow/dags/challenge_etl_task.py
[2023-09-27T09:14:25.509+0000] {processor.py:839} INFO - DAG(s) dict_keys(['Challenge_ETL_dag']) retrieved from /workspaces/hands-on-introduction-data-engineering-4395021/airflow/dags/challenge_etl_task.py
[2023-09-27T09:14:25.527+0000] {logging_mixin.py:151} INFO - [2023-09-27T09:14:25.527+0000] {dag.py:2915} INFO - Sync 1 DAGs
[2023-09-27T09:14:25.538+0000] {logging_mixin.py:151} INFO - [2023-09-27T09:14:25.538+0000] {dag.py:3696} INFO - Setting next_dagrun for Challenge_ETL_dag to None, run_after=None
[2023-09-27T09:14:25.586+0000] {processor.py:179} INFO - Processing /workspaces/hands-on-introduction-data-engineering-4395021/airflow/dags/challenge_etl_task.py took 0.612 seconds
[2023-09-27T09:14:56.044+0000] {processor.py:157} INFO - Started process (PID=33390) to work on /workspaces/hands-on-introduction-data-engineering-4395021/airflow/dags/challenge_etl_task.py
[2023-09-27T09:14:56.045+0000] {processor.py:829} INFO - Processing file /workspaces/hands-on-introduction-data-engineering-4395021/airflow/dags/challenge_etl_task.py for tasks to queue
[2023-09-27T09:14:56.046+0000] {logging_mixin.py:151} INFO - [2023-09-27T09:14:56.046+0000] {dagbag.py:539} INFO - Filling up the DagBag from /workspaces/hands-on-introduction-data-engineering-4395021/airflow/dags/challenge_etl_task.py
[2023-09-27T09:14:56.388+0000] {processor.py:839} INFO - DAG(s) dict_keys(['Challenge_ETL_dag']) retrieved from /workspaces/hands-on-introduction-data-engineering-4395021/airflow/dags/challenge_etl_task.py
[2023-09-27T09:14:56.399+0000] {logging_mixin.py:151} INFO - [2023-09-27T09:14:56.399+0000] {dag.py:2915} INFO - Sync 1 DAGs
[2023-09-27T09:14:56.406+0000] {logging_mixin.py:151} INFO - [2023-09-27T09:14:56.406+0000] {dag.py:3696} INFO - Setting next_dagrun for Challenge_ETL_dag to None, run_after=None
[2023-09-27T09:14:56.442+0000] {processor.py:179} INFO - Processing /workspaces/hands-on-introduction-data-engineering-4395021/airflow/dags/challenge_etl_task.py took 0.400 seconds
[2023-09-27T09:15:26.921+0000] {processor.py:157} INFO - Started process (PID=33610) to work on /workspaces/hands-on-introduction-data-engineering-4395021/airflow/dags/challenge_etl_task.py
[2023-09-27T09:15:26.922+0000] {processor.py:829} INFO - Processing file /workspaces/hands-on-introduction-data-engineering-4395021/airflow/dags/challenge_etl_task.py for tasks to queue
[2023-09-27T09:15:26.922+0000] {logging_mixin.py:151} INFO - [2023-09-27T09:15:26.922+0000] {dagbag.py:539} INFO - Filling up the DagBag from /workspaces/hands-on-introduction-data-engineering-4395021/airflow/dags/challenge_etl_task.py
[2023-09-27T09:15:27.238+0000] {processor.py:839} INFO - DAG(s) dict_keys(['Challenge_ETL_dag']) retrieved from /workspaces/hands-on-introduction-data-engineering-4395021/airflow/dags/challenge_etl_task.py
[2023-09-27T09:15:27.250+0000] {logging_mixin.py:151} INFO - [2023-09-27T09:15:27.250+0000] {dag.py:2915} INFO - Sync 1 DAGs
[2023-09-27T09:15:27.257+0000] {logging_mixin.py:151} INFO - [2023-09-27T09:15:27.257+0000] {dag.py:3696} INFO - Setting next_dagrun for Challenge_ETL_dag to None, run_after=None
[2023-09-27T09:15:27.301+0000] {processor.py:179} INFO - Processing /workspaces/hands-on-introduction-data-engineering-4395021/airflow/dags/challenge_etl_task.py took 0.382 seconds
[2023-09-27T09:15:57.712+0000] {processor.py:157} INFO - Started process (PID=33932) to work on /workspaces/hands-on-introduction-data-engineering-4395021/airflow/dags/challenge_etl_task.py
[2023-09-27T09:15:57.714+0000] {processor.py:829} INFO - Processing file /workspaces/hands-on-introduction-data-engineering-4395021/airflow/dags/challenge_etl_task.py for tasks to queue
[2023-09-27T09:15:57.714+0000] {logging_mixin.py:151} INFO - [2023-09-27T09:15:57.714+0000] {dagbag.py:539} INFO - Filling up the DagBag from /workspaces/hands-on-introduction-data-engineering-4395021/airflow/dags/challenge_etl_task.py
[2023-09-27T09:15:58.120+0000] {processor.py:839} INFO - DAG(s) dict_keys(['Challenge_ETL_dag']) retrieved from /workspaces/hands-on-introduction-data-engineering-4395021/airflow/dags/challenge_etl_task.py
[2023-09-27T09:15:58.132+0000] {logging_mixin.py:151} INFO - [2023-09-27T09:15:58.132+0000] {dag.py:2915} INFO - Sync 1 DAGs
[2023-09-27T09:15:58.139+0000] {logging_mixin.py:151} INFO - [2023-09-27T09:15:58.139+0000] {dag.py:3696} INFO - Setting next_dagrun for Challenge_ETL_dag to None, run_after=None
[2023-09-27T09:15:58.178+0000] {processor.py:179} INFO - Processing /workspaces/hands-on-introduction-data-engineering-4395021/airflow/dags/challenge_etl_task.py took 0.468 seconds
[2023-09-27T09:16:28.730+0000] {processor.py:157} INFO - Started process (PID=34392) to work on /workspaces/hands-on-introduction-data-engineering-4395021/airflow/dags/challenge_etl_task.py
[2023-09-27T09:16:28.731+0000] {processor.py:829} INFO - Processing file /workspaces/hands-on-introduction-data-engineering-4395021/airflow/dags/challenge_etl_task.py for tasks to queue
[2023-09-27T09:16:28.732+0000] {logging_mixin.py:151} INFO - [2023-09-27T09:16:28.731+0000] {dagbag.py:539} INFO - Filling up the DagBag from /workspaces/hands-on-introduction-data-engineering-4395021/airflow/dags/challenge_etl_task.py
[2023-09-27T09:16:29.087+0000] {processor.py:839} INFO - DAG(s) dict_keys(['Challenge_ETL_dag']) retrieved from /workspaces/hands-on-introduction-data-engineering-4395021/airflow/dags/challenge_etl_task.py
[2023-09-27T09:16:29.099+0000] {logging_mixin.py:151} INFO - [2023-09-27T09:16:29.099+0000] {dag.py:2915} INFO - Sync 1 DAGs
[2023-09-27T09:16:29.107+0000] {logging_mixin.py:151} INFO - [2023-09-27T09:16:29.107+0000] {dag.py:3696} INFO - Setting next_dagrun for Challenge_ETL_dag to None, run_after=None
[2023-09-27T09:16:29.144+0000] {processor.py:179} INFO - Processing /workspaces/hands-on-introduction-data-engineering-4395021/airflow/dags/challenge_etl_task.py took 0.415 seconds
[2023-09-27T09:16:59.429+0000] {processor.py:157} INFO - Started process (PID=35054) to work on /workspaces/hands-on-introduction-data-engineering-4395021/airflow/dags/challenge_etl_task.py
[2023-09-27T09:16:59.430+0000] {processor.py:829} INFO - Processing file /workspaces/hands-on-introduction-data-engineering-4395021/airflow/dags/challenge_etl_task.py for tasks to queue
[2023-09-27T09:16:59.430+0000] {logging_mixin.py:151} INFO - [2023-09-27T09:16:59.430+0000] {dagbag.py:539} INFO - Filling up the DagBag from /workspaces/hands-on-introduction-data-engineering-4395021/airflow/dags/challenge_etl_task.py
[2023-09-27T09:16:59.666+0000] {processor.py:839} INFO - DAG(s) dict_keys(['Challenge_ETL_dag']) retrieved from /workspaces/hands-on-introduction-data-engineering-4395021/airflow/dags/challenge_etl_task.py
[2023-09-27T09:16:59.680+0000] {logging_mixin.py:151} INFO - [2023-09-27T09:16:59.680+0000] {dag.py:2915} INFO - Sync 1 DAGs
[2023-09-27T09:16:59.772+0000] {logging_mixin.py:151} INFO - [2023-09-27T09:16:59.772+0000] {dag.py:3696} INFO - Setting next_dagrun for Challenge_ETL_dag to None, run_after=None
[2023-09-27T09:16:59.811+0000] {processor.py:179} INFO - Processing /workspaces/hands-on-introduction-data-engineering-4395021/airflow/dags/challenge_etl_task.py took 0.384 seconds
[2023-09-27T09:17:30.015+0000] {processor.py:157} INFO - Started process (PID=35399) to work on /workspaces/hands-on-introduction-data-engineering-4395021/airflow/dags/challenge_etl_task.py
[2023-09-27T09:17:30.016+0000] {processor.py:829} INFO - Processing file /workspaces/hands-on-introduction-data-engineering-4395021/airflow/dags/challenge_etl_task.py for tasks to queue
[2023-09-27T09:17:30.017+0000] {logging_mixin.py:151} INFO - [2023-09-27T09:17:30.016+0000] {dagbag.py:539} INFO - Filling up the DagBag from /workspaces/hands-on-introduction-data-engineering-4395021/airflow/dags/challenge_etl_task.py
[2023-09-27T09:17:30.250+0000] {processor.py:839} INFO - DAG(s) dict_keys(['Challenge_ETL_dag']) retrieved from /workspaces/hands-on-introduction-data-engineering-4395021/airflow/dags/challenge_etl_task.py
[2023-09-27T09:17:30.360+0000] {logging_mixin.py:151} INFO - [2023-09-27T09:17:30.359+0000] {dag.py:2915} INFO - Sync 1 DAGs
[2023-09-27T09:17:30.367+0000] {logging_mixin.py:151} INFO - [2023-09-27T09:17:30.367+0000] {dag.py:3696} INFO - Setting next_dagrun for Challenge_ETL_dag to None, run_after=None
[2023-09-27T09:17:30.404+0000] {processor.py:179} INFO - Processing /workspaces/hands-on-introduction-data-engineering-4395021/airflow/dags/challenge_etl_task.py took 0.391 seconds
[2023-09-27T09:18:00.499+0000] {processor.py:157} INFO - Started process (PID=35699) to work on /workspaces/hands-on-introduction-data-engineering-4395021/airflow/dags/challenge_etl_task.py
[2023-09-27T09:18:00.500+0000] {processor.py:829} INFO - Processing file /workspaces/hands-on-introduction-data-engineering-4395021/airflow/dags/challenge_etl_task.py for tasks to queue
[2023-09-27T09:18:00.500+0000] {logging_mixin.py:151} INFO - [2023-09-27T09:18:00.500+0000] {dagbag.py:539} INFO - Filling up the DagBag from /workspaces/hands-on-introduction-data-engineering-4395021/airflow/dags/challenge_etl_task.py
[2023-09-27T09:18:00.751+0000] {processor.py:839} INFO - DAG(s) dict_keys(['Challenge_ETL_dag']) retrieved from /workspaces/hands-on-introduction-data-engineering-4395021/airflow/dags/challenge_etl_task.py
[2023-09-27T09:18:00.862+0000] {logging_mixin.py:151} INFO - [2023-09-27T09:18:00.861+0000] {dag.py:2915} INFO - Sync 1 DAGs
[2023-09-27T09:18:00.869+0000] {logging_mixin.py:151} INFO - [2023-09-27T09:18:00.869+0000] {dag.py:3696} INFO - Setting next_dagrun for Challenge_ETL_dag to None, run_after=None
[2023-09-27T09:18:00.907+0000] {processor.py:179} INFO - Processing /workspaces/hands-on-introduction-data-engineering-4395021/airflow/dags/challenge_etl_task.py took 0.410 seconds
[2023-09-27T09:18:31.084+0000] {processor.py:157} INFO - Started process (PID=36051) to work on /workspaces/hands-on-introduction-data-engineering-4395021/airflow/dags/challenge_etl_task.py
[2023-09-27T09:18:31.085+0000] {processor.py:829} INFO - Processing file /workspaces/hands-on-introduction-data-engineering-4395021/airflow/dags/challenge_etl_task.py for tasks to queue
[2023-09-27T09:18:31.085+0000] {logging_mixin.py:151} INFO - [2023-09-27T09:18:31.085+0000] {dagbag.py:539} INFO - Filling up the DagBag from /workspaces/hands-on-introduction-data-engineering-4395021/airflow/dags/challenge_etl_task.py
[2023-09-27T09:18:31.328+0000] {processor.py:839} INFO - DAG(s) dict_keys(['Challenge_ETL_dag']) retrieved from /workspaces/hands-on-introduction-data-engineering-4395021/airflow/dags/challenge_etl_task.py
[2023-09-27T09:18:31.425+0000] {logging_mixin.py:151} INFO - [2023-09-27T09:18:31.425+0000] {dag.py:2915} INFO - Sync 1 DAGs
[2023-09-27T09:18:31.432+0000] {logging_mixin.py:151} INFO - [2023-09-27T09:18:31.432+0000] {dag.py:3696} INFO - Setting next_dagrun for Challenge_ETL_dag to None, run_after=None
[2023-09-27T09:18:31.471+0000] {processor.py:179} INFO - Processing /workspaces/hands-on-introduction-data-engineering-4395021/airflow/dags/challenge_etl_task.py took 0.389 seconds
[2023-09-27T09:19:01.568+0000] {processor.py:157} INFO - Started process (PID=36348) to work on /workspaces/hands-on-introduction-data-engineering-4395021/airflow/dags/challenge_etl_task.py
[2023-09-27T09:19:01.568+0000] {processor.py:829} INFO - Processing file /workspaces/hands-on-introduction-data-engineering-4395021/airflow/dags/challenge_etl_task.py for tasks to queue
[2023-09-27T09:19:01.569+0000] {logging_mixin.py:151} INFO - [2023-09-27T09:19:01.569+0000] {dagbag.py:539} INFO - Filling up the DagBag from /workspaces/hands-on-introduction-data-engineering-4395021/airflow/dags/challenge_etl_task.py
[2023-09-27T09:19:01.894+0000] {processor.py:839} INFO - DAG(s) dict_keys(['Challenge_ETL_dag']) retrieved from /workspaces/hands-on-introduction-data-engineering-4395021/airflow/dags/challenge_etl_task.py
[2023-09-27T09:19:01.907+0000] {logging_mixin.py:151} INFO - [2023-09-27T09:19:01.907+0000] {dag.py:2915} INFO - Sync 1 DAGs
[2023-09-27T09:19:01.914+0000] {logging_mixin.py:151} INFO - [2023-09-27T09:19:01.914+0000] {dag.py:3696} INFO - Setting next_dagrun for Challenge_ETL_dag to None, run_after=None
[2023-09-27T09:19:01.953+0000] {processor.py:179} INFO - Processing /workspaces/hands-on-introduction-data-engineering-4395021/airflow/dags/challenge_etl_task.py took 0.387 seconds
[2023-09-27T09:19:32.052+0000] {processor.py:157} INFO - Started process (PID=36635) to work on /workspaces/hands-on-introduction-data-engineering-4395021/airflow/dags/challenge_etl_task.py
[2023-09-27T09:19:32.052+0000] {processor.py:829} INFO - Processing file /workspaces/hands-on-introduction-data-engineering-4395021/airflow/dags/challenge_etl_task.py for tasks to queue
[2023-09-27T09:19:32.053+0000] {logging_mixin.py:151} INFO - [2023-09-27T09:19:32.053+0000] {dagbag.py:539} INFO - Filling up the DagBag from /workspaces/hands-on-introduction-data-engineering-4395021/airflow/dags/challenge_etl_task.py
[2023-09-27T09:19:32.383+0000] {processor.py:839} INFO - DAG(s) dict_keys(['Challenge_ETL_dag']) retrieved from /workspaces/hands-on-introduction-data-engineering-4395021/airflow/dags/challenge_etl_task.py
[2023-09-27T09:19:32.396+0000] {logging_mixin.py:151} INFO - [2023-09-27T09:19:32.396+0000] {dag.py:2915} INFO - Sync 1 DAGs
[2023-09-27T09:19:32.403+0000] {logging_mixin.py:151} INFO - [2023-09-27T09:19:32.403+0000] {dag.py:3696} INFO - Setting next_dagrun for Challenge_ETL_dag to None, run_after=None
[2023-09-27T09:19:32.441+0000] {processor.py:179} INFO - Processing /workspaces/hands-on-introduction-data-engineering-4395021/airflow/dags/challenge_etl_task.py took 0.391 seconds
[2023-09-27T09:20:02.545+0000] {processor.py:157} INFO - Started process (PID=36822) to work on /workspaces/hands-on-introduction-data-engineering-4395021/airflow/dags/challenge_etl_task.py
[2023-09-27T09:20:02.546+0000] {processor.py:829} INFO - Processing file /workspaces/hands-on-introduction-data-engineering-4395021/airflow/dags/challenge_etl_task.py for tasks to queue
[2023-09-27T09:20:02.546+0000] {logging_mixin.py:151} INFO - [2023-09-27T09:20:02.546+0000] {dagbag.py:539} INFO - Filling up the DagBag from /workspaces/hands-on-introduction-data-engineering-4395021/airflow/dags/challenge_etl_task.py
[2023-09-27T09:20:02.868+0000] {processor.py:839} INFO - DAG(s) dict_keys(['Challenge_ETL_dag']) retrieved from /workspaces/hands-on-introduction-data-engineering-4395021/airflow/dags/challenge_etl_task.py
[2023-09-27T09:20:02.880+0000] {logging_mixin.py:151} INFO - [2023-09-27T09:20:02.879+0000] {dag.py:2915} INFO - Sync 1 DAGs
[2023-09-27T09:20:02.887+0000] {logging_mixin.py:151} INFO - [2023-09-27T09:20:02.887+0000] {dag.py:3696} INFO - Setting next_dagrun for Challenge_ETL_dag to None, run_after=None
[2023-09-27T09:20:02.925+0000] {processor.py:179} INFO - Processing /workspaces/hands-on-introduction-data-engineering-4395021/airflow/dags/challenge_etl_task.py took 0.381 seconds
[2023-09-27T09:20:33.042+0000] {processor.py:157} INFO - Started process (PID=37109) to work on /workspaces/hands-on-introduction-data-engineering-4395021/airflow/dags/challenge_etl_task.py
[2023-09-27T09:20:33.043+0000] {processor.py:829} INFO - Processing file /workspaces/hands-on-introduction-data-engineering-4395021/airflow/dags/challenge_etl_task.py for tasks to queue
[2023-09-27T09:20:33.044+0000] {logging_mixin.py:151} INFO - [2023-09-27T09:20:33.043+0000] {dagbag.py:539} INFO - Filling up the DagBag from /workspaces/hands-on-introduction-data-engineering-4395021/airflow/dags/challenge_etl_task.py
[2023-09-27T09:20:33.367+0000] {processor.py:839} INFO - DAG(s) dict_keys(['Challenge_ETL_dag']) retrieved from /workspaces/hands-on-introduction-data-engineering-4395021/airflow/dags/challenge_etl_task.py
[2023-09-27T09:20:33.379+0000] {logging_mixin.py:151} INFO - [2023-09-27T09:20:33.379+0000] {dag.py:2915} INFO - Sync 1 DAGs
[2023-09-27T09:20:33.388+0000] {logging_mixin.py:151} INFO - [2023-09-27T09:20:33.388+0000] {dag.py:3696} INFO - Setting next_dagrun for Challenge_ETL_dag to None, run_after=None
[2023-09-27T09:20:33.425+0000] {processor.py:179} INFO - Processing /workspaces/hands-on-introduction-data-engineering-4395021/airflow/dags/challenge_etl_task.py took 0.385 seconds
[2023-09-27T09:21:03.522+0000] {processor.py:157} INFO - Started process (PID=37359) to work on /workspaces/hands-on-introduction-data-engineering-4395021/airflow/dags/challenge_etl_task.py
[2023-09-27T09:21:03.522+0000] {processor.py:829} INFO - Processing file /workspaces/hands-on-introduction-data-engineering-4395021/airflow/dags/challenge_etl_task.py for tasks to queue
[2023-09-27T09:21:03.523+0000] {logging_mixin.py:151} INFO - [2023-09-27T09:21:03.523+0000] {dagbag.py:539} INFO - Filling up the DagBag from /workspaces/hands-on-introduction-data-engineering-4395021/airflow/dags/challenge_etl_task.py
[2023-09-27T09:21:03.851+0000] {processor.py:839} INFO - DAG(s) dict_keys(['Challenge_ETL_dag']) retrieved from /workspaces/hands-on-introduction-data-engineering-4395021/airflow/dags/challenge_etl_task.py
[2023-09-27T09:21:03.863+0000] {logging_mixin.py:151} INFO - [2023-09-27T09:21:03.863+0000] {dag.py:2915} INFO - Sync 1 DAGs
[2023-09-27T09:21:03.872+0000] {logging_mixin.py:151} INFO - [2023-09-27T09:21:03.872+0000] {dag.py:3696} INFO - Setting next_dagrun for Challenge_ETL_dag to None, run_after=None
[2023-09-27T09:21:03.912+0000] {processor.py:179} INFO - Processing /workspaces/hands-on-introduction-data-engineering-4395021/airflow/dags/challenge_etl_task.py took 0.392 seconds
[2023-09-27T09:21:34.111+0000] {processor.py:157} INFO - Started process (PID=37569) to work on /workspaces/hands-on-introduction-data-engineering-4395021/airflow/dags/challenge_etl_task.py
[2023-09-27T09:21:34.112+0000] {processor.py:829} INFO - Processing file /workspaces/hands-on-introduction-data-engineering-4395021/airflow/dags/challenge_etl_task.py for tasks to queue
[2023-09-27T09:21:34.112+0000] {logging_mixin.py:151} INFO - [2023-09-27T09:21:34.112+0000] {dagbag.py:539} INFO - Filling up the DagBag from /workspaces/hands-on-introduction-data-engineering-4395021/airflow/dags/challenge_etl_task.py
[2023-09-27T09:21:34.442+0000] {processor.py:839} INFO - DAG(s) dict_keys(['Challenge_ETL_dag']) retrieved from /workspaces/hands-on-introduction-data-engineering-4395021/airflow/dags/challenge_etl_task.py
[2023-09-27T09:21:34.455+0000] {logging_mixin.py:151} INFO - [2023-09-27T09:21:34.455+0000] {dag.py:2915} INFO - Sync 1 DAGs
[2023-09-27T09:21:34.464+0000] {logging_mixin.py:151} INFO - [2023-09-27T09:21:34.464+0000] {dag.py:3696} INFO - Setting next_dagrun for Challenge_ETL_dag to None, run_after=None
[2023-09-27T09:21:34.509+0000] {processor.py:179} INFO - Processing /workspaces/hands-on-introduction-data-engineering-4395021/airflow/dags/challenge_etl_task.py took 0.399 seconds
[2023-09-27T09:22:04.604+0000] {processor.py:157} INFO - Started process (PID=37964) to work on /workspaces/hands-on-introduction-data-engineering-4395021/airflow/dags/challenge_etl_task.py
[2023-09-27T09:22:04.604+0000] {processor.py:829} INFO - Processing file /workspaces/hands-on-introduction-data-engineering-4395021/airflow/dags/challenge_etl_task.py for tasks to queue
[2023-09-27T09:22:04.605+0000] {logging_mixin.py:151} INFO - [2023-09-27T09:22:04.605+0000] {dagbag.py:539} INFO - Filling up the DagBag from /workspaces/hands-on-introduction-data-engineering-4395021/airflow/dags/challenge_etl_task.py
[2023-09-27T09:22:04.851+0000] {processor.py:839} INFO - DAG(s) dict_keys(['Challenge_ETL_dag']) retrieved from /workspaces/hands-on-introduction-data-engineering-4395021/airflow/dags/challenge_etl_task.py
[2023-09-27T09:22:04.966+0000] {logging_mixin.py:151} INFO - [2023-09-27T09:22:04.965+0000] {dag.py:2915} INFO - Sync 1 DAGs
[2023-09-27T09:22:04.973+0000] {logging_mixin.py:151} INFO - [2023-09-27T09:22:04.973+0000] {dag.py:3696} INFO - Setting next_dagrun for Challenge_ETL_dag to None, run_after=None
[2023-09-27T09:22:05.010+0000] {processor.py:179} INFO - Processing /workspaces/hands-on-introduction-data-engineering-4395021/airflow/dags/challenge_etl_task.py took 0.408 seconds
[2023-09-27T09:22:35.125+0000] {processor.py:157} INFO - Started process (PID=38219) to work on /workspaces/hands-on-introduction-data-engineering-4395021/airflow/dags/challenge_etl_task.py
[2023-09-27T09:22:35.126+0000] {processor.py:829} INFO - Processing file /workspaces/hands-on-introduction-data-engineering-4395021/airflow/dags/challenge_etl_task.py for tasks to queue
[2023-09-27T09:22:35.127+0000] {logging_mixin.py:151} INFO - [2023-09-27T09:22:35.126+0000] {dagbag.py:539} INFO - Filling up the DagBag from /workspaces/hands-on-introduction-data-engineering-4395021/airflow/dags/challenge_etl_task.py
[2023-09-27T09:22:35.365+0000] {processor.py:839} INFO - DAG(s) dict_keys(['Challenge_ETL_dag']) retrieved from /workspaces/hands-on-introduction-data-engineering-4395021/airflow/dags/challenge_etl_task.py
[2023-09-27T09:22:35.461+0000] {logging_mixin.py:151} INFO - [2023-09-27T09:22:35.461+0000] {dag.py:2915} INFO - Sync 1 DAGs
[2023-09-27T09:22:35.469+0000] {logging_mixin.py:151} INFO - [2023-09-27T09:22:35.469+0000] {dag.py:3696} INFO - Setting next_dagrun for Challenge_ETL_dag to None, run_after=None
[2023-09-27T09:22:35.506+0000] {processor.py:179} INFO - Processing /workspaces/hands-on-introduction-data-engineering-4395021/airflow/dags/challenge_etl_task.py took 0.382 seconds
[2023-09-27T09:23:05.714+0000] {processor.py:157} INFO - Started process (PID=38409) to work on /workspaces/hands-on-introduction-data-engineering-4395021/airflow/dags/challenge_etl_task.py
[2023-09-27T09:23:05.715+0000] {processor.py:829} INFO - Processing file /workspaces/hands-on-introduction-data-engineering-4395021/airflow/dags/challenge_etl_task.py for tasks to queue
[2023-09-27T09:23:05.715+0000] {logging_mixin.py:151} INFO - [2023-09-27T09:23:05.715+0000] {dagbag.py:539} INFO - Filling up the DagBag from /workspaces/hands-on-introduction-data-engineering-4395021/airflow/dags/challenge_etl_task.py
[2023-09-27T09:23:06.053+0000] {processor.py:839} INFO - DAG(s) dict_keys(['Challenge_ETL_dag']) retrieved from /workspaces/hands-on-introduction-data-engineering-4395021/airflow/dags/challenge_etl_task.py
[2023-09-27T09:23:06.065+0000] {logging_mixin.py:151} INFO - [2023-09-27T09:23:06.065+0000] {dag.py:2915} INFO - Sync 1 DAGs
[2023-09-27T09:23:06.072+0000] {logging_mixin.py:151} INFO - [2023-09-27T09:23:06.071+0000] {dag.py:3696} INFO - Setting next_dagrun for Challenge_ETL_dag to None, run_after=None
[2023-09-27T09:23:06.107+0000] {processor.py:179} INFO - Processing /workspaces/hands-on-introduction-data-engineering-4395021/airflow/dags/challenge_etl_task.py took 0.395 seconds
[2023-09-27T09:23:36.305+0000] {processor.py:157} INFO - Started process (PID=38648) to work on /workspaces/hands-on-introduction-data-engineering-4395021/airflow/dags/challenge_etl_task.py
[2023-09-27T09:23:36.305+0000] {processor.py:829} INFO - Processing file /workspaces/hands-on-introduction-data-engineering-4395021/airflow/dags/challenge_etl_task.py for tasks to queue
[2023-09-27T09:23:36.306+0000] {logging_mixin.py:151} INFO - [2023-09-27T09:23:36.306+0000] {dagbag.py:539} INFO - Filling up the DagBag from /workspaces/hands-on-introduction-data-engineering-4395021/airflow/dags/challenge_etl_task.py
[2023-09-27T09:23:36.635+0000] {processor.py:839} INFO - DAG(s) dict_keys(['Challenge_ETL_dag']) retrieved from /workspaces/hands-on-introduction-data-engineering-4395021/airflow/dags/challenge_etl_task.py
[2023-09-27T09:23:36.646+0000] {logging_mixin.py:151} INFO - [2023-09-27T09:23:36.646+0000] {dag.py:2915} INFO - Sync 1 DAGs
[2023-09-27T09:23:36.653+0000] {logging_mixin.py:151} INFO - [2023-09-27T09:23:36.653+0000] {dag.py:3696} INFO - Setting next_dagrun for Challenge_ETL_dag to None, run_after=None
[2023-09-27T09:23:36.691+0000] {processor.py:179} INFO - Processing /workspaces/hands-on-introduction-data-engineering-4395021/airflow/dags/challenge_etl_task.py took 0.388 seconds
[2023-09-27T09:24:06.892+0000] {processor.py:157} INFO - Started process (PID=38980) to work on /workspaces/hands-on-introduction-data-engineering-4395021/airflow/dags/challenge_etl_task.py
[2023-09-27T09:24:06.892+0000] {processor.py:829} INFO - Processing file /workspaces/hands-on-introduction-data-engineering-4395021/airflow/dags/challenge_etl_task.py for tasks to queue
[2023-09-27T09:24:06.893+0000] {logging_mixin.py:151} INFO - [2023-09-27T09:24:06.893+0000] {dagbag.py:539} INFO - Filling up the DagBag from /workspaces/hands-on-introduction-data-engineering-4395021/airflow/dags/challenge_etl_task.py
[2023-09-27T09:24:07.233+0000] {processor.py:839} INFO - DAG(s) dict_keys(['Challenge_ETL_dag']) retrieved from /workspaces/hands-on-introduction-data-engineering-4395021/airflow/dags/challenge_etl_task.py
[2023-09-27T09:24:07.250+0000] {logging_mixin.py:151} INFO - [2023-09-27T09:24:07.250+0000] {dag.py:2915} INFO - Sync 1 DAGs
[2023-09-27T09:24:07.257+0000] {logging_mixin.py:151} INFO - [2023-09-27T09:24:07.257+0000] {dag.py:3696} INFO - Setting next_dagrun for Challenge_ETL_dag to None, run_after=None
[2023-09-27T09:24:07.297+0000] {processor.py:179} INFO - Processing /workspaces/hands-on-introduction-data-engineering-4395021/airflow/dags/challenge_etl_task.py took 0.407 seconds
[2023-09-27T09:24:37.580+0000] {processor.py:157} INFO - Started process (PID=39244) to work on /workspaces/hands-on-introduction-data-engineering-4395021/airflow/dags/challenge_etl_task.py
[2023-09-27T09:24:37.581+0000] {processor.py:829} INFO - Processing file /workspaces/hands-on-introduction-data-engineering-4395021/airflow/dags/challenge_etl_task.py for tasks to queue
[2023-09-27T09:24:37.582+0000] {logging_mixin.py:151} INFO - [2023-09-27T09:24:37.581+0000] {dagbag.py:539} INFO - Filling up the DagBag from /workspaces/hands-on-introduction-data-engineering-4395021/airflow/dags/challenge_etl_task.py
[2023-09-27T09:24:37.929+0000] {processor.py:839} INFO - DAG(s) dict_keys(['Challenge_ETL_dag']) retrieved from /workspaces/hands-on-introduction-data-engineering-4395021/airflow/dags/challenge_etl_task.py
[2023-09-27T09:24:37.941+0000] {logging_mixin.py:151} INFO - [2023-09-27T09:24:37.941+0000] {dag.py:2915} INFO - Sync 1 DAGs
[2023-09-27T09:24:37.949+0000] {logging_mixin.py:151} INFO - [2023-09-27T09:24:37.949+0000] {dag.py:3696} INFO - Setting next_dagrun for Challenge_ETL_dag to None, run_after=None
[2023-09-27T09:24:37.989+0000] {processor.py:179} INFO - Processing /workspaces/hands-on-introduction-data-engineering-4395021/airflow/dags/challenge_etl_task.py took 0.411 seconds
[2023-09-27T09:25:08.163+0000] {processor.py:157} INFO - Started process (PID=39558) to work on /workspaces/hands-on-introduction-data-engineering-4395021/airflow/dags/challenge_etl_task.py
[2023-09-27T09:25:08.164+0000] {processor.py:829} INFO - Processing file /workspaces/hands-on-introduction-data-engineering-4395021/airflow/dags/challenge_etl_task.py for tasks to queue
[2023-09-27T09:25:08.164+0000] {logging_mixin.py:151} INFO - [2023-09-27T09:25:08.164+0000] {dagbag.py:539} INFO - Filling up the DagBag from /workspaces/hands-on-introduction-data-engineering-4395021/airflow/dags/challenge_etl_task.py
[2023-09-27T09:25:08.485+0000] {processor.py:839} INFO - DAG(s) dict_keys(['Challenge_ETL_dag']) retrieved from /workspaces/hands-on-introduction-data-engineering-4395021/airflow/dags/challenge_etl_task.py
[2023-09-27T09:25:08.496+0000] {logging_mixin.py:151} INFO - [2023-09-27T09:25:08.496+0000] {dag.py:2915} INFO - Sync 1 DAGs
[2023-09-27T09:25:08.504+0000] {logging_mixin.py:151} INFO - [2023-09-27T09:25:08.504+0000] {dag.py:3696} INFO - Setting next_dagrun for Challenge_ETL_dag to None, run_after=None
[2023-09-27T09:25:08.541+0000] {processor.py:179} INFO - Processing /workspaces/hands-on-introduction-data-engineering-4395021/airflow/dags/challenge_etl_task.py took 0.379 seconds
[2023-09-27T09:25:38.755+0000] {processor.py:157} INFO - Started process (PID=39809) to work on /workspaces/hands-on-introduction-data-engineering-4395021/airflow/dags/challenge_etl_task.py
[2023-09-27T09:25:38.755+0000] {processor.py:829} INFO - Processing file /workspaces/hands-on-introduction-data-engineering-4395021/airflow/dags/challenge_etl_task.py for tasks to queue
[2023-09-27T09:25:38.756+0000] {logging_mixin.py:151} INFO - [2023-09-27T09:25:38.756+0000] {dagbag.py:539} INFO - Filling up the DagBag from /workspaces/hands-on-introduction-data-engineering-4395021/airflow/dags/challenge_etl_task.py
[2023-09-27T09:25:39.090+0000] {processor.py:839} INFO - DAG(s) dict_keys(['Challenge_ETL_dag']) retrieved from /workspaces/hands-on-introduction-data-engineering-4395021/airflow/dags/challenge_etl_task.py
[2023-09-27T09:25:39.102+0000] {logging_mixin.py:151} INFO - [2023-09-27T09:25:39.102+0000] {dag.py:2915} INFO - Sync 1 DAGs
[2023-09-27T09:25:39.110+0000] {logging_mixin.py:151} INFO - [2023-09-27T09:25:39.110+0000] {dag.py:3696} INFO - Setting next_dagrun for Challenge_ETL_dag to None, run_after=None
[2023-09-27T09:25:39.154+0000] {processor.py:179} INFO - Processing /workspaces/hands-on-introduction-data-engineering-4395021/airflow/dags/challenge_etl_task.py took 0.401 seconds
[2023-09-27T09:26:09.445+0000] {processor.py:157} INFO - Started process (PID=40003) to work on /workspaces/hands-on-introduction-data-engineering-4395021/airflow/dags/challenge_etl_task.py
[2023-09-27T09:26:09.446+0000] {processor.py:829} INFO - Processing file /workspaces/hands-on-introduction-data-engineering-4395021/airflow/dags/challenge_etl_task.py for tasks to queue
[2023-09-27T09:26:09.446+0000] {logging_mixin.py:151} INFO - [2023-09-27T09:26:09.446+0000] {dagbag.py:539} INFO - Filling up the DagBag from /workspaces/hands-on-introduction-data-engineering-4395021/airflow/dags/challenge_etl_task.py
[2023-09-27T09:26:09.769+0000] {processor.py:839} INFO - DAG(s) dict_keys(['Challenge_ETL_dag']) retrieved from /workspaces/hands-on-introduction-data-engineering-4395021/airflow/dags/challenge_etl_task.py
[2023-09-27T09:26:09.781+0000] {logging_mixin.py:151} INFO - [2023-09-27T09:26:09.781+0000] {dag.py:2915} INFO - Sync 1 DAGs
[2023-09-27T09:26:09.789+0000] {logging_mixin.py:151} INFO - [2023-09-27T09:26:09.789+0000] {dag.py:3696} INFO - Setting next_dagrun for Challenge_ETL_dag to None, run_after=None
[2023-09-27T09:26:09.826+0000] {processor.py:179} INFO - Processing /workspaces/hands-on-introduction-data-engineering-4395021/airflow/dags/challenge_etl_task.py took 0.383 seconds
[2023-09-27T09:26:40.037+0000] {processor.py:157} INFO - Started process (PID=40194) to work on /workspaces/hands-on-introduction-data-engineering-4395021/airflow/dags/challenge_etl_task.py
[2023-09-27T09:26:40.038+0000] {processor.py:829} INFO - Processing file /workspaces/hands-on-introduction-data-engineering-4395021/airflow/dags/challenge_etl_task.py for tasks to queue
[2023-09-27T09:26:40.039+0000] {logging_mixin.py:151} INFO - [2023-09-27T09:26:40.039+0000] {dagbag.py:539} INFO - Filling up the DagBag from /workspaces/hands-on-introduction-data-engineering-4395021/airflow/dags/challenge_etl_task.py
[2023-09-27T09:26:40.305+0000] {processor.py:839} INFO - DAG(s) dict_keys(['Challenge_ETL_dag']) retrieved from /workspaces/hands-on-introduction-data-engineering-4395021/airflow/dags/challenge_etl_task.py
[2023-09-27T09:26:40.476+0000] {logging_mixin.py:151} INFO - [2023-09-27T09:26:40.476+0000] {dag.py:2915} INFO - Sync 1 DAGs
[2023-09-27T09:26:40.484+0000] {logging_mixin.py:151} INFO - [2023-09-27T09:26:40.483+0000] {dag.py:3696} INFO - Setting next_dagrun for Challenge_ETL_dag to None, run_after=None
[2023-09-27T09:26:40.523+0000] {processor.py:179} INFO - Processing /workspaces/hands-on-introduction-data-engineering-4395021/airflow/dags/challenge_etl_task.py took 0.488 seconds
[2023-09-27T09:27:10.606+0000] {processor.py:157} INFO - Started process (PID=40440) to work on /workspaces/hands-on-introduction-data-engineering-4395021/airflow/dags/challenge_etl_task.py
[2023-09-27T09:27:10.607+0000] {processor.py:829} INFO - Processing file /workspaces/hands-on-introduction-data-engineering-4395021/airflow/dags/challenge_etl_task.py for tasks to queue
[2023-09-27T09:27:10.608+0000] {logging_mixin.py:151} INFO - [2023-09-27T09:27:10.607+0000] {dagbag.py:539} INFO - Filling up the DagBag from /workspaces/hands-on-introduction-data-engineering-4395021/airflow/dags/challenge_etl_task.py
[2023-09-27T09:27:10.954+0000] {processor.py:839} INFO - DAG(s) dict_keys(['Challenge_ETL_dag']) retrieved from /workspaces/hands-on-introduction-data-engineering-4395021/airflow/dags/challenge_etl_task.py
[2023-09-27T09:27:10.966+0000] {logging_mixin.py:151} INFO - [2023-09-27T09:27:10.966+0000] {dag.py:2915} INFO - Sync 1 DAGs
[2023-09-27T09:27:10.974+0000] {logging_mixin.py:151} INFO - [2023-09-27T09:27:10.973+0000] {dag.py:3696} INFO - Setting next_dagrun for Challenge_ETL_dag to None, run_after=None
[2023-09-27T09:27:11.010+0000] {processor.py:179} INFO - Processing /workspaces/hands-on-introduction-data-engineering-4395021/airflow/dags/challenge_etl_task.py took 0.406 seconds
[2023-09-27T09:27:41.145+0000] {processor.py:157} INFO - Started process (PID=40711) to work on /workspaces/hands-on-introduction-data-engineering-4395021/airflow/dags/challenge_etl_task.py
[2023-09-27T09:27:41.145+0000] {processor.py:829} INFO - Processing file /workspaces/hands-on-introduction-data-engineering-4395021/airflow/dags/challenge_etl_task.py for tasks to queue
[2023-09-27T09:27:41.146+0000] {logging_mixin.py:151} INFO - [2023-09-27T09:27:41.146+0000] {dagbag.py:539} INFO - Filling up the DagBag from /workspaces/hands-on-introduction-data-engineering-4395021/airflow/dags/challenge_etl_task.py
[2023-09-27T09:27:41.480+0000] {processor.py:839} INFO - DAG(s) dict_keys(['Challenge_ETL_dag']) retrieved from /workspaces/hands-on-introduction-data-engineering-4395021/airflow/dags/challenge_etl_task.py
[2023-09-27T09:27:41.493+0000] {logging_mixin.py:151} INFO - [2023-09-27T09:27:41.493+0000] {dag.py:2915} INFO - Sync 1 DAGs
[2023-09-27T09:27:41.500+0000] {logging_mixin.py:151} INFO - [2023-09-27T09:27:41.500+0000] {dag.py:3696} INFO - Setting next_dagrun for Challenge_ETL_dag to None, run_after=None
[2023-09-27T09:27:41.541+0000] {processor.py:179} INFO - Processing /workspaces/hands-on-introduction-data-engineering-4395021/airflow/dags/challenge_etl_task.py took 0.397 seconds
[2023-09-27T09:27:49.957+0000] {processor.py:157} INFO - Started process (PID=40773) to work on /workspaces/hands-on-introduction-data-engineering-4395021/airflow/dags/challenge_etl_task.py
[2023-09-27T09:27:49.958+0000] {processor.py:829} INFO - Processing file /workspaces/hands-on-introduction-data-engineering-4395021/airflow/dags/challenge_etl_task.py for tasks to queue
[2023-09-27T09:27:49.959+0000] {logging_mixin.py:151} INFO - [2023-09-27T09:27:49.958+0000] {dagbag.py:539} INFO - Filling up the DagBag from /workspaces/hands-on-introduction-data-engineering-4395021/airflow/dags/challenge_etl_task.py
[2023-09-27T09:27:50.473+0000] {processor.py:839} INFO - DAG(s) dict_keys(['Challenge_ETL_dag']) retrieved from /workspaces/hands-on-introduction-data-engineering-4395021/airflow/dags/challenge_etl_task.py
[2023-09-27T09:27:50.490+0000] {logging_mixin.py:151} INFO - [2023-09-27T09:27:50.490+0000] {dag.py:2915} INFO - Sync 1 DAGs
[2023-09-27T09:27:50.502+0000] {logging_mixin.py:151} INFO - [2023-09-27T09:27:50.502+0000] {dag.py:3696} INFO - Setting next_dagrun for Challenge_ETL_dag to None, run_after=None
[2023-09-27T09:27:50.552+0000] {processor.py:179} INFO - Processing /workspaces/hands-on-introduction-data-engineering-4395021/airflow/dags/challenge_etl_task.py took 0.597 seconds
[2023-09-27T09:28:22.047+0000] {processor.py:157} INFO - Started process (PID=41141) to work on /workspaces/hands-on-introduction-data-engineering-4395021/airflow/dags/challenge_etl_task.py
[2023-09-27T09:28:22.048+0000] {processor.py:829} INFO - Processing file /workspaces/hands-on-introduction-data-engineering-4395021/airflow/dags/challenge_etl_task.py for tasks to queue
[2023-09-27T09:28:22.048+0000] {logging_mixin.py:151} INFO - [2023-09-27T09:28:22.048+0000] {dagbag.py:539} INFO - Filling up the DagBag from /workspaces/hands-on-introduction-data-engineering-4395021/airflow/dags/challenge_etl_task.py
[2023-09-27T09:28:22.418+0000] {processor.py:839} INFO - DAG(s) dict_keys(['Challenge_ETL_dag']) retrieved from /workspaces/hands-on-introduction-data-engineering-4395021/airflow/dags/challenge_etl_task.py
[2023-09-27T09:28:22.431+0000] {logging_mixin.py:151} INFO - [2023-09-27T09:28:22.431+0000] {dag.py:2915} INFO - Sync 1 DAGs
[2023-09-27T09:28:22.438+0000] {logging_mixin.py:151} INFO - [2023-09-27T09:28:22.438+0000] {dag.py:3696} INFO - Setting next_dagrun for Challenge_ETL_dag to None, run_after=None
[2023-09-27T09:28:22.476+0000] {processor.py:179} INFO - Processing /workspaces/hands-on-introduction-data-engineering-4395021/airflow/dags/challenge_etl_task.py took 0.430 seconds
[2023-09-27T09:28:52.778+0000] {processor.py:157} INFO - Started process (PID=41590) to work on /workspaces/hands-on-introduction-data-engineering-4395021/airflow/dags/challenge_etl_task.py
[2023-09-27T09:28:52.779+0000] {processor.py:829} INFO - Processing file /workspaces/hands-on-introduction-data-engineering-4395021/airflow/dags/challenge_etl_task.py for tasks to queue
[2023-09-27T09:28:52.779+0000] {logging_mixin.py:151} INFO - [2023-09-27T09:28:52.779+0000] {dagbag.py:539} INFO - Filling up the DagBag from /workspaces/hands-on-introduction-data-engineering-4395021/airflow/dags/challenge_etl_task.py
[2023-09-27T09:28:53.207+0000] {processor.py:839} INFO - DAG(s) dict_keys(['Challenge_ETL_dag']) retrieved from /workspaces/hands-on-introduction-data-engineering-4395021/airflow/dags/challenge_etl_task.py
[2023-09-27T09:28:53.224+0000] {logging_mixin.py:151} INFO - [2023-09-27T09:28:53.223+0000] {dag.py:2915} INFO - Sync 1 DAGs
[2023-09-27T09:28:53.234+0000] {logging_mixin.py:151} INFO - [2023-09-27T09:28:53.234+0000] {dag.py:3696} INFO - Setting next_dagrun for Challenge_ETL_dag to None, run_after=None
[2023-09-27T09:28:53.384+0000] {processor.py:179} INFO - Processing /workspaces/hands-on-introduction-data-engineering-4395021/airflow/dags/challenge_etl_task.py took 0.608 seconds
[2023-09-27T09:29:23.738+0000] {processor.py:157} INFO - Started process (PID=41869) to work on /workspaces/hands-on-introduction-data-engineering-4395021/airflow/dags/challenge_etl_task.py
[2023-09-27T09:29:23.739+0000] {processor.py:829} INFO - Processing file /workspaces/hands-on-introduction-data-engineering-4395021/airflow/dags/challenge_etl_task.py for tasks to queue
[2023-09-27T09:29:23.739+0000] {logging_mixin.py:151} INFO - [2023-09-27T09:29:23.739+0000] {dagbag.py:539} INFO - Filling up the DagBag from /workspaces/hands-on-introduction-data-engineering-4395021/airflow/dags/challenge_etl_task.py
[2023-09-27T09:29:24.066+0000] {processor.py:839} INFO - DAG(s) dict_keys(['Challenge_ETL_dag']) retrieved from /workspaces/hands-on-introduction-data-engineering-4395021/airflow/dags/challenge_etl_task.py
[2023-09-27T09:29:24.080+0000] {logging_mixin.py:151} INFO - [2023-09-27T09:29:24.080+0000] {dag.py:2915} INFO - Sync 1 DAGs
[2023-09-27T09:29:24.089+0000] {logging_mixin.py:151} INFO - [2023-09-27T09:29:24.088+0000] {dag.py:3696} INFO - Setting next_dagrun for Challenge_ETL_dag to None, run_after=None
[2023-09-27T09:29:24.131+0000] {processor.py:179} INFO - Processing /workspaces/hands-on-introduction-data-engineering-4395021/airflow/dags/challenge_etl_task.py took 0.394 seconds
[2023-09-27T09:29:54.694+0000] {processor.py:157} INFO - Started process (PID=42065) to work on /workspaces/hands-on-introduction-data-engineering-4395021/airflow/dags/challenge_etl_task.py
[2023-09-27T09:29:54.695+0000] {processor.py:829} INFO - Processing file /workspaces/hands-on-introduction-data-engineering-4395021/airflow/dags/challenge_etl_task.py for tasks to queue
[2023-09-27T09:29:54.696+0000] {logging_mixin.py:151} INFO - [2023-09-27T09:29:54.695+0000] {dagbag.py:539} INFO - Filling up the DagBag from /workspaces/hands-on-introduction-data-engineering-4395021/airflow/dags/challenge_etl_task.py
[2023-09-27T09:29:55.017+0000] {processor.py:839} INFO - DAG(s) dict_keys(['Challenge_ETL_dag']) retrieved from /workspaces/hands-on-introduction-data-engineering-4395021/airflow/dags/challenge_etl_task.py
[2023-09-27T09:29:55.029+0000] {logging_mixin.py:151} INFO - [2023-09-27T09:29:55.028+0000] {dag.py:2915} INFO - Sync 1 DAGs
[2023-09-27T09:29:55.036+0000] {logging_mixin.py:151} INFO - [2023-09-27T09:29:55.036+0000] {dag.py:3696} INFO - Setting next_dagrun for Challenge_ETL_dag to None, run_after=None
[2023-09-27T09:29:55.073+0000] {processor.py:179} INFO - Processing /workspaces/hands-on-introduction-data-engineering-4395021/airflow/dags/challenge_etl_task.py took 0.380 seconds
